#
# There is insufficient memory for the Java Runtime Environment to continue.
# Native memory allocation (malloc) failed to allocate 32744 bytes. Error detail: Chunk::new
# Possible reasons:
#   The system is out of physical RAM or swap space
#   This process is running with CompressedOops enabled, and the Java Heap may be blocking the growth of the native heap
# Possible solutions:
#   Reduce memory load on the system
#   Increase physical memory or swap space
#   Check if swap backing store is full
#   Decrease Java heap size (-Xmx/-Xms)
#   Decrease number of Java threads
#   Decrease Java thread stack sizes (-Xss)
#   Set larger code cache with -XX:ReservedCodeCacheSize=
#   JVM is running with Unscaled Compressed Oops mode in which the Java heap is
#     placed in the first 4GB address space. The Java Heap base address is the
#     maximum limit for the native heap growth. Please use -XX:HeapBaseMinAddress
#     to set the Java Heap base and to place the Java Heap above 4GB virtual address.
# This output file may be truncated or incomplete.
#
#  Out of Memory Error (arena.cpp:168), pid=22752, tid=15156
#
# JRE version: OpenJDK Runtime Environment JBR-21.0.5+8-631.28-jcef (21.0.5+8) (build 21.0.5+8-b631.28)
# Java VM: OpenJDK 64-Bit Server VM JBR-21.0.5+8-631.28-jcef (21.0.5+8-b631.28, mixed mode, sharing, tiered, compressed oops, compressed class ptrs, g1 gc, windows-amd64)
# No core dump will be written. Minidumps are not enabled by default on client versions of Windows
#

---------------  S U M M A R Y ------------

Command Line: -Djava.rmi.server.hostname=127.0.0.1 -Duser.timezone=UTC -Xmx2048m -Xms256m -Djdbc.classpath=C:\Users\k\AppData\Local\Temp\RemoteDriver.classpath.txt --add-exports=java.desktop/sun.awt=ALL-UNNAMED --add-exports=java.desktop/java.awt.peer=ALL-UNNAMED --add-opens=java.desktop/java.awt=ALL-UNNAMED --add-opens=jdk.unsupported/sun.misc=ALL-UNNAMED --add-opens=java.base/java.nio=ALL-UNNAMED --add-opens=java.base/java.util=ALL-UNNAMED -Dfile.encoding=UTF-8 -Dsun.stdout.encoding=UTF-8 -Dsun.stderr.encoding=UTF-8 com.intellij.database.remote.RemoteJdbcServer org.postgresql.Driver

Host: AMD Ryzen 5 5500U with Radeon Graphics         , 12 cores, 13G,  Windows 10 , 64 bit Build 19041 (10.0.19041.1566)
Time: Fri Apr 11 15:02:45 2025 RTZ 2 (s 10 , 64 bit Build 19041 (10.0.19041.1566) elapsed time: 4.176758 seconds (0d 0h 0m 4s)

---------------  T H R E A D  ---------------

Current thread (0x00000253ddd1e450):  JavaThread "C2 CompilerThread1" daemon [_thread_in_native, id=15156, stack(0x000000d06d800000,0x000000d06d900000) (1024K)]


Current CompileTask:
C2:4176 2701       4       java.io.ObjectInputStream::readClassDesc (121 bytes)

Stack: [0x000000d06d800000,0x000000d06d900000]
Native frames: (J=compiled Java code, j=interpreted, Vv=VM code, C=native code)
V  [jvm.dll+0x6e52b9]
V  [jvm.dll+0x8c3633]
V  [jvm.dll+0x8c5b8e]
V  [jvm.dll+0x8c6273]
V  [jvm.dll+0x288f46]
V  [jvm.dll+0xc66dd]
V  [jvm.dll+0xc6c13]
V  [jvm.dll+0x6bea20]
V  [jvm.dll+0x6be844]
V  [jvm.dll+0x1372f6]
V  [jvm.dll+0x3a85a8]
V  [jvm.dll+0x1d1291]
V  [jvm.dll+0x2fdd54]
V  [jvm.dll+0x6ff746]
V  [jvm.dll+0x6f799b]
V  [jvm.dll+0x6f6e42]
V  [jvm.dll+0x6f500a]
V  [jvm.dll+0x1d087c]
V  [jvm.dll+0x1d142a]
V  [jvm.dll+0x2fdd54]
V  [jvm.dll+0x6ff746]
V  [jvm.dll+0x6f799b]
V  [jvm.dll+0x6f6e42]
V  [jvm.dll+0x6f500a]
V  [jvm.dll+0x1d087c]
V  [jvm.dll+0x1d142a]
V  [jvm.dll+0x2fdd54]
V  [jvm.dll+0x6ff746]
V  [jvm.dll+0x6f799b]
V  [jvm.dll+0x6f6e42]
V  [jvm.dll+0x6f500a]
V  [jvm.dll+0x1d087c]
V  [jvm.dll+0x1d142a]
V  [jvm.dll+0x2fdd54]
V  [jvm.dll+0x6ff746]
V  [jvm.dll+0x6f799b]
V  [jvm.dll+0x6f6e42]
V  [jvm.dll+0x6f500a]
V  [jvm.dll+0x1d087c]
V  [jvm.dll+0x1d142a]
V  [jvm.dll+0x1d142a]
V  [jvm.dll+0x2fdd54]
V  [jvm.dll+0x6ff746]
V  [jvm.dll+0x6f799b]
V  [jvm.dll+0x6f6e42]
V  [jvm.dll+0x6f500a]
V  [jvm.dll+0x1d087c]
V  [jvm.dll+0x1d142a]
V  [jvm.dll+0x2fdd54]
V  [jvm.dll+0x6ff746]
V  [jvm.dll+0x6f799b]
V  [jvm.dll+0x6f6e42]
V  [jvm.dll+0x6f500a]
V  [jvm.dll+0x1d087c]
V  [jvm.dll+0x1d142a]
V  [jvm.dll+0x2fdd54]
V  [jvm.dll+0x6ff746]
V  [jvm.dll+0x6f799b]
V  [jvm.dll+0x6f6e42]
V  [jvm.dll+0x6f500a]
V  [jvm.dll+0x1d087c]
V  [jvm.dll+0x1d142a]
V  [jvm.dll+0x2fdd54]
V  [jvm.dll+0x6ff746]
V  [jvm.dll+0x6f799b]
V  [jvm.dll+0x6f6e42]
V  [jvm.dll+0x6f500a]
V  [jvm.dll+0x1d087c]
V  [jvm.dll+0x24f90d]
V  [jvm.dll+0x1cd6a4]
V  [jvm.dll+0x25f5dc]
V  [jvm.dll+0x25db26]
V  [jvm.dll+0x3ff5e6]
V  [jvm.dll+0x86b248]
V  [jvm.dll+0x6e3abd]
C  [ucrtbase.dll+0x21bb2]
C  [KERNEL32.DLL+0x17034]
C  [ntdll.dll+0x52651]


---------------  P R O C E S S  ---------------

Threads class SMR info:
_java_thread_list=0x00000253d8d1e060, length=24, elements={
0x00000253fb064480, 0x00000253d8020c60, 0x00000253d80218b0, 0x00000253d8025250,
0x00000253d80266c0, 0x00000253d8028340, 0x00000253d802c580, 0x00000253d8030980,
0x00000253d80354c0, 0x00000253d802b860, 0x00000253d802cc10, 0x00000253d8029790,
0x00000253d8029e20, 0x00000253d802ab40, 0x00000253d802bef0, 0x00000253d802a4b0,
0x00000253d802b1d0, 0x00000253d8794fd0, 0x00000253d87921e0, 0x00000253d87942b0,
0x00000253d87907a0, 0x00000253d8791b50, 0x00000253d8795cf0, 0x00000253ddd1e450
}

Java Threads: ( => current thread )
  0x00000253fb064480 JavaThread "main"                              [_thread_blocked, id=24060, stack(0x000000d06b000000,0x000000d06b100000) (1024K)]
  0x00000253d8020c60 JavaThread "Reference Handler"          daemon [_thread_blocked, id=11848, stack(0x000000d06b800000,0x000000d06b900000) (1024K)]
  0x00000253d80218b0 JavaThread "Finalizer"                  daemon [_thread_blocked, id=15124, stack(0x000000d06b900000,0x000000d06ba00000) (1024K)]
  0x00000253d8025250 JavaThread "Signal Dispatcher"          daemon [_thread_blocked, id=10520, stack(0x000000d06ba00000,0x000000d06bb00000) (1024K)]
  0x00000253d80266c0 JavaThread "Attach Listener"            daemon [_thread_blocked, id=22544, stack(0x000000d06bb00000,0x000000d06bc00000) (1024K)]
  0x00000253d8028340 JavaThread "Service Thread"             daemon [_thread_blocked, id=25360, stack(0x000000d06bc00000,0x000000d06bd00000) (1024K)]
  0x00000253d802c580 JavaThread "Monitor Deflation Thread"   daemon [_thread_blocked, id=9208, stack(0x000000d06bd00000,0x000000d06be00000) (1024K)]
  0x00000253d8030980 JavaThread "C2 CompilerThread0"         daemon [_thread_in_native, id=20652, stack(0x000000d06be00000,0x000000d06bf00000) (1024K)]
  0x00000253d80354c0 JavaThread "C1 CompilerThread0"         daemon [_thread_blocked, id=23144, stack(0x000000d06bf00000,0x000000d06c000000) (1024K)]
  0x00000253d802b860 JavaThread "Common-Cleaner"             daemon [_thread_blocked, id=16908, stack(0x000000d06c000000,0x000000d06c100000) (1024K)]
  0x00000253d802cc10 JavaThread "Notification Thread"        daemon [_thread_blocked, id=19252, stack(0x000000d06c100000,0x000000d06c200000) (1024K)]
  0x00000253d8029790 JavaThread "RMI TCP Accept-52389"       daemon [_thread_in_native, id=18052, stack(0x000000d06c300000,0x000000d06c400000) (1024K)]
  0x00000253d8029e20 JavaThread "RMI TCP Accept-0"           daemon [_thread_in_native, id=15420, stack(0x000000d06c400000,0x000000d06c500000) (1024K)]
  0x00000253d802ab40 JavaThread "RMI Reaper"                        [_thread_blocked, id=25468, stack(0x000000d06c500000,0x000000d06c600000) (1024K)]
  0x00000253d802bef0 JavaThread "RMI GC Daemon"              daemon [_thread_blocked, id=5284, stack(0x000000d06c600000,0x000000d06c700000) (1024K)]
  0x00000253d802a4b0 JavaThread "RMI TCP Connection(1)-127.0.0.1" daemon [_thread_in_native, id=5552, stack(0x000000d06c700000,0x000000d06c800000) (1024K)]
  0x00000253d802b1d0 JavaThread "RMI TCP Connection(2)-127.0.0.1" daemon [_thread_in_native, id=9096, stack(0x000000d06c800000,0x000000d06c900000) (1024K)]
  0x00000253d8794fd0 JavaThread "RMI Scheduler(0)"           daemon [_thread_blocked, id=24660, stack(0x000000d06c900000,0x000000d06ca00000) (1024K)]
  0x00000253d87921e0 JavaThread "RMI TCP Connection(3)-127.0.0.1" daemon [_thread_in_native, id=18936, stack(0x000000d06ca00000,0x000000d06cb00000) (1024K)]
  0x00000253d87942b0 JavaThread "RMI TCP Connection(4)-127.0.0.1" daemon [_thread_in_native, id=2112, stack(0x000000d06cb00000,0x000000d06cc00000) (1024K)]
  0x00000253d87907a0 JavaThread "RMI RenewClean-[127.0.0.1:54961]" daemon [_thread_blocked, id=8316, stack(0x000000d06cc00000,0x000000d06cd00000) (1024K)]
  0x00000253d8791b50 JavaThread "PostgreSQL-JDBC-Cleaner"    daemon [_thread_blocked, id=8088, stack(0x000000d06d700000,0x000000d06d800000) (1024K)]
  0x00000253d8795cf0 JavaThread "RMI TCP Connection(5)-127.0.0.1" daemon [_thread_in_native, id=11620, stack(0x000000d06c200000,0x000000d06c300000) (1024K)]
=>0x00000253ddd1e450 JavaThread "C2 CompilerThread1"         daemon [_thread_in_native, id=15156, stack(0x000000d06d800000,0x000000d06d900000) (1024K)]
Total: 24

Other Threads:
  0x00000253d8005800 VMThread "VM Thread"                           [id=20424, stack(0x000000d06b700000,0x000000d06b800000) (1024K)]
  0x00000253fed90450 WatcherThread "VM Periodic Task Thread"        [id=23440, stack(0x000000d06b600000,0x000000d06b700000) (1024K)]
  0x00000253fd312750 WorkerThread "GC Thread#0"                     [id=1952, stack(0x000000d06b100000,0x000000d06b200000) (1024K)]
  0x00000253d8a776d0 WorkerThread "GC Thread#1"                     [id=25772, stack(0x000000d06cd00000,0x000000d06ce00000) (1024K)]
  0x00000253d89cbf40 WorkerThread "GC Thread#2"                     [id=11356, stack(0x000000d06ce00000,0x000000d06cf00000) (1024K)]
  0x00000253d89cc2e0 WorkerThread "GC Thread#3"                     [id=21548, stack(0x000000d06cf00000,0x000000d06d000000) (1024K)]
  0x00000253d8a9d010 WorkerThread "GC Thread#4"                     [id=21000, stack(0x000000d06d000000,0x000000d06d100000) (1024K)]
  0x00000253d8a9d3b0 WorkerThread "GC Thread#5"                     [id=10348, stack(0x000000d06d100000,0x000000d06d200000) (1024K)]
  0x00000253d8a9d750 WorkerThread "GC Thread#6"                     [id=3460, stack(0x000000d06d200000,0x000000d06d300000) (1024K)]
  0x00000253d89c6d80 WorkerThread "GC Thread#7"                     [id=23340, stack(0x000000d06d300000,0x000000d06d400000) (1024K)]
  0x00000253d8ac4f70 WorkerThread "GC Thread#8"                     [id=14832, stack(0x000000d06d400000,0x000000d06d500000) (1024K)]
  0x00000253d8ac5b20 WorkerThread "GC Thread#9"                     [id=13140, stack(0x000000d06d500000,0x000000d06d600000) (1024K)]
  0x00000253fd3234e0 ConcurrentGCThread "G1 Main Marker"            [id=16920, stack(0x000000d06b200000,0x000000d06b300000) (1024K)]
  0x00000253fd323d90 WorkerThread "G1 Conc#0"                       [id=8608, stack(0x000000d06b300000,0x000000d06b400000) (1024K)]
  0x00000253fec60ec0 ConcurrentGCThread "G1 Refine#0"               [id=18940, stack(0x000000d06b400000,0x000000d06b500000) (1024K)]
  0x00000253fec616e0 ConcurrentGCThread "G1 Service"                [id=11604, stack(0x000000d06b500000,0x000000d06b600000) (1024K)]
Total: 16

Threads with active compile tasks:
C2 CompilerThread0  4217 2639       4       java.io.ObjectOutputStream::writeClassDesc (60 bytes)
C2 CompilerThread1  4217 2701       4       java.io.ObjectInputStream::readClassDesc (121 bytes)
Total: 2

VM state: not at safepoint (normal execution)

VM Mutex/Monitor currently owned by a thread: None

Heap address: 0x0000000080000000, size: 2048 MB, Compressed Oops mode: 32-bit

CDS archive(s) mapped at: [0x0000025397000000-0x0000025397d00000-0x0000025397d00000), size 13631488, SharedBaseAddress: 0x0000025397000000, ArchiveRelocationMode: 1.
Compressed class space mapped at: 0x0000025398000000-0x00000253d8000000, reserved size: 1073741824
Narrow klass base: 0x0000025397000000, Narrow klass shift: 0, Narrow klass range: 0x100000000

GC Precious Log:
 CardTable entry size: 512
 Card Set container configuration: InlinePtr #cards 5 size 8 Array Of Cards #cards 12 size 40 Howl #buckets 4 coarsen threshold 1843 Howl Bitmap #cards 512 size 80 coarsen threshold 460 Card regions per heap region 1 cards per card region 2048
 CPUs: 12 total, 12 available
 Memory: 14158M
 Large Page Support: Disabled
 NUMA Support: Disabled
 Compressed Oops: Enabled (32-bit)
 Heap Region Size: 1M
 Heap Min Capacity: 256M
 Heap Initial Capacity: 256M
 Heap Max Capacity: 2G
 Pre-touch: Disabled
 Parallel Workers: 10
 Concurrent Workers: 3
 Concurrent Refinement Workers: 10
 Periodic GC: Disabled

Heap:
 garbage-first heap   total 262144K, used 32652K [0x0000000080000000, 0x0000000100000000)
  region size 1024K, 24 young (24576K), 3 survivors (3072K)
 Metaspace       used 13136K, committed 13632K, reserved 1114112K
  class space    used 1501K, committed 1728K, reserved 1048576K

Heap Regions: E=young(eden), S=young(survivor), O=old, HS=humongous(starts), HC=humongous(continues), CS=collection set, F=free, TAMS=top-at-mark-start, PB=parsable bottom
|   0|0x0000000080000000, 0x0000000080100000, 0x0000000080100000|100%|HS|  |TAMS 0x0000000080000000| PB 0x0000000080000000| Complete 
|   1|0x0000000080100000, 0x0000000080200000, 0x0000000080200000|100%|HC|  |TAMS 0x0000000080100000| PB 0x0000000080100000| Complete 
|   2|0x0000000080200000, 0x0000000080300000, 0x0000000080300000|100%|HS|  |TAMS 0x0000000080200000| PB 0x0000000080200000| Complete 
|   3|0x0000000080300000, 0x0000000080400000, 0x0000000080400000|100%|HS|  |TAMS 0x0000000080300000| PB 0x0000000080300000| Complete 
|   4|0x0000000080400000, 0x0000000080500000, 0x0000000080500000|100%| O|  |TAMS 0x0000000080400000| PB 0x0000000080400000| Untracked 
|   5|0x0000000080500000, 0x0000000080600000, 0x0000000080600000|100%| O|  |TAMS 0x0000000080500000| PB 0x0000000080500000| Untracked 
|   6|0x0000000080600000, 0x0000000080700000, 0x0000000080700000|100%| O|  |TAMS 0x0000000080600000| PB 0x0000000080600000| Untracked 
|   7|0x0000000080700000, 0x0000000080800000, 0x0000000080800000|100%| O|  |TAMS 0x0000000080700000| PB 0x0000000080700000| Untracked 
|   8|0x0000000080800000, 0x0000000080900000, 0x0000000080900000|100%| O|  |TAMS 0x0000000080800000| PB 0x0000000080800000| Untracked 
|   9|0x0000000080900000, 0x0000000080920dc0, 0x0000000080a00000| 12%| O|  |TAMS 0x0000000080900000| PB 0x0000000080900000| Untracked 
|  10|0x0000000080a00000, 0x0000000080a00000, 0x0000000080b00000|  0%| F|  |TAMS 0x0000000080a00000| PB 0x0000000080a00000| Untracked 
|  11|0x0000000080b00000, 0x0000000080b00000, 0x0000000080c00000|  0%| F|  |TAMS 0x0000000080b00000| PB 0x0000000080b00000| Untracked 
|  12|0x0000000080c00000, 0x0000000080c00000, 0x0000000080d00000|  0%| F|  |TAMS 0x0000000080c00000| PB 0x0000000080c00000| Untracked 
|  13|0x0000000080d00000, 0x0000000080d00000, 0x0000000080e00000|  0%| F|  |TAMS 0x0000000080d00000| PB 0x0000000080d00000| Untracked 
|  14|0x0000000080e00000, 0x0000000080e00000, 0x0000000080f00000|  0%| F|  |TAMS 0x0000000080e00000| PB 0x0000000080e00000| Untracked 
|  15|0x0000000080f00000, 0x0000000080f00000, 0x0000000081000000|  0%| F|  |TAMS 0x0000000080f00000| PB 0x0000000080f00000| Untracked 
|  16|0x0000000081000000, 0x0000000081000000, 0x0000000081100000|  0%| F|  |TAMS 0x0000000081000000| PB 0x0000000081000000| Untracked 
|  17|0x0000000081100000, 0x0000000081100000, 0x0000000081200000|  0%| F|  |TAMS 0x0000000081100000| PB 0x0000000081100000| Untracked 
|  18|0x0000000081200000, 0x0000000081200000, 0x0000000081300000|  0%| F|  |TAMS 0x0000000081200000| PB 0x0000000081200000| Untracked 
|  19|0x0000000081300000, 0x0000000081300000, 0x0000000081400000|  0%| F|  |TAMS 0x0000000081300000| PB 0x0000000081300000| Untracked 
|  20|0x0000000081400000, 0x0000000081400000, 0x0000000081500000|  0%| F|  |TAMS 0x0000000081400000| PB 0x0000000081400000| Untracked 
|  21|0x0000000081500000, 0x0000000081500000, 0x0000000081600000|  0%| F|  |TAMS 0x0000000081500000| PB 0x0000000081500000| Untracked 
|  22|0x0000000081600000, 0x0000000081600000, 0x0000000081700000|  0%| F|  |TAMS 0x0000000081600000| PB 0x0000000081600000| Untracked 
|  23|0x0000000081700000, 0x0000000081700000, 0x0000000081800000|  0%| F|  |TAMS 0x0000000081700000| PB 0x0000000081700000| Untracked 
|  24|0x0000000081800000, 0x0000000081800000, 0x0000000081900000|  0%| F|  |TAMS 0x0000000081800000| PB 0x0000000081800000| Untracked 
|  25|0x0000000081900000, 0x0000000081900000, 0x0000000081a00000|  0%| F|  |TAMS 0x0000000081900000| PB 0x0000000081900000| Untracked 
|  26|0x0000000081a00000, 0x0000000081a00000, 0x0000000081b00000|  0%| F|  |TAMS 0x0000000081a00000| PB 0x0000000081a00000| Untracked 
|  27|0x0000000081b00000, 0x0000000081b00000, 0x0000000081c00000|  0%| F|  |TAMS 0x0000000081b00000| PB 0x0000000081b00000| Untracked 
|  28|0x0000000081c00000, 0x0000000081c00000, 0x0000000081d00000|  0%| F|  |TAMS 0x0000000081c00000| PB 0x0000000081c00000| Untracked 
|  29|0x0000000081d00000, 0x0000000081d00000, 0x0000000081e00000|  0%| F|  |TAMS 0x0000000081d00000| PB 0x0000000081d00000| Untracked 
|  30|0x0000000081e00000, 0x0000000081e00000, 0x0000000081f00000|  0%| F|  |TAMS 0x0000000081e00000| PB 0x0000000081e00000| Untracked 
|  31|0x0000000081f00000, 0x0000000081f00000, 0x0000000082000000|  0%| F|  |TAMS 0x0000000081f00000| PB 0x0000000081f00000| Untracked 
|  32|0x0000000082000000, 0x0000000082000000, 0x0000000082100000|  0%| F|  |TAMS 0x0000000082000000| PB 0x0000000082000000| Untracked 
|  33|0x0000000082100000, 0x0000000082100000, 0x0000000082200000|  0%| F|  |TAMS 0x0000000082100000| PB 0x0000000082100000| Untracked 
|  34|0x0000000082200000, 0x0000000082200000, 0x0000000082300000|  0%| F|  |TAMS 0x0000000082200000| PB 0x0000000082200000| Untracked 
|  35|0x0000000082300000, 0x0000000082300000, 0x0000000082400000|  0%| F|  |TAMS 0x0000000082300000| PB 0x0000000082300000| Untracked 
|  36|0x0000000082400000, 0x0000000082400000, 0x0000000082500000|  0%| F|  |TAMS 0x0000000082400000| PB 0x0000000082400000| Untracked 
|  37|0x0000000082500000, 0x0000000082500000, 0x0000000082600000|  0%| F|  |TAMS 0x0000000082500000| PB 0x0000000082500000| Untracked 
|  38|0x0000000082600000, 0x0000000082600000, 0x0000000082700000|  0%| F|  |TAMS 0x0000000082600000| PB 0x0000000082600000| Untracked 
|  39|0x0000000082700000, 0x0000000082700000, 0x0000000082800000|  0%| F|  |TAMS 0x0000000082700000| PB 0x0000000082700000| Untracked 
|  40|0x0000000082800000, 0x0000000082800000, 0x0000000082900000|  0%| F|  |TAMS 0x0000000082800000| PB 0x0000000082800000| Untracked 
|  41|0x0000000082900000, 0x0000000082900000, 0x0000000082a00000|  0%| F|  |TAMS 0x0000000082900000| PB 0x0000000082900000| Untracked 
|  42|0x0000000082a00000, 0x0000000082a00000, 0x0000000082b00000|  0%| F|  |TAMS 0x0000000082a00000| PB 0x0000000082a00000| Untracked 
|  43|0x0000000082b00000, 0x0000000082b00000, 0x0000000082c00000|  0%| F|  |TAMS 0x0000000082b00000| PB 0x0000000082b00000| Untracked 
|  44|0x0000000082c00000, 0x0000000082c00000, 0x0000000082d00000|  0%| F|  |TAMS 0x0000000082c00000| PB 0x0000000082c00000| Untracked 
|  45|0x0000000082d00000, 0x0000000082d00000, 0x0000000082e00000|  0%| F|  |TAMS 0x0000000082d00000| PB 0x0000000082d00000| Untracked 
|  46|0x0000000082e00000, 0x0000000082e00000, 0x0000000082f00000|  0%| F|  |TAMS 0x0000000082e00000| PB 0x0000000082e00000| Untracked 
|  47|0x0000000082f00000, 0x0000000082f00000, 0x0000000083000000|  0%| F|  |TAMS 0x0000000082f00000| PB 0x0000000082f00000| Untracked 
|  48|0x0000000083000000, 0x0000000083000000, 0x0000000083100000|  0%| F|  |TAMS 0x0000000083000000| PB 0x0000000083000000| Untracked 
|  49|0x0000000083100000, 0x0000000083100000, 0x0000000083200000|  0%| F|  |TAMS 0x0000000083100000| PB 0x0000000083100000| Untracked 
|  50|0x0000000083200000, 0x0000000083200000, 0x0000000083300000|  0%| F|  |TAMS 0x0000000083200000| PB 0x0000000083200000| Untracked 
|  51|0x0000000083300000, 0x0000000083300000, 0x0000000083400000|  0%| F|  |TAMS 0x0000000083300000| PB 0x0000000083300000| Untracked 
|  52|0x0000000083400000, 0x0000000083400000, 0x0000000083500000|  0%| F|  |TAMS 0x0000000083400000| PB 0x0000000083400000| Untracked 
|  53|0x0000000083500000, 0x0000000083500000, 0x0000000083600000|  0%| F|  |TAMS 0x0000000083500000| PB 0x0000000083500000| Untracked 
|  54|0x0000000083600000, 0x0000000083600000, 0x0000000083700000|  0%| F|  |TAMS 0x0000000083600000| PB 0x0000000083600000| Untracked 
|  55|0x0000000083700000, 0x0000000083700000, 0x0000000083800000|  0%| F|  |TAMS 0x0000000083700000| PB 0x0000000083700000| Untracked 
|  56|0x0000000083800000, 0x0000000083800000, 0x0000000083900000|  0%| F|  |TAMS 0x0000000083800000| PB 0x0000000083800000| Untracked 
|  57|0x0000000083900000, 0x0000000083900000, 0x0000000083a00000|  0%| F|  |TAMS 0x0000000083900000| PB 0x0000000083900000| Untracked 
|  58|0x0000000083a00000, 0x0000000083a00000, 0x0000000083b00000|  0%| F|  |TAMS 0x0000000083a00000| PB 0x0000000083a00000| Untracked 
|  59|0x0000000083b00000, 0x0000000083b00000, 0x0000000083c00000|  0%| F|  |TAMS 0x0000000083b00000| PB 0x0000000083b00000| Untracked 
|  60|0x0000000083c00000, 0x0000000083c00000, 0x0000000083d00000|  0%| F|  |TAMS 0x0000000083c00000| PB 0x0000000083c00000| Untracked 
|  61|0x0000000083d00000, 0x0000000083d00000, 0x0000000083e00000|  0%| F|  |TAMS 0x0000000083d00000| PB 0x0000000083d00000| Untracked 
|  62|0x0000000083e00000, 0x0000000083e00000, 0x0000000083f00000|  0%| F|  |TAMS 0x0000000083e00000| PB 0x0000000083e00000| Untracked 
|  63|0x0000000083f00000, 0x0000000083f00000, 0x0000000084000000|  0%| F|  |TAMS 0x0000000083f00000| PB 0x0000000083f00000| Untracked 
|  64|0x0000000084000000, 0x0000000084000000, 0x0000000084100000|  0%| F|  |TAMS 0x0000000084000000| PB 0x0000000084000000| Untracked 
|  65|0x0000000084100000, 0x0000000084100000, 0x0000000084200000|  0%| F|  |TAMS 0x0000000084100000| PB 0x0000000084100000| Untracked 
|  66|0x0000000084200000, 0x0000000084200000, 0x0000000084300000|  0%| F|  |TAMS 0x0000000084200000| PB 0x0000000084200000| Untracked 
|  67|0x0000000084300000, 0x0000000084300000, 0x0000000084400000|  0%| F|  |TAMS 0x0000000084300000| PB 0x0000000084300000| Untracked 
|  68|0x0000000084400000, 0x0000000084400000, 0x0000000084500000|  0%| F|  |TAMS 0x0000000084400000| PB 0x0000000084400000| Untracked 
|  69|0x0000000084500000, 0x0000000084500000, 0x0000000084600000|  0%| F|  |TAMS 0x0000000084500000| PB 0x0000000084500000| Untracked 
|  70|0x0000000084600000, 0x0000000084600000, 0x0000000084700000|  0%| F|  |TAMS 0x0000000084600000| PB 0x0000000084600000| Untracked 
|  71|0x0000000084700000, 0x0000000084700000, 0x0000000084800000|  0%| F|  |TAMS 0x0000000084700000| PB 0x0000000084700000| Untracked 
|  72|0x0000000084800000, 0x0000000084800000, 0x0000000084900000|  0%| F|  |TAMS 0x0000000084800000| PB 0x0000000084800000| Untracked 
|  73|0x0000000084900000, 0x0000000084900000, 0x0000000084a00000|  0%| F|  |TAMS 0x0000000084900000| PB 0x0000000084900000| Untracked 
|  74|0x0000000084a00000, 0x0000000084a00000, 0x0000000084b00000|  0%| F|  |TAMS 0x0000000084a00000| PB 0x0000000084a00000| Untracked 
|  75|0x0000000084b00000, 0x0000000084b00000, 0x0000000084c00000|  0%| F|  |TAMS 0x0000000084b00000| PB 0x0000000084b00000| Untracked 
|  76|0x0000000084c00000, 0x0000000084c00000, 0x0000000084d00000|  0%| F|  |TAMS 0x0000000084c00000| PB 0x0000000084c00000| Untracked 
|  77|0x0000000084d00000, 0x0000000084d00000, 0x0000000084e00000|  0%| F|  |TAMS 0x0000000084d00000| PB 0x0000000084d00000| Untracked 
|  78|0x0000000084e00000, 0x0000000084e00000, 0x0000000084f00000|  0%| F|  |TAMS 0x0000000084e00000| PB 0x0000000084e00000| Untracked 
|  79|0x0000000084f00000, 0x0000000084f00000, 0x0000000085000000|  0%| F|  |TAMS 0x0000000084f00000| PB 0x0000000084f00000| Untracked 
|  80|0x0000000085000000, 0x0000000085000000, 0x0000000085100000|  0%| F|  |TAMS 0x0000000085000000| PB 0x0000000085000000| Untracked 
|  81|0x0000000085100000, 0x0000000085100000, 0x0000000085200000|  0%| F|  |TAMS 0x0000000085100000| PB 0x0000000085100000| Untracked 
|  82|0x0000000085200000, 0x0000000085200000, 0x0000000085300000|  0%| F|  |TAMS 0x0000000085200000| PB 0x0000000085200000| Untracked 
|  83|0x0000000085300000, 0x0000000085300000, 0x0000000085400000|  0%| F|  |TAMS 0x0000000085300000| PB 0x0000000085300000| Untracked 
|  84|0x0000000085400000, 0x0000000085400000, 0x0000000085500000|  0%| F|  |TAMS 0x0000000085400000| PB 0x0000000085400000| Untracked 
|  85|0x0000000085500000, 0x0000000085500000, 0x0000000085600000|  0%| F|  |TAMS 0x0000000085500000| PB 0x0000000085500000| Untracked 
|  86|0x0000000085600000, 0x0000000085600000, 0x0000000085700000|  0%| F|  |TAMS 0x0000000085600000| PB 0x0000000085600000| Untracked 
|  87|0x0000000085700000, 0x0000000085700000, 0x0000000085800000|  0%| F|  |TAMS 0x0000000085700000| PB 0x0000000085700000| Untracked 
|  88|0x0000000085800000, 0x0000000085800000, 0x0000000085900000|  0%| F|  |TAMS 0x0000000085800000| PB 0x0000000085800000| Untracked 
|  89|0x0000000085900000, 0x0000000085900000, 0x0000000085a00000|  0%| F|  |TAMS 0x0000000085900000| PB 0x0000000085900000| Untracked 
|  90|0x0000000085a00000, 0x0000000085a00000, 0x0000000085b00000|  0%| F|  |TAMS 0x0000000085a00000| PB 0x0000000085a00000| Untracked 
|  91|0x0000000085b00000, 0x0000000085b00000, 0x0000000085c00000|  0%| F|  |TAMS 0x0000000085b00000| PB 0x0000000085b00000| Untracked 
|  92|0x0000000085c00000, 0x0000000085c00000, 0x0000000085d00000|  0%| F|  |TAMS 0x0000000085c00000| PB 0x0000000085c00000| Untracked 
|  93|0x0000000085d00000, 0x0000000085d00000, 0x0000000085e00000|  0%| F|  |TAMS 0x0000000085d00000| PB 0x0000000085d00000| Untracked 
|  94|0x0000000085e00000, 0x0000000085e00000, 0x0000000085f00000|  0%| F|  |TAMS 0x0000000085e00000| PB 0x0000000085e00000| Untracked 
|  95|0x0000000085f00000, 0x0000000085f00000, 0x0000000086000000|  0%| F|  |TAMS 0x0000000085f00000| PB 0x0000000085f00000| Untracked 
|  96|0x0000000086000000, 0x0000000086000000, 0x0000000086100000|  0%| F|  |TAMS 0x0000000086000000| PB 0x0000000086000000| Untracked 
|  97|0x0000000086100000, 0x0000000086100000, 0x0000000086200000|  0%| F|  |TAMS 0x0000000086100000| PB 0x0000000086100000| Untracked 
|  98|0x0000000086200000, 0x0000000086200000, 0x0000000086300000|  0%| F|  |TAMS 0x0000000086200000| PB 0x0000000086200000| Untracked 
|  99|0x0000000086300000, 0x0000000086300000, 0x0000000086400000|  0%| F|  |TAMS 0x0000000086300000| PB 0x0000000086300000| Untracked 
| 100|0x0000000086400000, 0x0000000086400000, 0x0000000086500000|  0%| F|  |TAMS 0x0000000086400000| PB 0x0000000086400000| Untracked 
| 101|0x0000000086500000, 0x0000000086500000, 0x0000000086600000|  0%| F|  |TAMS 0x0000000086500000| PB 0x0000000086500000| Untracked 
| 102|0x0000000086600000, 0x0000000086600000, 0x0000000086700000|  0%| F|  |TAMS 0x0000000086600000| PB 0x0000000086600000| Untracked 
| 103|0x0000000086700000, 0x0000000086700000, 0x0000000086800000|  0%| F|  |TAMS 0x0000000086700000| PB 0x0000000086700000| Untracked 
| 104|0x0000000086800000, 0x0000000086800000, 0x0000000086900000|  0%| F|  |TAMS 0x0000000086800000| PB 0x0000000086800000| Untracked 
| 105|0x0000000086900000, 0x0000000086900000, 0x0000000086a00000|  0%| F|  |TAMS 0x0000000086900000| PB 0x0000000086900000| Untracked 
| 106|0x0000000086a00000, 0x0000000086a00000, 0x0000000086b00000|  0%| F|  |TAMS 0x0000000086a00000| PB 0x0000000086a00000| Untracked 
| 107|0x0000000086b00000, 0x0000000086b00000, 0x0000000086c00000|  0%| F|  |TAMS 0x0000000086b00000| PB 0x0000000086b00000| Untracked 
| 108|0x0000000086c00000, 0x0000000086c00000, 0x0000000086d00000|  0%| F|  |TAMS 0x0000000086c00000| PB 0x0000000086c00000| Untracked 
| 109|0x0000000086d00000, 0x0000000086d00000, 0x0000000086e00000|  0%| F|  |TAMS 0x0000000086d00000| PB 0x0000000086d00000| Untracked 
| 110|0x0000000086e00000, 0x0000000086e00000, 0x0000000086f00000|  0%| F|  |TAMS 0x0000000086e00000| PB 0x0000000086e00000| Untracked 
| 111|0x0000000086f00000, 0x0000000086f00000, 0x0000000087000000|  0%| F|  |TAMS 0x0000000086f00000| PB 0x0000000086f00000| Untracked 
| 112|0x0000000087000000, 0x0000000087000000, 0x0000000087100000|  0%| F|  |TAMS 0x0000000087000000| PB 0x0000000087000000| Untracked 
| 113|0x0000000087100000, 0x0000000087100000, 0x0000000087200000|  0%| F|  |TAMS 0x0000000087100000| PB 0x0000000087100000| Untracked 
| 114|0x0000000087200000, 0x0000000087200000, 0x0000000087300000|  0%| F|  |TAMS 0x0000000087200000| PB 0x0000000087200000| Untracked 
| 115|0x0000000087300000, 0x0000000087300000, 0x0000000087400000|  0%| F|  |TAMS 0x0000000087300000| PB 0x0000000087300000| Untracked 
| 116|0x0000000087400000, 0x0000000087400000, 0x0000000087500000|  0%| F|  |TAMS 0x0000000087400000| PB 0x0000000087400000| Untracked 
| 117|0x0000000087500000, 0x0000000087500000, 0x0000000087600000|  0%| F|  |TAMS 0x0000000087500000| PB 0x0000000087500000| Untracked 
| 118|0x0000000087600000, 0x0000000087600000, 0x0000000087700000|  0%| F|  |TAMS 0x0000000087600000| PB 0x0000000087600000| Untracked 
| 119|0x0000000087700000, 0x0000000087700000, 0x0000000087800000|  0%| F|  |TAMS 0x0000000087700000| PB 0x0000000087700000| Untracked 
| 120|0x0000000087800000, 0x0000000087800000, 0x0000000087900000|  0%| F|  |TAMS 0x0000000087800000| PB 0x0000000087800000| Untracked 
| 121|0x0000000087900000, 0x0000000087900000, 0x0000000087a00000|  0%| F|  |TAMS 0x0000000087900000| PB 0x0000000087900000| Untracked 
| 122|0x0000000087a00000, 0x0000000087a00000, 0x0000000087b00000|  0%| F|  |TAMS 0x0000000087a00000| PB 0x0000000087a00000| Untracked 
| 123|0x0000000087b00000, 0x0000000087b00000, 0x0000000087c00000|  0%| F|  |TAMS 0x0000000087b00000| PB 0x0000000087b00000| Untracked 
| 124|0x0000000087c00000, 0x0000000087c00000, 0x0000000087d00000|  0%| F|  |TAMS 0x0000000087c00000| PB 0x0000000087c00000| Untracked 
| 125|0x0000000087d00000, 0x0000000087d00000, 0x0000000087e00000|  0%| F|  |TAMS 0x0000000087d00000| PB 0x0000000087d00000| Untracked 
| 126|0x0000000087e00000, 0x0000000087e00000, 0x0000000087f00000|  0%| F|  |TAMS 0x0000000087e00000| PB 0x0000000087e00000| Untracked 
| 127|0x0000000087f00000, 0x0000000087f00000, 0x0000000088000000|  0%| F|  |TAMS 0x0000000087f00000| PB 0x0000000087f00000| Untracked 
| 128|0x0000000088000000, 0x0000000088000000, 0x0000000088100000|  0%| F|  |TAMS 0x0000000088000000| PB 0x0000000088000000| Untracked 
| 129|0x0000000088100000, 0x0000000088100000, 0x0000000088200000|  0%| F|  |TAMS 0x0000000088100000| PB 0x0000000088100000| Untracked 
| 130|0x0000000088200000, 0x0000000088200000, 0x0000000088300000|  0%| F|  |TAMS 0x0000000088200000| PB 0x0000000088200000| Untracked 
| 131|0x0000000088300000, 0x0000000088300000, 0x0000000088400000|  0%| F|  |TAMS 0x0000000088300000| PB 0x0000000088300000| Untracked 
| 132|0x0000000088400000, 0x0000000088400000, 0x0000000088500000|  0%| F|  |TAMS 0x0000000088400000| PB 0x0000000088400000| Untracked 
| 133|0x0000000088500000, 0x0000000088500000, 0x0000000088600000|  0%| F|  |TAMS 0x0000000088500000| PB 0x0000000088500000| Untracked 
| 134|0x0000000088600000, 0x0000000088600000, 0x0000000088700000|  0%| F|  |TAMS 0x0000000088600000| PB 0x0000000088600000| Untracked 
| 135|0x0000000088700000, 0x0000000088700000, 0x0000000088800000|  0%| F|  |TAMS 0x0000000088700000| PB 0x0000000088700000| Untracked 
| 136|0x0000000088800000, 0x0000000088800000, 0x0000000088900000|  0%| F|  |TAMS 0x0000000088800000| PB 0x0000000088800000| Untracked 
| 137|0x0000000088900000, 0x0000000088900000, 0x0000000088a00000|  0%| F|  |TAMS 0x0000000088900000| PB 0x0000000088900000| Untracked 
| 138|0x0000000088a00000, 0x0000000088a00000, 0x0000000088b00000|  0%| F|  |TAMS 0x0000000088a00000| PB 0x0000000088a00000| Untracked 
| 139|0x0000000088b00000, 0x0000000088b00000, 0x0000000088c00000|  0%| F|  |TAMS 0x0000000088b00000| PB 0x0000000088b00000| Untracked 
| 140|0x0000000088c00000, 0x0000000088c00000, 0x0000000088d00000|  0%| F|  |TAMS 0x0000000088c00000| PB 0x0000000088c00000| Untracked 
| 141|0x0000000088d00000, 0x0000000088d00000, 0x0000000088e00000|  0%| F|  |TAMS 0x0000000088d00000| PB 0x0000000088d00000| Untracked 
| 142|0x0000000088e00000, 0x0000000088e00000, 0x0000000088f00000|  0%| F|  |TAMS 0x0000000088e00000| PB 0x0000000088e00000| Untracked 
| 143|0x0000000088f00000, 0x0000000088f00000, 0x0000000089000000|  0%| F|  |TAMS 0x0000000088f00000| PB 0x0000000088f00000| Untracked 
| 144|0x0000000089000000, 0x0000000089000000, 0x0000000089100000|  0%| F|  |TAMS 0x0000000089000000| PB 0x0000000089000000| Untracked 
| 145|0x0000000089100000, 0x0000000089100000, 0x0000000089200000|  0%| F|  |TAMS 0x0000000089100000| PB 0x0000000089100000| Untracked 
| 146|0x0000000089200000, 0x0000000089200000, 0x0000000089300000|  0%| F|  |TAMS 0x0000000089200000| PB 0x0000000089200000| Untracked 
| 147|0x0000000089300000, 0x0000000089300000, 0x0000000089400000|  0%| F|  |TAMS 0x0000000089300000| PB 0x0000000089300000| Untracked 
| 148|0x0000000089400000, 0x0000000089400000, 0x0000000089500000|  0%| F|  |TAMS 0x0000000089400000| PB 0x0000000089400000| Untracked 
| 149|0x0000000089500000, 0x0000000089500000, 0x0000000089600000|  0%| F|  |TAMS 0x0000000089500000| PB 0x0000000089500000| Untracked 
| 150|0x0000000089600000, 0x0000000089600000, 0x0000000089700000|  0%| F|  |TAMS 0x0000000089600000| PB 0x0000000089600000| Untracked 
| 151|0x0000000089700000, 0x0000000089700000, 0x0000000089800000|  0%| F|  |TAMS 0x0000000089700000| PB 0x0000000089700000| Untracked 
| 152|0x0000000089800000, 0x0000000089800000, 0x0000000089900000|  0%| F|  |TAMS 0x0000000089800000| PB 0x0000000089800000| Untracked 
| 153|0x0000000089900000, 0x0000000089900000, 0x0000000089a00000|  0%| F|  |TAMS 0x0000000089900000| PB 0x0000000089900000| Untracked 
| 154|0x0000000089a00000, 0x0000000089a00000, 0x0000000089b00000|  0%| F|  |TAMS 0x0000000089a00000| PB 0x0000000089a00000| Untracked 
| 155|0x0000000089b00000, 0x0000000089b00000, 0x0000000089c00000|  0%| F|  |TAMS 0x0000000089b00000| PB 0x0000000089b00000| Untracked 
| 156|0x0000000089c00000, 0x0000000089c00000, 0x0000000089d00000|  0%| F|  |TAMS 0x0000000089c00000| PB 0x0000000089c00000| Untracked 
| 157|0x0000000089d00000, 0x0000000089d00000, 0x0000000089e00000|  0%| F|  |TAMS 0x0000000089d00000| PB 0x0000000089d00000| Untracked 
| 158|0x0000000089e00000, 0x0000000089e00000, 0x0000000089f00000|  0%| F|  |TAMS 0x0000000089e00000| PB 0x0000000089e00000| Untracked 
| 159|0x0000000089f00000, 0x0000000089f00000, 0x000000008a000000|  0%| F|  |TAMS 0x0000000089f00000| PB 0x0000000089f00000| Untracked 
| 160|0x000000008a000000, 0x000000008a000000, 0x000000008a100000|  0%| F|  |TAMS 0x000000008a000000| PB 0x000000008a000000| Untracked 
| 161|0x000000008a100000, 0x000000008a100000, 0x000000008a200000|  0%| F|  |TAMS 0x000000008a100000| PB 0x000000008a100000| Untracked 
| 162|0x000000008a200000, 0x000000008a200000, 0x000000008a300000|  0%| F|  |TAMS 0x000000008a200000| PB 0x000000008a200000| Untracked 
| 163|0x000000008a300000, 0x000000008a300000, 0x000000008a400000|  0%| F|  |TAMS 0x000000008a300000| PB 0x000000008a300000| Untracked 
| 164|0x000000008a400000, 0x000000008a400000, 0x000000008a500000|  0%| F|  |TAMS 0x000000008a400000| PB 0x000000008a400000| Untracked 
| 165|0x000000008a500000, 0x000000008a500000, 0x000000008a600000|  0%| F|  |TAMS 0x000000008a500000| PB 0x000000008a500000| Untracked 
| 166|0x000000008a600000, 0x000000008a600000, 0x000000008a700000|  0%| F|  |TAMS 0x000000008a600000| PB 0x000000008a600000| Untracked 
| 167|0x000000008a700000, 0x000000008a700000, 0x000000008a800000|  0%| F|  |TAMS 0x000000008a700000| PB 0x000000008a700000| Untracked 
| 168|0x000000008a800000, 0x000000008a800000, 0x000000008a900000|  0%| F|  |TAMS 0x000000008a800000| PB 0x000000008a800000| Untracked 
| 169|0x000000008a900000, 0x000000008a900000, 0x000000008aa00000|  0%| F|  |TAMS 0x000000008a900000| PB 0x000000008a900000| Untracked 
| 170|0x000000008aa00000, 0x000000008aa00000, 0x000000008ab00000|  0%| F|  |TAMS 0x000000008aa00000| PB 0x000000008aa00000| Untracked 
| 171|0x000000008ab00000, 0x000000008ab00000, 0x000000008ac00000|  0%| F|  |TAMS 0x000000008ab00000| PB 0x000000008ab00000| Untracked 
| 172|0x000000008ac00000, 0x000000008ac00000, 0x000000008ad00000|  0%| F|  |TAMS 0x000000008ac00000| PB 0x000000008ac00000| Untracked 
| 173|0x000000008ad00000, 0x000000008ad00000, 0x000000008ae00000|  0%| F|  |TAMS 0x000000008ad00000| PB 0x000000008ad00000| Untracked 
| 174|0x000000008ae00000, 0x000000008ae00000, 0x000000008af00000|  0%| F|  |TAMS 0x000000008ae00000| PB 0x000000008ae00000| Untracked 
| 175|0x000000008af00000, 0x000000008af00000, 0x000000008b000000|  0%| F|  |TAMS 0x000000008af00000| PB 0x000000008af00000| Untracked 
| 176|0x000000008b000000, 0x000000008b000000, 0x000000008b100000|  0%| F|  |TAMS 0x000000008b000000| PB 0x000000008b000000| Untracked 
| 177|0x000000008b100000, 0x000000008b100000, 0x000000008b200000|  0%| F|  |TAMS 0x000000008b100000| PB 0x000000008b100000| Untracked 
| 178|0x000000008b200000, 0x000000008b200000, 0x000000008b300000|  0%| F|  |TAMS 0x000000008b200000| PB 0x000000008b200000| Untracked 
| 179|0x000000008b300000, 0x000000008b300000, 0x000000008b400000|  0%| F|  |TAMS 0x000000008b300000| PB 0x000000008b300000| Untracked 
| 180|0x000000008b400000, 0x000000008b400000, 0x000000008b500000|  0%| F|  |TAMS 0x000000008b400000| PB 0x000000008b400000| Untracked 
| 181|0x000000008b500000, 0x000000008b500000, 0x000000008b600000|  0%| F|  |TAMS 0x000000008b500000| PB 0x000000008b500000| Untracked 
| 182|0x000000008b600000, 0x000000008b600000, 0x000000008b700000|  0%| F|  |TAMS 0x000000008b600000| PB 0x000000008b600000| Untracked 
| 183|0x000000008b700000, 0x000000008b700000, 0x000000008b800000|  0%| F|  |TAMS 0x000000008b700000| PB 0x000000008b700000| Untracked 
| 184|0x000000008b800000, 0x000000008b800000, 0x000000008b900000|  0%| F|  |TAMS 0x000000008b800000| PB 0x000000008b800000| Untracked 
| 185|0x000000008b900000, 0x000000008b900000, 0x000000008ba00000|  0%| F|  |TAMS 0x000000008b900000| PB 0x000000008b900000| Untracked 
| 186|0x000000008ba00000, 0x000000008ba00000, 0x000000008bb00000|  0%| F|  |TAMS 0x000000008ba00000| PB 0x000000008ba00000| Untracked 
| 187|0x000000008bb00000, 0x000000008bb00000, 0x000000008bc00000|  0%| F|  |TAMS 0x000000008bb00000| PB 0x000000008bb00000| Untracked 
| 188|0x000000008bc00000, 0x000000008bc00000, 0x000000008bd00000|  0%| F|  |TAMS 0x000000008bc00000| PB 0x000000008bc00000| Untracked 
| 189|0x000000008bd00000, 0x000000008bd00000, 0x000000008be00000|  0%| F|  |TAMS 0x000000008bd00000| PB 0x000000008bd00000| Untracked 
| 190|0x000000008be00000, 0x000000008be00000, 0x000000008bf00000|  0%| F|  |TAMS 0x000000008be00000| PB 0x000000008be00000| Untracked 
| 191|0x000000008bf00000, 0x000000008bf00000, 0x000000008c000000|  0%| F|  |TAMS 0x000000008bf00000| PB 0x000000008bf00000| Untracked 
| 192|0x000000008c000000, 0x000000008c000000, 0x000000008c100000|  0%| F|  |TAMS 0x000000008c000000| PB 0x000000008c000000| Untracked 
| 193|0x000000008c100000, 0x000000008c100000, 0x000000008c200000|  0%| F|  |TAMS 0x000000008c100000| PB 0x000000008c100000| Untracked 
| 194|0x000000008c200000, 0x000000008c200000, 0x000000008c300000|  0%| F|  |TAMS 0x000000008c200000| PB 0x000000008c200000| Untracked 
| 195|0x000000008c300000, 0x000000008c300000, 0x000000008c400000|  0%| F|  |TAMS 0x000000008c300000| PB 0x000000008c300000| Untracked 
| 196|0x000000008c400000, 0x000000008c400000, 0x000000008c500000|  0%| F|  |TAMS 0x000000008c400000| PB 0x000000008c400000| Untracked 
| 197|0x000000008c500000, 0x000000008c500000, 0x000000008c600000|  0%| F|  |TAMS 0x000000008c500000| PB 0x000000008c500000| Untracked 
| 198|0x000000008c600000, 0x000000008c600000, 0x000000008c700000|  0%| F|  |TAMS 0x000000008c600000| PB 0x000000008c600000| Untracked 
| 199|0x000000008c700000, 0x000000008c700000, 0x000000008c800000|  0%| F|  |TAMS 0x000000008c700000| PB 0x000000008c700000| Untracked 
| 200|0x000000008c800000, 0x000000008c800000, 0x000000008c900000|  0%| F|  |TAMS 0x000000008c800000| PB 0x000000008c800000| Untracked 
| 201|0x000000008c900000, 0x000000008c900000, 0x000000008ca00000|  0%| F|  |TAMS 0x000000008c900000| PB 0x000000008c900000| Untracked 
| 202|0x000000008ca00000, 0x000000008ca00000, 0x000000008cb00000|  0%| F|  |TAMS 0x000000008ca00000| PB 0x000000008ca00000| Untracked 
| 203|0x000000008cb00000, 0x000000008cb00000, 0x000000008cc00000|  0%| F|  |TAMS 0x000000008cb00000| PB 0x000000008cb00000| Untracked 
| 204|0x000000008cc00000, 0x000000008cc00000, 0x000000008cd00000|  0%| F|  |TAMS 0x000000008cc00000| PB 0x000000008cc00000| Untracked 
| 205|0x000000008cd00000, 0x000000008cd00000, 0x000000008ce00000|  0%| F|  |TAMS 0x000000008cd00000| PB 0x000000008cd00000| Untracked 
| 206|0x000000008ce00000, 0x000000008ce00000, 0x000000008cf00000|  0%| F|  |TAMS 0x000000008ce00000| PB 0x000000008ce00000| Untracked 
| 207|0x000000008cf00000, 0x000000008cf00000, 0x000000008d000000|  0%| F|  |TAMS 0x000000008cf00000| PB 0x000000008cf00000| Untracked 
| 208|0x000000008d000000, 0x000000008d000000, 0x000000008d100000|  0%| F|  |TAMS 0x000000008d000000| PB 0x000000008d000000| Untracked 
| 209|0x000000008d100000, 0x000000008d100000, 0x000000008d200000|  0%| F|  |TAMS 0x000000008d100000| PB 0x000000008d100000| Untracked 
| 210|0x000000008d200000, 0x000000008d200000, 0x000000008d300000|  0%| F|  |TAMS 0x000000008d200000| PB 0x000000008d200000| Untracked 
| 211|0x000000008d300000, 0x000000008d300000, 0x000000008d400000|  0%| F|  |TAMS 0x000000008d300000| PB 0x000000008d300000| Untracked 
| 212|0x000000008d400000, 0x000000008d400000, 0x000000008d500000|  0%| F|  |TAMS 0x000000008d400000| PB 0x000000008d400000| Untracked 
| 213|0x000000008d500000, 0x000000008d500000, 0x000000008d600000|  0%| F|  |TAMS 0x000000008d500000| PB 0x000000008d500000| Untracked 
| 214|0x000000008d600000, 0x000000008d600000, 0x000000008d700000|  0%| F|  |TAMS 0x000000008d600000| PB 0x000000008d600000| Untracked 
| 215|0x000000008d700000, 0x000000008d700000, 0x000000008d800000|  0%| F|  |TAMS 0x000000008d700000| PB 0x000000008d700000| Untracked 
| 216|0x000000008d800000, 0x000000008d800000, 0x000000008d900000|  0%| F|  |TAMS 0x000000008d800000| PB 0x000000008d800000| Untracked 
| 217|0x000000008d900000, 0x000000008d900000, 0x000000008da00000|  0%| F|  |TAMS 0x000000008d900000| PB 0x000000008d900000| Untracked 
| 218|0x000000008da00000, 0x000000008da00000, 0x000000008db00000|  0%| F|  |TAMS 0x000000008da00000| PB 0x000000008da00000| Untracked 
| 219|0x000000008db00000, 0x000000008db00000, 0x000000008dc00000|  0%| F|  |TAMS 0x000000008db00000| PB 0x000000008db00000| Untracked 
| 220|0x000000008dc00000, 0x000000008dc00000, 0x000000008dd00000|  0%| F|  |TAMS 0x000000008dc00000| PB 0x000000008dc00000| Untracked 
| 221|0x000000008dd00000, 0x000000008dd00000, 0x000000008de00000|  0%| F|  |TAMS 0x000000008dd00000| PB 0x000000008dd00000| Untracked 
| 222|0x000000008de00000, 0x000000008dec2590, 0x000000008df00000| 75%| S|CS|TAMS 0x000000008de00000| PB 0x000000008de00000| Complete 
| 223|0x000000008df00000, 0x000000008e000000, 0x000000008e000000|100%| S|CS|TAMS 0x000000008df00000| PB 0x000000008df00000| Complete 
| 224|0x000000008e000000, 0x000000008e100000, 0x000000008e100000|100%| S|CS|TAMS 0x000000008e000000| PB 0x000000008e000000| Complete 
| 225|0x000000008e100000, 0x000000008e100000, 0x000000008e200000|  0%| F|  |TAMS 0x000000008e100000| PB 0x000000008e100000| Untracked 
| 226|0x000000008e200000, 0x000000008e200000, 0x000000008e300000|  0%| F|  |TAMS 0x000000008e200000| PB 0x000000008e200000| Untracked 
| 227|0x000000008e300000, 0x000000008e300000, 0x000000008e400000|  0%| F|  |TAMS 0x000000008e300000| PB 0x000000008e300000| Untracked 
| 228|0x000000008e400000, 0x000000008e400000, 0x000000008e500000|  0%| F|  |TAMS 0x000000008e400000| PB 0x000000008e400000| Untracked 
| 229|0x000000008e500000, 0x000000008e500000, 0x000000008e600000|  0%| F|  |TAMS 0x000000008e500000| PB 0x000000008e500000| Untracked 
| 230|0x000000008e600000, 0x000000008e600000, 0x000000008e700000|  0%| F|  |TAMS 0x000000008e600000| PB 0x000000008e600000| Untracked 
| 231|0x000000008e700000, 0x000000008e700000, 0x000000008e800000|  0%| F|  |TAMS 0x000000008e700000| PB 0x000000008e700000| Untracked 
| 232|0x000000008e800000, 0x000000008e800000, 0x000000008e900000|  0%| F|  |TAMS 0x000000008e800000| PB 0x000000008e800000| Untracked 
| 233|0x000000008e900000, 0x000000008e900000, 0x000000008ea00000|  0%| F|  |TAMS 0x000000008e900000| PB 0x000000008e900000| Untracked 
| 234|0x000000008ea00000, 0x000000008ea00000, 0x000000008eb00000|  0%| F|  |TAMS 0x000000008ea00000| PB 0x000000008ea00000| Untracked 
| 235|0x000000008eb00000, 0x000000008eb78440, 0x000000008ec00000| 46%| E|  |TAMS 0x000000008eb00000| PB 0x000000008eb00000| Complete 
| 236|0x000000008ec00000, 0x000000008ed00000, 0x000000008ed00000|100%| E|CS|TAMS 0x000000008ec00000| PB 0x000000008ec00000| Complete 
| 237|0x000000008ed00000, 0x000000008ee00000, 0x000000008ee00000|100%| E|CS|TAMS 0x000000008ed00000| PB 0x000000008ed00000| Complete 
| 238|0x000000008ee00000, 0x000000008ef00000, 0x000000008ef00000|100%| E|CS|TAMS 0x000000008ee00000| PB 0x000000008ee00000| Complete 
| 239|0x000000008ef00000, 0x000000008f000000, 0x000000008f000000|100%| E|CS|TAMS 0x000000008ef00000| PB 0x000000008ef00000| Complete 
| 240|0x000000008f000000, 0x000000008f100000, 0x000000008f100000|100%| E|CS|TAMS 0x000000008f000000| PB 0x000000008f000000| Complete 
| 241|0x000000008f100000, 0x000000008f200000, 0x000000008f200000|100%| E|CS|TAMS 0x000000008f100000| PB 0x000000008f100000| Complete 
| 242|0x000000008f200000, 0x000000008f300000, 0x000000008f300000|100%| E|CS|TAMS 0x000000008f200000| PB 0x000000008f200000| Complete 
| 243|0x000000008f300000, 0x000000008f400000, 0x000000008f400000|100%| E|CS|TAMS 0x000000008f300000| PB 0x000000008f300000| Complete 
| 244|0x000000008f400000, 0x000000008f500000, 0x000000008f500000|100%| E|CS|TAMS 0x000000008f400000| PB 0x000000008f400000| Complete 
| 245|0x000000008f500000, 0x000000008f600000, 0x000000008f600000|100%| E|CS|TAMS 0x000000008f500000| PB 0x000000008f500000| Complete 
| 246|0x000000008f600000, 0x000000008f700000, 0x000000008f700000|100%| E|CS|TAMS 0x000000008f600000| PB 0x000000008f600000| Complete 
| 247|0x000000008f700000, 0x000000008f800000, 0x000000008f800000|100%| E|CS|TAMS 0x000000008f700000| PB 0x000000008f700000| Complete 
| 248|0x000000008f800000, 0x000000008f900000, 0x000000008f900000|100%| E|CS|TAMS 0x000000008f800000| PB 0x000000008f800000| Complete 
| 249|0x000000008f900000, 0x000000008fa00000, 0x000000008fa00000|100%| E|CS|TAMS 0x000000008f900000| PB 0x000000008f900000| Complete 
| 250|0x000000008fa00000, 0x000000008fb00000, 0x000000008fb00000|100%| E|CS|TAMS 0x000000008fa00000| PB 0x000000008fa00000| Complete 
| 251|0x000000008fb00000, 0x000000008fc00000, 0x000000008fc00000|100%| E|CS|TAMS 0x000000008fb00000| PB 0x000000008fb00000| Complete 
| 252|0x000000008fc00000, 0x000000008fd00000, 0x000000008fd00000|100%| E|CS|TAMS 0x000000008fc00000| PB 0x000000008fc00000| Complete 
| 253|0x000000008fd00000, 0x000000008fe00000, 0x000000008fe00000|100%| E|CS|TAMS 0x000000008fd00000| PB 0x000000008fd00000| Complete 
| 254|0x000000008fe00000, 0x000000008ff00000, 0x000000008ff00000|100%| E|CS|TAMS 0x000000008fe00000| PB 0x000000008fe00000| Complete 
| 255|0x000000008ff00000, 0x0000000090000000, 0x0000000090000000|100%| E|CS|TAMS 0x000000008ff00000| PB 0x000000008ff00000| Complete 

Card table byte_map: [0x00000253fdce0000,0x00000253fe0e0000] _byte_map_base: 0x00000253fd8e0000

Marking Bits: (CMBitMap*) 0x00000253fd312c00
 Bits: [0x0000025392ed0000, 0x0000025394ed0000)

Polling page: 0x00000253fb270000

Metaspace:

Usage:
  Non-class:     11.36 MB used.
      Class:      1.47 MB used.
       Both:     12.83 MB used.

Virtual space:
  Non-class space:       64.00 MB reserved,      11.62 MB ( 18%) committed,  1 nodes.
      Class space:        1.00 GB reserved,       1.69 MB ( <1%) committed,  1 nodes.
             Both:        1.06 GB reserved,      13.31 MB (  1%) committed. 

Chunk freelists:
   Non-Class:  4.12 MB
       Class:  14.29 MB
        Both:  18.41 MB

MaxMetaspaceSize: unlimited
CompressedClassSpaceSize: 1.00 GB
Initial GC threshold: 21.00 MB
Current GC threshold: 21.00 MB
CDS: on
 - commit_granule_bytes: 65536.
 - commit_granule_words: 8192.
 - virtual_space_node_default_size: 8388608.
 - enlarge_chunks_in_place: 1.
 - use_allocation_guard: 0.


Internal statistics:

num_allocs_failed_limit: 0.
num_arena_births: 592.
num_arena_deaths: 0.
num_vsnodes_births: 2.
num_vsnodes_deaths: 0.
num_space_committed: 213.
num_space_uncommitted: 0.
num_chunks_returned_to_freelist: 0.
num_chunks_taken_from_freelist: 1036.
num_chunk_merges: 0.
num_chunk_splits: 615.
num_chunks_enlarged: 272.
num_inconsistent_stats: 0.

CodeHeap 'non-profiled nmethods': size=120000Kb used=1070Kb max_used=1070Kb free=118929Kb
 bounds [0x000002538b9a0000, 0x000002538bc10000, 0x0000025392ed0000]
CodeHeap 'profiled nmethods': size=120000Kb used=5326Kb max_used=5326Kb free=114673Kb
 bounds [0x0000025383ed0000, 0x0000025384410000, 0x000002538b400000]
CodeHeap 'non-nmethods': size=5760Kb used=1439Kb max_used=1464Kb free=4320Kb
 bounds [0x000002538b400000, 0x000002538b670000, 0x000002538b9a0000]
 total_blobs=3236 nmethods=2709 adapters=431
 compilation: enabled
              stopped_count=0, restarted_count=0
 full_count=0

Compilation events (20 events):
Event: 4.149 Thread 0x00000253ddd1e450 nmethod 2699 0x000002538baab410 code [0x000002538baab5a0, 0x000002538baab630]
Event: 4.150 Thread 0x00000253ddd1e450 2700       4       java.nio.MappedByteBuffer::rewind (5 bytes)
Event: 4.151 Thread 0x00000253ddd1e450 nmethod 2700 0x000002538baab710 code [0x000002538baab8a0, 0x000002538baab938]
Event: 4.154 Thread 0x00000253ddd1e450 2701       4       java.io.ObjectInputStream::readClassDesc (121 bytes)
Event: 4.155 Thread 0x00000253d80354c0 2702       3       sun.rmi.transport.Target::getObjectEndpoint (16 bytes)
Event: 4.155 Thread 0x00000253d80354c0 nmethod 2702 0x00000253843fde90 code [0x00000253843fe040, 0x00000253843fe1f8]
Event: 4.155 Thread 0x00000253d80354c0 2703  s    3       sun.rmi.transport.DGCAckHandler::startTimer (41 bytes)
Event: 4.156 Thread 0x00000253d80354c0 nmethod 2703 0x00000253843fe290 code [0x00000253843fe460, 0x00000253843fe8d0]
Event: 4.157 Thread 0x00000253d80354c0 2705   !   3       java.nio.DirectByteBuffer::put (37 bytes)
Event: 4.157 Thread 0x00000253d80354c0 nmethod 2705 0x00000253843fea10 code [0x00000253843fec80, 0x00000253843ff648]
Event: 4.157 Thread 0x00000253d80354c0 2706   !   3       jdk.internal.misc.ScopedMemoryAccess::putByte (21 bytes)
Event: 4.158 Thread 0x00000253d80354c0 nmethod 2706 0x00000253843ffb90 code [0x00000253843ffd80, 0x00000253844001f0]
Event: 4.159 Thread 0x00000253d80354c0 2707       3       java.lang.invoke.LambdaForm$MH/0x00000253981b0400::invoke (60 bytes)
Event: 4.160 Thread 0x00000253d80354c0 nmethod 2707 0x0000025384400410 code [0x00000253844006a0, 0x00000253844012d8]
Event: 4.160 Thread 0x00000253d80354c0 2708   !   3       jdk.internal.reflect.GeneratedSerializationConstructorAccessor9::newInstance (49 bytes)
Event: 4.161 Thread 0x00000253d80354c0 nmethod 2708 0x0000025384401690 code [0x0000025384401880, 0x0000025384401c98]
Event: 4.161 Thread 0x00000253d80354c0 2709       3       sun.rmi.transport.Transport::currentTransport (10 bytes)
Event: 4.161 Thread 0x00000253d80354c0 nmethod 2709 0x0000025384401e90 code [0x0000025384402040, 0x0000025384402350]
Event: 4.161 Thread 0x00000253d80354c0 2710  s    3       java.util.Vector::indexOf (67 bytes)
Event: 4.161 Thread 0x00000253d80354c0 nmethod 2710 0x0000025384402410 code [0x0000025384402600, 0x0000025384402bc8]

GC Heap History (4 events):
Event: 1.275 GC heap before
{Heap before GC invocations=0 (full 0):
 garbage-first heap   total 262144K, used 26624K [0x0000000080000000, 0x0000000100000000)
  region size 1024K, 23 young (23552K), 0 survivors (0K)
 Metaspace       used 8219K, committed 8640K, reserved 1114112K
  class space    used 1033K, committed 1216K, reserved 1048576K
}
Event: 1.282 GC heap after
{Heap after GC invocations=1 (full 0):
 garbage-first heap   total 262144K, used 9269K [0x0000000080000000, 0x0000000100000000)
  region size 1024K, 3 young (3072K), 3 survivors (3072K)
 Metaspace       used 8219K, committed 8640K, reserved 1114112K
  class space    used 1033K, committed 1216K, reserved 1048576K
}
Event: 3.465 GC heap before
{Heap before GC invocations=1 (full 0):
 garbage-first heap   total 262144K, used 37941K [0x0000000080000000, 0x0000000100000000)
  region size 1024K, 31 young (31744K), 3 survivors (3072K)
 Metaspace       used 12951K, committed 13440K, reserved 1114112K
  class space    used 1480K, committed 1728K, reserved 1048576K
}
Event: 3.470 GC heap after
{Heap after GC invocations=2 (full 0):
 garbage-first heap   total 262144K, used 12172K [0x0000000080000000, 0x0000000100000000)
  region size 1024K, 3 young (3072K), 3 survivors (3072K)
 Metaspace       used 12951K, committed 13440K, reserved 1114112K
  class space    used 1480K, committed 1728K, reserved 1048576K
}

Dll operation events (2 events):
Event: 0.015 Loaded shared library C:\Program Files\JetBrains\PyCharm 2024.3.1.1\jbr\bin\java.dll
Event: 0.084 Loaded shared library C:\Program Files\JetBrains\PyCharm 2024.3.1.1\jbr\bin\zip.dll

Deoptimization events (20 events):
Event: 1.600 Thread 0x00000253d87942b0 Uncommon trap: trap_request=0xffffff45 fr.pc=0x000002538ba2e51c relative=0x00000000000005bc
Event: 1.600 Thread 0x00000253d87942b0 Uncommon trap: reason=unstable_if action=reinterpret pc=0x000002538ba2e51c method=sun.security.provider.SHA2.implDigest([BI)V @ 21 c2
Event: 1.600 Thread 0x00000253d87942b0 DEOPT PACKING pc=0x000002538ba2e51c sp=0x000000d06cbfe3c0
Event: 1.600 Thread 0x00000253d87942b0 DEOPT UNPACKING pc=0x000002538b4546a2 sp=0x000000d06cbfe2e8 mode 2
Event: 1.601 Thread 0x00000253d87942b0 Uncommon trap: trap_request=0xffffff45 fr.pc=0x000002538ba2f7c0 relative=0x0000000000000400
Event: 1.601 Thread 0x00000253d87942b0 Uncommon trap: reason=unstable_if action=reinterpret pc=0x000002538ba2f7c0 method=sun.security.provider.SHA2.implDigest([BI)V @ 21 c2
Event: 1.601 Thread 0x00000253d87942b0 DEOPT PACKING pc=0x000002538ba2f7c0 sp=0x000000d06cbfe320
Event: 1.601 Thread 0x00000253d87942b0 DEOPT UNPACKING pc=0x000002538b4546a2 sp=0x000000d06cbfe2d8 mode 2
Event: 1.623 Thread 0x00000253d87942b0 Uncommon trap: trap_request=0xffffff45 fr.pc=0x000002538ba3c25c relative=0x0000000000000edc
Event: 1.623 Thread 0x00000253d87942b0 Uncommon trap: reason=unstable_if action=reinterpret pc=0x000002538ba3c25c method=java.util.concurrent.ConcurrentHashMap.putVal(Ljava/lang/Object;Ljava/lang/Object;Z)Ljava/lang/Object; @ 231 c2
Event: 1.623 Thread 0x00000253d87942b0 DEOPT PACKING pc=0x000002538ba3c25c sp=0x000000d06cbfe960
Event: 1.623 Thread 0x00000253d87942b0 DEOPT UNPACKING pc=0x000002538b4546a2 sp=0x000000d06cbfe8d0 mode 2
Event: 1.819 Thread 0x00000253d87942b0 DEOPT PACKING pc=0x000002538402687d sp=0x000000d06cbfe420
Event: 1.819 Thread 0x00000253d87942b0 DEOPT UNPACKING pc=0x000002538b454e42 sp=0x000000d06cbfd8b8 mode 0
Event: 1.851 Thread 0x00000253d87942b0 DEOPT PACKING pc=0x000002538402687d sp=0x000000d06cbfe3c0
Event: 1.851 Thread 0x00000253d87942b0 DEOPT UNPACKING pc=0x000002538b454e42 sp=0x000000d06cbfd858 mode 0
Event: 3.837 Thread 0x00000253d8795cf0 Uncommon trap: trap_request=0xffffff45 fr.pc=0x000002538ba93a3c relative=0x00000000000002bc
Event: 3.837 Thread 0x00000253d8795cf0 Uncommon trap: reason=unstable_if action=reinterpret pc=0x000002538ba93a3c method=sun.nio.ch.Util$BufferCache.get(I)Ljava/nio/ByteBuffer; @ 25 c2
Event: 3.837 Thread 0x00000253d8795cf0 DEOPT PACKING pc=0x000002538ba93a3c sp=0x000000d06c2feaa0
Event: 3.837 Thread 0x00000253d8795cf0 DEOPT UNPACKING pc=0x000002538b4546a2 sp=0x000000d06c2fe9f0 mode 2

Classes loaded (20 events):
Event: 1.784 Loading class java/lang/AbstractMethodError
Event: 1.785 Loading class java/lang/AbstractMethodError done
Event: 1.800 Loading class java/lang/Byte$ByteCache
Event: 1.800 Loading class java/lang/Byte$ByteCache done
Event: 1.800 Loading class java/lang/Short$ShortCache
Event: 1.800 Loading class java/lang/Short$ShortCache done
Event: 1.802 Loading class java/util/regex/Pattern$LookBehindEndNode
Event: 1.802 Loading class java/util/regex/Pattern$LookBehindEndNode done
Event: 1.802 Loading class java/util/regex/Pattern$Behind
Event: 1.802 Loading class java/util/regex/Pattern$Behind done
Event: 1.802 Loading class java/util/regex/Pattern$Neg
Event: 1.803 Loading class java/util/regex/Pattern$Neg done
Event: 1.803 Loading class java/util/regex/Pattern$NotBehind
Event: 1.803 Loading class java/util/regex/Pattern$NotBehind done
Event: 1.803 Loading class java/util/regex/Pattern$Pos
Event: 1.803 Loading class java/util/regex/Pattern$Pos done
Event: 2.443 Loading class java/lang/ArrayIndexOutOfBoundsException
Event: 2.443 Loading class java/lang/ArrayIndexOutOfBoundsException done
Event: 3.848 Loading class java/util/Vector$1
Event: 3.848 Loading class java/util/Vector$1 done

Classes unloaded (0 events):
No events

Classes redefined (0 events):
No events

Internal exceptions (20 events):
Event: 1.626 Thread 0x00000253d87942b0 Exception <a 'java/lang/NoSuchMethodError'{0x000000008f7939f0}: 'void java.lang.invoke.DirectMethodHandle$Holder.invokeSpecial(java.lang.Object, java.lang.Object, java.lang.Object, java.lang.Object, java.lang.Object)'> (0x000000008f7939f0) 
thrown [s\src\hotspot\share\interpreter\linkResolver.cpp, line 784]
Event: 1.654 Thread 0x00000253d87942b0 Exception <a 'java/lang/NoSuchMethodError'{0x000000008f7a7ba0}: 'int java.lang.invoke.DirectMethodHandle$Holder.invokeInterface(java.lang.Object, java.lang.Object)'> (0x000000008f7a7ba0) 
thrown [s\src\hotspot\share\interpreter\linkResolver.cpp, line 784]
Event: 1.733 Thread 0x00000253d87942b0 Exception <a 'java/lang/NoSuchMethodError'{0x000000008f5321d8}: 'int java.lang.invoke.DirectMethodHandle$Holder.invokeInterface(java.lang.Object, java.lang.Object, int)'> (0x000000008f5321d8) 
thrown [s\src\hotspot\share\interpreter\linkResolver.cpp, line 784]
Event: 1.734 Thread 0x00000253d87942b0 Exception <a 'java/lang/NoSuchMethodError'{0x000000008f536628}: 'int java.lang.invoke.DirectMethodHandle$Holder.invokeSpecial(java.lang.Object, java.lang.Object, java.lang.Object, int)'> (0x000000008f536628) 
thrown [s\src\hotspot\share\interpreter\linkResolver.cpp, line 784]
Event: 1.736 Thread 0x00000253d87942b0 Exception <a 'java/lang/NoSuchMethodError'{0x000000008f548c10}: 'java.lang.Object java.lang.invoke.DirectMethodHandle$Holder.invokeStatic(java.lang.Object, java.lang.Object, java.lang.Object, java.lang.Object, int)'> (0x000000008f548c10) 
thrown [s\src\hotspot\share\interpreter\linkResolver.cpp, line 784]
Event: 1.748 Thread 0x00000253d87942b0 Exception <a 'java/lang/NoSuchMethodError'{0x000000008f573ac8}: 'void java.lang.invoke.DirectMethodHandle$Holder.invokeInterface(java.lang.Object, java.lang.Object, int)'> (0x000000008f573ac8) 
thrown [s\src\hotspot\share\interpreter\linkResolver.cpp, line 784]
Event: 1.749 Thread 0x00000253d87942b0 Exception <a 'java/lang/NoSuchMethodError'{0x000000008f577950}: 'void java.lang.invoke.DelegatingMethodHandle$Holder.reinvoke_L(java.lang.Object, java.lang.Object, int)'> (0x000000008f577950) 
thrown [s\src\hotspot\share\interpreter\linkResolver.cpp, line 784]
Event: 1.781 Thread 0x00000253d87942b0 Exception <a 'java/lang/NoSuchMethodError'{0x000000008f5cb750}: 'void java.lang.invoke.DirectMethodHandle$Holder.invokeInterface(java.lang.Object, java.lang.Object)'> (0x000000008f5cb750) 
thrown [s\src\hotspot\share\interpreter\linkResolver.cpp, line 784]
Event: 1.804 Thread 0x00000253d87942b0 Exception <a 'java/lang/NoSuchMethodError'{0x000000008f48e9d8}: static Lcom/intellij/database/remote/jdba/core/ConnectionInfo;.<clinit>()V> (0x000000008f48e9d8) 
thrown [s\src\hotspot\share\prims\jni.cpp, line 1135]
Event: 1.805 Thread 0x00000253d87942b0 Exception <a 'java/lang/NoSuchMethodError'{0x000000008f499500}: static Ljava/lang/Object;.<clinit>()V> (0x000000008f499500) 
thrown [s\src\hotspot\share\prims\jni.cpp, line 1135]
Event: 1.805 Thread 0x00000253d87942b0 Exception <a 'java/lang/NoSuchMethodError'{0x000000008f49dae0}: static [I.<clinit>()V> (0x000000008f49dae0) 
thrown [s\src\hotspot\share\prims\jni.cpp, line 1135]
Event: 1.830 Thread 0x00000253d87942b0 Exception <a 'java/lang/NoSuchMethodError'{0x000000008f4c2208}: 'java.lang.Object java.lang.invoke.DirectMethodHandle$Holder.invokeInterface(java.lang.Object, java.lang.Object, java.lang.Object, java.lang.Object)'> (0x000000008f4c2208) 
thrown [s\src\hotspot\share\interpreter\linkResolver.cpp, line 784]
Event: 1.917 Thread 0x00000253d87942b0 Exception <a 'java/lang/NoSuchMethodError'{0x000000008f2dfa18}: static Lcom/intellij/database/remote/jdba/core/ResultLayout;.<clinit>()V> (0x000000008f2dfa18) 
thrown [s\src\hotspot\share\prims\jni.cpp, line 1135]
Event: 1.919 Thread 0x00000253d87942b0 Exception <a 'java/lang/NoSuchMethodError'{0x000000008f2ecbe0}: static Lcom/intellij/database/remote/jdba/core/RowLayout;.<clinit>()V> (0x000000008f2ecbe0) 
thrown [s\src\hotspot\share\prims\jni.cpp, line 1135]
Event: 1.920 Thread 0x00000253d87942b0 Exception <a 'java/lang/NoSuchMethodError'{0x000000008f2faee0}: static Lcom/intellij/database/remote/jdba/util/NameAndClass;.<clinit>()V> (0x000000008f2faee0) 
thrown [s\src\hotspot\share\prims\jni.cpp, line 1135]
Event: 1.921 Thread 0x00000253d87942b0 Exception <a 'java/lang/NoSuchMethodError'{0x000000008f2fdbf0}: 'java.lang.Object java.lang.invoke.DirectMethodHandle$Holder.invokeInterface(java.lang.Object, java.lang.Object, int, java.lang.Object)'> (0x000000008f2fdbf0) 
thrown [s\src\hotspot\share\interpreter\linkResolver.cpp, line 784]
Event: 1.922 Thread 0x00000253d87942b0 Exception <a 'java/lang/NoSuchMethodError'{0x000000008f102020}: 'java.lang.Object java.lang.invoke.DirectMethodHandle$Holder.invokeSpecial(java.lang.Object, java.lang.Object, java.lang.Object, int, java.lang.Object)'> (0x000000008f102020) 
thrown [s\src\hotspot\share\interpreter\linkResolver.cpp, line 784]
Event: 2.294 Thread 0x00000253d87942b0 Exception <a 'java/lang/NoSuchMethodError'{0x000000008f0a34f8}: static [Ljava/lang/Object;.<clinit>()V> (0x000000008f0a34f8) 
thrown [s\src\hotspot\share\prims\jni.cpp, line 1135]
Event: 2.354 Thread 0x00000253d87942b0 Exception <a 'java/lang/NoSuchMethodError'{0x000000008f0f61a0}: static [J.<clinit>()V> (0x000000008f0f61a0) 
thrown [s\src\hotspot\share\prims\jni.cpp, line 1135]
Event: 3.672 Thread 0x00000253d87921e0 Exception <a 'java/lang/NoSuchMethodError'{0x000000008fca0aa8}: static [Ljava/lang/String;.<clinit>()V> (0x000000008fca0aa8) 
thrown [s\src\hotspot\share\prims\jni.cpp, line 1135]

ZGC Phase Switch (0 events):
No events

VM Operations (20 events):
Event: 1.374 Executing VM operation: HandshakeAllThreads (Deoptimize)
Event: 1.374 Executing VM operation: HandshakeAllThreads (Deoptimize) done
Event: 1.400 Executing VM operation: HandshakeAllThreads (Deoptimize)
Event: 1.400 Executing VM operation: HandshakeAllThreads (Deoptimize) done
Event: 1.416 Executing VM operation: HandshakeAllThreads (Deoptimize)
Event: 1.416 Executing VM operation: HandshakeAllThreads (Deoptimize) done
Event: 1.440 Executing VM operation: HandshakeAllThreads (Deoptimize)
Event: 1.440 Executing VM operation: HandshakeAllThreads (Deoptimize) done
Event: 1.512 Executing VM operation: HandshakeAllThreads (Deoptimize)
Event: 1.512 Executing VM operation: HandshakeAllThreads (Deoptimize) done
Event: 1.512 Executing VM operation: HandshakeAllThreads (Deoptimize)
Event: 1.512 Executing VM operation: HandshakeAllThreads (Deoptimize) done
Event: 1.921 Executing VM operation: ICBufferFull
Event: 1.921 Executing VM operation: ICBufferFull done
Event: 2.921 Executing VM operation: Cleanup
Event: 2.921 Executing VM operation: Cleanup done
Event: 3.465 Executing VM operation: G1CollectForAllocation (G1 Evacuation Pause)
Event: 3.470 Executing VM operation: G1CollectForAllocation (G1 Evacuation Pause) done
Event: 3.671 Executing VM operation: HandshakeAllThreads (Deoptimize)
Event: 3.671 Executing VM operation: HandshakeAllThreads (Deoptimize) done

Memory protections (0 events):
No events

Nmethod flushes (0 events):
No events

Events (20 events):
Event: 3.853 Thread 0x00000253dde575e0 Thread exited: 0x00000253dde575e0
Event: 3.853 Thread 0x00000253dde56f50 Thread exited: 0x00000253dde56f50
Event: 3.853 Thread 0x00000253dde48960 Thread exited: 0x00000253dde48960
Event: 3.853 Thread 0x00000253dde4c470 Thread exited: 0x00000253dde4c470
Event: 3.854 Thread 0x00000253dde57c70 Thread exited: 0x00000253dde57c70
Event: 3.854 Thread 0x00000253ddfcb9f0 Thread exited: 0x00000253ddfcb9f0
Event: 3.854 Thread 0x00000253ddfcdac0 Thread exited: 0x00000253ddfcdac0
Event: 3.854 Thread 0x00000253ddfcc080 Thread exited: 0x00000253ddfcc080
Event: 3.855 Thread 0x00000253ddfce7e0 Thread exited: 0x00000253ddfce7e0
Event: 3.855 Thread 0x00000253dde47c40 Thread exited: 0x00000253dde47c40
Event: 3.855 Thread 0x00000253dde482d0 Thread exited: 0x00000253dde482d0
Event: 3.855 Thread 0x00000253dde4aa30 Thread exited: 0x00000253dde4aa30
Event: 3.855 Thread 0x00000253dde46890 Thread exited: 0x00000253dde46890
Event: 3.855 Thread 0x00000253dde59d40 Thread exited: 0x00000253dde59d40
Event: 3.856 Thread 0x00000253dde5cb30 Thread exited: 0x00000253dde5cb30
Event: 3.856 Thread 0x00000253ddfcb360 Thread exited: 0x00000253ddfcb360
Event: 3.856 Thread 0x00000253dde46f20 Thread exited: 0x00000253dde46f20
Event: 3.856 Thread 0x00000253dde5be10 Thread exited: 0x00000253dde5be10
Event: 3.856 Thread 0x00000253dde5d850 Thread exited: 0x00000253dde5d850
Event: 4.068 Thread 0x00000253d80354c0 Thread added: 0x00000253ddd1e450


Dynamic libraries:
0x00007ff7df270000 - 0x00007ff7df27a000 	C:\Program Files\JetBrains\PyCharm 2024.3.1.1\jbr\bin\java.exe
0x00007fff824b0000 - 0x00007fff826a5000 	C:\Windows\SYSTEM32\ntdll.dll
0x00007fff81bb0000 - 0x00007fff81c6e000 	C:\Windows\System32\KERNEL32.DLL
0x00007fff7fc90000 - 0x00007fff7ff58000 	C:\Windows\System32\KERNELBASE.dll
0x00007fff7ff60000 - 0x00007fff80060000 	C:\Windows\System32\ucrtbase.dll
0x00007fff79530000 - 0x00007fff79548000 	C:\Program Files\JetBrains\PyCharm 2024.3.1.1\jbr\bin\jli.dll
0x00007fff79590000 - 0x00007fff795ab000 	C:\Program Files\JetBrains\PyCharm 2024.3.1.1\jbr\bin\VCRUNTIME140.dll
0x00007fff817e0000 - 0x00007fff81980000 	C:\Windows\System32\USER32.dll
0x00007fff6e0a0000 - 0x00007fff6e33a000 	C:\Windows\WinSxS\amd64_microsoft.windows.common-controls_6595b64144ccf1df_6.0.19041.1110_none_60b5254171f9507e\COMCTL32.dll
0x00007fff7fc60000 - 0x00007fff7fc82000 	C:\Windows\System32\win32u.dll
0x00007fff81b10000 - 0x00007fff81bae000 	C:\Windows\System32\msvcrt.dll
0x00007fff80570000 - 0x00007fff8059a000 	C:\Windows\System32\GDI32.dll
0x00007fff801a0000 - 0x00007fff802ab000 	C:\Windows\System32\gdi32full.dll
0x00007fff80100000 - 0x00007fff8019d000 	C:\Windows\System32\msvcp_win.dll
0x00007fff80b30000 - 0x00007fff80b60000 	C:\Windows\System32\IMM32.DLL
0x00007fff7b1e0000 - 0x00007fff7b1ec000 	C:\Program Files\JetBrains\PyCharm 2024.3.1.1\jbr\bin\vcruntime140_1.dll
0x00007fff638a0000 - 0x00007fff6392d000 	C:\Program Files\JetBrains\PyCharm 2024.3.1.1\jbr\bin\msvcp140.dll
0x00007fff57020000 - 0x00007fff57de1000 	C:\Program Files\JetBrains\PyCharm 2024.3.1.1\jbr\bin\server\jvm.dll
0x00007fff80b60000 - 0x00007fff80c0e000 	C:\Windows\System32\ADVAPI32.dll
0x00007fff81100000 - 0x00007fff8119c000 	C:\Windows\System32\sechost.dll
0x00007fff81980000 - 0x00007fff81aa5000 	C:\Windows\System32\RPCRT4.dll
0x00007fff81540000 - 0x00007fff815ab000 	C:\Windows\System32\WS2_32.dll
0x00007fff752b0000 - 0x00007fff752d7000 	C:\Windows\SYSTEM32\WINMM.dll
0x00007fff752e0000 - 0x00007fff752ea000 	C:\Windows\SYSTEM32\VERSION.dll
0x00007fff7fa40000 - 0x00007fff7fa8b000 	C:\Windows\SYSTEM32\POWRPROF.dll
0x00007fff7fa20000 - 0x00007fff7fa32000 	C:\Windows\SYSTEM32\UMPDC.dll
0x00007fff7e480000 - 0x00007fff7e492000 	C:\Windows\SYSTEM32\kernel.appcore.dll
0x00007fff7b1c0000 - 0x00007fff7b1ca000 	C:\Program Files\JetBrains\PyCharm 2024.3.1.1\jbr\bin\jimage.dll
0x00007fff7d750000 - 0x00007fff7d934000 	C:\Windows\SYSTEM32\DBGHELP.DLL
0x00007fff6b120000 - 0x00007fff6b14c000 	C:\Windows\SYSTEM32\dbgcore.DLL
0x00007fff7fbd0000 - 0x00007fff7fc52000 	C:\Windows\System32\bcryptPrimitives.dll
0x00007fff79510000 - 0x00007fff79530000 	C:\Program Files\JetBrains\PyCharm 2024.3.1.1\jbr\bin\java.dll
0x00007fff81d20000 - 0x00007fff82464000 	C:\Windows\System32\SHELL32.dll
0x00007fff7dcd0000 - 0x00007fff7e464000 	C:\Windows\SYSTEM32\windows.storage.dll
0x00007fff80da0000 - 0x00007fff810f4000 	C:\Windows\System32\combase.dll
0x00007fff7f570000 - 0x00007fff7f59c000 	C:\Windows\SYSTEM32\Wldp.dll
0x00007fff812d0000 - 0x00007fff8137d000 	C:\Windows\System32\SHCORE.dll
0x00007fff81ab0000 - 0x00007fff81b05000 	C:\Windows\System32\shlwapi.dll
0x00007fff7fb10000 - 0x00007fff7fb2f000 	C:\Windows\SYSTEM32\profapi.dll
0x00007fff78ea0000 - 0x00007fff78eb8000 	C:\Program Files\JetBrains\PyCharm 2024.3.1.1\jbr\bin\zip.dll
0x00007fff7b140000 - 0x00007fff7b150000 	C:\Program Files\JetBrains\PyCharm 2024.3.1.1\jbr\bin\net.dll
0x00007fff70930000 - 0x00007fff70a3a000 	C:\Windows\SYSTEM32\WINHTTP.dll
0x00007fff7f2d0000 - 0x00007fff7f33a000 	C:\Windows\system32\mswsock.dll
0x00007fff78c90000 - 0x00007fff78ca6000 	C:\Program Files\JetBrains\PyCharm 2024.3.1.1\jbr\bin\nio.dll
0x00007fff7efc0000 - 0x00007fff7effb000 	C:\Windows\SYSTEM32\IPHLPAPI.DLL
0x00007fff80d90000 - 0x00007fff80d98000 	C:\Windows\System32\NSI.dll
0x00007fff7f4c0000 - 0x00007fff7f4d8000 	C:\Windows\SYSTEM32\CRYPTSP.dll
0x00007fff7ec50000 - 0x00007fff7ec84000 	C:\Windows\system32\rsaenh.dll
0x00007fff80060000 - 0x00007fff80087000 	C:\Windows\System32\bcrypt.dll
0x00007fff7fa90000 - 0x00007fff7fabe000 	C:\Windows\SYSTEM32\USERENV.dll
0x00007fff7f4e0000 - 0x00007fff7f4ec000 	C:\Windows\SYSTEM32\CRYPTBASE.dll
0x00007fff78950000 - 0x00007fff78959000 	C:\Program Files\JetBrains\PyCharm 2024.3.1.1\jbr\bin\extnet.dll
0x00007fff78350000 - 0x00007fff78357000 	C:\Program Files\JetBrains\PyCharm 2024.3.1.1\jbr\bin\rmi.dll
0x00007fff7f000000 - 0x00007fff7f0cb000 	C:\Windows\SYSTEM32\DNSAPI.dll
0x00007fff70830000 - 0x00007fff7083a000 	C:\Windows\System32\rasadhlp.dll
0x00007fff70850000 - 0x00007fff708cf000 	C:\Windows\System32\fwpuclnt.dll
0x00007fff79ef0000 - 0x00007fff79ef9000 	C:\Program Files\JetBrains\PyCharm 2024.3.1.1\jbr\bin\management.dll
0x00007fff79820000 - 0x00007fff7982b000 	C:\Program Files\JetBrains\PyCharm 2024.3.1.1\jbr\bin\management_ext.dll
0x00007fff81380000 - 0x00007fff81388000 	C:\Windows\System32\PSAPI.DLL
0x00007fff79500000 - 0x00007fff7950e000 	C:\Program Files\JetBrains\PyCharm 2024.3.1.1\jbr\bin\sunmscapi.dll
0x00007fff80300000 - 0x00007fff80456000 	C:\Windows\System32\CRYPT32.dll
0x00007fff7f5e0000 - 0x00007fff7f607000 	C:\Windows\SYSTEM32\ncrypt.dll
0x00007fff7f5a0000 - 0x00007fff7f5db000 	C:\Windows\SYSTEM32\NTASN1.dll

dbghelp: loaded successfully - version: 4.0.5 - missing functions: none
symbol engine: initialized successfully - sym options: 0x614 - pdb path: .;C:\Program Files\JetBrains\PyCharm 2024.3.1.1\jbr\bin;C:\Windows\SYSTEM32;C:\Windows\WinSxS\amd64_microsoft.windows.common-controls_6595b64144ccf1df_6.0.19041.1110_none_60b5254171f9507e;C:\Program Files\JetBrains\PyCharm 2024.3.1.1\jbr\bin\server

VM Arguments:
jvm_args: -Djava.rmi.server.hostname=127.0.0.1 -Duser.timezone=UTC -Xmx2048m -Xms256m -Djdbc.classpath=C:\Users\k\AppData\Local\Temp\RemoteDriver.classpath.txt --add-exports=java.desktop/sun.awt=ALL-UNNAMED --add-exports=java.desktop/java.awt.peer=ALL-UNNAMED --add-opens=java.desktop/java.awt=ALL-UNNAMED --add-opens=jdk.unsupported/sun.misc=ALL-UNNAMED --add-opens=java.base/java.nio=ALL-UNNAMED --add-opens=java.base/java.util=ALL-UNNAMED -Dfile.encoding=UTF-8 -Dsun.stdout.encoding=UTF-8 -Dsun.stderr.encoding=UTF-8 
java_command: com.intellij.database.remote.RemoteJdbcServer org.postgresql.Driver
java_class_path (initial): C:\Program Files\JetBrains\PyCharm 2024.3.1.1\lib\util_rt.jar;C:\Program Files\JetBrains\PyCharm 2024.3.1.1\lib\util-8.jar;C:\Program Files\JetBrains\PyCharm 2024.3.1.1\lib\groovy.jar;C:\Program Files\JetBrains\PyCharm 2024.3.1.1\plugins\DatabaseTools\lib\jdbc-console.jar;C:\Program Files\JetBrains\PyCharm 2024.3.1.1\plugins\grid-core-impl\lib\jdbc-console-types.jar;C:\Program Files\JetBrains\PyCharm 2024.3.1.1\lib\util.jar;C:\Program Files\JetBrains\PyCharm 2024.3.1.1\lib\bouncy-castle.jar
Launcher Type: SUN_STANDARD

[Global flags]
     intx CICompilerCount                          = 4                                         {product} {ergonomic}
     uint ConcGCThreads                            = 3                                         {product} {ergonomic}
     uint G1ConcRefinementThreads                  = 10                                        {product} {ergonomic}
   size_t G1HeapRegionSize                         = 1048576                                   {product} {ergonomic}
    uintx GCDrainStackTargetSize                   = 64                                        {product} {ergonomic}
   size_t InitialHeapSize                          = 268435456                                 {product} {command line}
   size_t MarkStackSize                            = 4194304                                   {product} {ergonomic}
   size_t MaxHeapSize                              = 2147483648                                {product} {command line}
   size_t MaxNewSize                               = 1287651328                                {product} {ergonomic}
   size_t MinHeapDeltaBytes                        = 1048576                                   {product} {ergonomic}
   size_t MinHeapSize                              = 268435456                                 {product} {command line}
    uintx NonNMethodCodeHeapSize                   = 5839372                                {pd product} {ergonomic}
    uintx NonProfiledCodeHeapSize                  = 122909434                              {pd product} {ergonomic}
    uintx ProfiledCodeHeapSize                     = 122909434                              {pd product} {ergonomic}
    uintx ReservedCodeCacheSize                    = 251658240                              {pd product} {ergonomic}
     bool SegmentedCodeCache                       = true                                      {product} {ergonomic}
   size_t SoftMaxHeapSize                          = 2147483648                             {manageable} {ergonomic}
     bool UseCompressedOops                        = true                           {product lp64_product} {ergonomic}
     bool UseG1GC                                  = true                                      {product} {ergonomic}
     bool UseLargePagesIndividualAllocation        = false                                  {pd product} {ergonomic}

Logging:
Log output configuration:
 #0: stdout all=warning uptime,level,tags foldmultilines=false
 #1: stderr all=off uptime,level,tags foldmultilines=false

Environment Variables:
PATH=C:\Windows\system32;C:\Windows;C:\Windows\System32\Wbem;C:\Windows\System32\WindowsPowerShell\v1.0\;C:\Windows\System32\OpenSSH\;C:\Program Files\Git\cmd;C:\ProgramData\chocolatey\bin;C:\Program Files\nodejs\;C:\Program Files\PuTTY\;C:\Program Files\dotnet\;C:\Program Files\PostgreSQL\16\bin;C:\Users\k\AppData\Local\Programs\Python\Python310\Scripts;C:\Program Files\PuTTY;C:\Program Files\MySQL\MySQL Shell 8.0\bin\;C:\Users\k\.pyenv\pyenv-win\bin;C:\Users\k\.pyenv\pyenv-win\shims;C:\Users\k\AppData\Local\Microsoft\WindowsApps;C:\Program Files\JetBrains\PyCharm 2022.1.1\bin;C:\Program Files\JetBrains\PyCharm 2024.3.1.1\bin;;C:\Users\k\AppData\Roaming\npm;C:\Users\k\AppData\Local\Programs\Python\Python310\Scripts;
USERNAME=k
OS=Windows_NT
PROCESSOR_IDENTIFIER=AMD64 Family 23 Model 104 Stepping 1, AuthenticAMD
TMP=C:\Users\k\AppData\Local\Temp
TEMP=C:\Users\k\AppData\Local\Temp




Periodic native trim disabled

JNI global refs:
JNI global refs: 18, weak refs: 0

JNI global refs memory usage: 835, weak refs: 833

Process memory usage:
Resident Set Size: 140404K (0% of 14498364K total physical memory with 512660K free physical memory)

OOME stack traces (most recent first):
Classloader memory used:
Loader bootstrap                                                                       : 7461K
Loader jdk.internal.loader.ClassLoaders$AppClassLoader                                 : 3323K
Loader com.intellij.database.remote.jdbc.impl.JdbcClassLoader$JdbcClassLoaderImpl      : 1783K
Loader jdk.internal.loader.ClassLoaders$PlatformClassLoader                            : 419K
Loader jdk.internal.reflect.DelegatingClassLoader                                      : 142K
Loader com.intellij.database.remote.jdbc.impl.JdbcClassLoader$1                        : 6904B

---------------  S Y S T E M  ---------------

OS:
 Windows 10 , 64 bit Build 19041 (10.0.19041.1566)
OS uptime: 66 days 23:46 hours

CPU: total 12 (initial active 12) (12 cores per cpu, 2 threads per core) family 23 model 104 stepping 1 microcode 0x0, cx8, cmov, fxsr, ht, mmx, 3dnowpref, sse, sse2, sse3, ssse3, sse4a, sse4.1, sse4.2, popcnt, lzcnt, tsc, tscinvbit, avx, avx2, aes, clmul, bmi1, bmi2, adx, sha, fma, vzeroupper, clflush, clflushopt, rdtscp, rdpid, f16c
Processor Information for all 12 processors :
  Max Mhz: 2100, Current Mhz: 2100, Mhz Limit: 2100

Memory: 4k page, system-wide physical 14158M (500M free)
TotalPageFile size 57166M (AvailPageFile size 4M)
current process WorkingSet (physical memory assigned to process): 137M, peak: 137M
current process commit charge ("private bytes"): 396M, peak: 397M

vm_info: OpenJDK 64-Bit Server VM (21.0.5+8-b631.28) for windows-amd64 JRE (21.0.5+8-b631.28), built on 2024-11-23 by "builduser" with MS VC++ 16.10 / 16.11 (VS2019)

END.
