[2025-05-30 19:04:30] [INFO] Start to create CommentFactory class
[2025-05-30 19:04:30] [INFO] End to create CommentFactory class
[2025-05-30 19:04:31] [INFO] Call setup_comment function
[2025-05-30 19:04:31] [INFO] Random Task has owner nwilcox
[2025-05-30 19:04:31] [INFO] Comment to task Enter public later product pull suggest myself.
[2025-05-30 19:04:31] [INFO] Comment by author nwilcox
[2025-05-30 19:04:31] [INFO] Call setup_comment function
[2025-05-30 19:04:31] [INFO] Random Task has owner nwilcox
[2025-05-30 19:04:31] [INFO] Comment to task Usually his stock until without air measure.
[2025-05-30 19:04:31] [INFO] Comment by author nwilcox
[2025-05-30 19:04:31] [INFO] Call setup_comment function
[2025-05-30 19:04:31] [INFO] Random Task has owner caldwellderrick
[2025-05-30 19:04:31] [INFO] Comment to task Day true rather food him.
[2025-05-30 19:04:31] [INFO] Comment by author caldwellderrick
[2025-05-30 19:04:32] [INFO] Call setup_comment function
[2025-05-30 19:04:32] [INFO] Random Task has owner melissa39
[2025-05-30 19:04:32] [INFO] Comment to task Prevent future hospital down.
[2025-05-30 19:04:32] [INFO] Comment by author melissa39
[2025-05-30 19:04:32] [INFO] Call setup_comment function
[2025-05-30 19:04:32] [INFO] Random Task has owner caldwellderrick
[2025-05-30 19:04:32] [INFO] Comment to task Radio everything establish compare.
[2025-05-30 19:04:32] [INFO] Comment by author caldwellderrick
[2025-05-30 19:04:33] [INFO] Call setup_comment function
[2025-05-30 19:04:33] [INFO] Random Task has owner melissa39
[2025-05-30 19:04:33] [INFO] Comment to task Account everything significant speak pretty water.
[2025-05-30 19:04:33] [INFO] Comment by author melissa39
[2025-05-30 19:04:33] [INFO] Call setup_comment function
[2025-05-30 19:04:33] [INFO] Random Task has owner nwilcox
[2025-05-30 19:04:33] [INFO] Comment to task Not six shake public lay each.
[2025-05-30 19:04:33] [INFO] Comment by author nwilcox
[2025-05-30 19:04:33] [INFO] Call setup_comment function
[2025-05-30 19:04:33] [INFO] Random Task has owner timothymurphy
[2025-05-30 19:04:33] [INFO] Comment to task Friend public security activity peace reason.
[2025-05-30 19:04:33] [INFO] Comment by author timothymurphy
[2025-05-30 19:04:34] [INFO] Call setup_comment function
[2025-05-30 19:04:34] [INFO] Random Task has owner caldwellderrick
[2025-05-30 19:04:34] [INFO] Comment to task Foot success subject shake black identify organization.
[2025-05-30 19:04:34] [INFO] Comment by author caldwellderrick
[2025-05-30 19:04:34] [INFO] Call setup_comment function
[2025-05-30 19:04:34] [INFO] Random Task has owner caldwellderrick
[2025-05-30 19:04:34] [INFO] Comment to task Detail land strong expert strong lawyer care.
[2025-05-30 19:04:34] [INFO] Comment by author caldwellderrick
[2025-05-30 19:04:34] [INFO] Call setup_comment function
[2025-05-30 19:04:34] [INFO] Random Task has owner gainestracey
[2025-05-30 19:04:34] [INFO] Comment to task Measure hospital view short process quite remember.
[2025-05-30 19:04:34] [INFO] Comment by author gainestracey
[2025-05-30 19:04:35] [INFO] Call setup_comment function
[2025-05-30 19:04:35] [INFO] Random Task has owner melissa39
[2025-05-30 19:04:35] [INFO] Comment to task Prevent future hospital down.
[2025-05-30 19:04:35] [INFO] Comment by author melissa39
[2025-05-30 19:04:35] [INFO] Call setup_comment function
[2025-05-30 19:04:35] [INFO] Random Task has owner sarahlutz
[2025-05-30 19:04:35] [INFO] Comment to task Blood one four.
[2025-05-30 19:04:35] [INFO] Comment by author sarahlutz
[2025-05-30 19:04:36] [INFO] Call setup_comment function
[2025-05-30 19:04:36] [INFO] Random Task has owner deborahmurphy
[2025-05-30 19:04:36] [INFO] Comment to task Career include exactly.
[2025-05-30 19:04:36] [INFO] Comment by author deborahmurphy
[2025-05-30 19:04:36] [INFO] Call setup_comment function
[2025-05-30 19:04:36] [INFO] Random Task has owner wlopez
[2025-05-30 19:04:36] [INFO] Comment to task Civil laugh far start writer.
[2025-05-30 19:04:36] [INFO] Comment by author wlopez
[2025-05-30 19:04:36] [INFO] Call setup_comment function
[2025-05-30 19:04:36] [INFO] Random Task has owner sarahlutz
[2025-05-30 19:04:36] [INFO] Comment to task Step high so game pretty party nation.
[2025-05-30 19:04:36] [INFO] Comment by author sarahlutz
[2025-05-30 19:04:37] [INFO] Call setup_comment function
[2025-05-30 19:04:37] [INFO] Random Task has owner nwilcox
[2025-05-30 19:04:37] [INFO] Comment to task Put painting think task goal improve.
[2025-05-30 19:04:37] [INFO] Comment by author nwilcox
[2025-05-30 19:04:37] [INFO] Call setup_comment function
[2025-05-30 19:04:37] [INFO] Random Task has owner sarahlutz
[2025-05-30 19:04:37] [INFO] Comment to task Control my bit strong statement.
[2025-05-30 19:04:37] [INFO] Comment by author sarahlutz
[2025-05-30 19:04:37] [INFO] Call setup_comment function
[2025-05-30 19:04:37] [INFO] Random Task has owner brandy39
[2025-05-30 19:04:37] [INFO] Comment to task Experience table fish machine same spend may.
[2025-05-30 19:04:37] [INFO] Comment by author brandy39
[2025-05-30 19:04:38] [INFO] Call setup_comment function
[2025-05-30 19:04:38] [INFO] Random Task has owner timothymurphy
[2025-05-30 19:04:38] [INFO] Comment to task Other rest service treat.
[2025-05-30 19:04:38] [INFO] Comment by author timothymurphy
[2025-05-30 19:04:38] [INFO] Call setup_comment function
[2025-05-30 19:04:38] [INFO] Random Task has owner brandy39
[2025-05-30 19:04:38] [INFO] Comment to task Experience table fish machine same spend may.
[2025-05-30 19:04:38] [INFO] Comment by author brandy39
[2025-05-30 19:04:39] [INFO] Call setup_comment function
[2025-05-30 19:04:39] [INFO] Random Task has owner deborahmurphy
[2025-05-30 19:04:39] [INFO] Comment to task She hand open property television information far.
[2025-05-30 19:04:39] [INFO] Comment by author deborahmurphy
[2025-05-30 19:04:39] [INFO] Call setup_comment function
[2025-05-30 19:04:39] [INFO] Random Task has owner wlopez
[2025-05-30 19:04:39] [INFO] Comment to task Occur out successful my.
[2025-05-30 19:04:39] [INFO] Comment by author wlopez
[2025-05-30 19:04:39] [INFO] Call setup_comment function
[2025-05-30 19:04:39] [INFO] Random Task has owner caldwellderrick
[2025-05-30 19:04:39] [INFO] Comment to task Detail land strong expert strong lawyer care.
[2025-05-30 19:04:39] [INFO] Comment by author caldwellderrick
[2025-05-30 19:04:40] [INFO] Call setup_comment function
[2025-05-30 19:04:40] [INFO] Random Task has owner caldwellderrick
[2025-05-30 19:04:40] [INFO] Comment to task Close about some Mr new.
[2025-05-30 19:04:40] [INFO] Comment by author caldwellderrick
[2025-05-30 19:04:40] [INFO] Call setup_comment function
[2025-05-30 19:04:40] [INFO] Random Task has owner nwilcox
[2025-05-30 19:04:40] [INFO] Comment to task Management according from people note college.
[2025-05-30 19:04:40] [INFO] Comment by author nwilcox
[2025-05-30 19:04:40] [INFO] Call setup_comment function
[2025-05-30 19:04:40] [INFO] Random Task has owner gainestracey
[2025-05-30 19:04:40] [INFO] Comment to task Since walk once many.
[2025-05-30 19:04:40] [INFO] Comment by author gainestracey
[2025-05-30 19:04:41] [INFO] Call setup_comment function
[2025-05-30 19:04:41] [INFO] Random Task has owner caldwellderrick
[2025-05-30 19:04:41] [INFO] Comment to task Shoulder contain real reveal other actually.
[2025-05-30 19:04:41] [INFO] Comment by author caldwellderrick
[2025-05-30 19:04:41] [INFO] Call setup_comment function
[2025-05-30 19:04:41] [INFO] Random Task has owner gainestracey
[2025-05-30 19:04:41] [INFO] Comment to task Measure hospital view short process quite remember.
[2025-05-30 19:04:41] [INFO] Comment by author gainestracey
[2025-05-30 19:04:41] [INFO] Call setup_comment function
[2025-05-30 19:04:42] [INFO] Random Task has owner melissa39
[2025-05-30 19:04:42] [INFO] Comment to task Prevent anything collection change series rock like.
[2025-05-30 19:04:42] [INFO] Comment by author melissa39
[2025-05-30 19:04:42] [INFO] Call setup_comment function
[2025-05-30 19:04:42] [INFO] Random Task has owner timothymurphy
[2025-05-30 19:04:42] [INFO] Comment to task Other rest service treat.
[2025-05-30 19:04:42] [INFO] Comment by author timothymurphy
[2025-05-30 19:04:42] [INFO] Call setup_comment function
[2025-05-30 19:04:42] [INFO] Random Task has owner sarahlutz
[2025-05-30 19:04:42] [INFO] Comment to task Be stock recognize group must need.
[2025-05-30 19:04:42] [INFO] Comment by author sarahlutz
[2025-05-30 19:04:43] [INFO] Call setup_comment function
[2025-05-30 19:04:43] [INFO] Random Task has owner sarahlutz
[2025-05-30 19:04:43] [INFO] Comment to task Control my bit strong statement.
[2025-05-30 19:04:43] [INFO] Comment by author sarahlutz
[2025-05-30 19:04:43] [INFO] Call setup_comment function
[2025-05-30 19:04:43] [INFO] Random Task has owner melissa39
[2025-05-30 19:04:43] [INFO] Comment to task Role argue tonight important less trial school.
[2025-05-30 19:04:43] [INFO] Comment by author melissa39
[2025-05-30 19:04:43] [INFO] Call setup_comment function
[2025-05-30 19:04:43] [INFO] Random Task has owner brandy39
[2025-05-30 19:04:43] [INFO] Comment to task Base agency once.
[2025-05-30 19:04:43] [INFO] Comment by author brandy39
[2025-05-30 19:04:44] [INFO] Call setup_comment function
[2025-05-30 19:04:44] [INFO] Random Task has owner timothymurphy
[2025-05-30 19:04:44] [INFO] Comment to task Other rest service treat.
[2025-05-30 19:04:44] [INFO] Comment by author timothymurphy
[2025-05-30 19:04:44] [INFO] Call setup_comment function
[2025-05-30 19:04:44] [INFO] Random Task has owner brandy39
[2025-05-30 19:04:44] [INFO] Comment to task Avoid enough according language thousand million.
[2025-05-30 19:04:44] [INFO] Comment by author brandy39
[2025-05-30 19:04:44] [INFO] Call setup_comment function
[2025-05-30 19:04:44] [INFO] Random Task has owner wlopez
[2025-05-30 19:04:44] [INFO] Comment to task Under against ahead political.
[2025-05-30 19:04:44] [INFO] Comment by author wlopez
[2025-05-30 19:04:45] [INFO] Call setup_comment function
[2025-05-30 19:04:45] [INFO] Random Task has owner timothymurphy
[2025-05-30 19:04:45] [INFO] Comment to task Friend public security activity peace reason.
[2025-05-30 19:04:45] [INFO] Comment by author timothymurphy
[2025-05-30 19:04:45] [INFO] Call setup_comment function
[2025-05-30 19:04:45] [INFO] Random Task has owner caldwellderrick
[2025-05-30 19:04:45] [INFO] Comment to task Industry read Congress industry care.
[2025-05-30 19:04:45] [INFO] Comment by author caldwellderrick
[2025-05-30 19:04:46] [INFO] Call setup_comment function
[2025-05-30 19:04:46] [INFO] Random Task has owner nwilcox
[2025-05-30 19:04:46] [INFO] Comment to task Management according from people note college.
[2025-05-30 19:04:46] [INFO] Comment by author nwilcox
[2025-05-30 19:04:46] [INFO] Call setup_comment function
[2025-05-30 19:04:46] [INFO] Random Task has owner sarahlutz
[2025-05-30 19:04:46] [INFO] Comment to task Be stock recognize group must need.
[2025-05-30 19:04:46] [INFO] Comment by author sarahlutz
[2025-05-30 19:04:46] [INFO] Call setup_comment function
[2025-05-30 19:04:46] [INFO] Random Task has owner nwilcox
[2025-05-30 19:04:46] [INFO] Comment to task Everyone wife economy.
[2025-05-30 19:04:46] [INFO] Comment by author nwilcox
[2025-05-30 19:04:47] [INFO] Call setup_comment function
[2025-05-30 19:04:47] [INFO] Random Task has owner clarksarah
[2025-05-30 19:04:47] [INFO] Comment to task Behind own value heavy defense tend job anything.
[2025-05-30 19:04:47] [INFO] Comment by author clarksarah
[2025-05-30 19:04:47] [INFO] Call setup_comment function
[2025-05-30 19:04:47] [INFO] Random Task has owner brandy39
[2025-05-30 19:04:47] [INFO] Comment to task Film military game lay contain meet high big.
[2025-05-30 19:04:47] [INFO] Comment by author brandy39
[2025-05-30 19:04:47] [INFO] Call setup_comment function
[2025-05-30 19:04:47] [INFO] Random Task has owner wlopez
[2025-05-30 19:04:47] [INFO] Comment to task Less skin wonder example box.
[2025-05-30 19:04:47] [INFO] Comment by author wlopez
[2025-05-30 19:04:48] [INFO] Call setup_comment function
[2025-05-30 19:04:48] [INFO] Random Task has owner wlopez
[2025-05-30 19:04:48] [INFO] Comment to task Under against ahead political.
[2025-05-30 19:04:48] [INFO] Comment by author wlopez
[2025-05-30 19:04:48] [INFO] Call setup_comment function
[2025-05-30 19:04:48] [INFO] Random Task has owner timothymurphy
[2025-05-30 19:04:48] [INFO] Comment to task Friend public security activity peace reason.
[2025-05-30 19:04:48] [INFO] Comment by author timothymurphy
[2025-05-30 19:04:49] [INFO] Call setup_comment function
[2025-05-30 19:04:49] [INFO] Random Task has owner wlopez
[2025-05-30 19:04:49] [INFO] Comment to task Civil laugh far start writer.
[2025-05-30 19:04:49] [INFO] Comment by author wlopez
[2025-05-30 19:04:49] [INFO] Call setup_comment function
[2025-05-30 19:04:49] [INFO] Random Task has owner brandy39
[2025-05-30 19:04:49] [INFO] Comment to task Learn staff difficult hard high.
[2025-05-30 19:04:49] [INFO] Comment by author brandy39
[2025-05-30 19:08:06] [INFO] Start to create CommentFactory class
[2025-05-30 19:08:06] [INFO] End to create CommentFactory class
[2025-05-30 19:08:06] [INFO] Call setup_comment function
[2025-05-30 19:08:06] [INFO] Random Task has owner gainestracey
[2025-05-30 19:08:06] [INFO] Comment to task Interesting group item huge care.
[2025-05-30 19:08:06] [INFO] Comment by author gainestracey
[2025-05-30 19:08:06] [INFO] Call setup_comment function
[2025-05-30 19:08:06] [INFO] Random Task has owner nwilcox
[2025-05-30 19:08:06] [INFO] Comment to task Usually his stock until without air measure.
[2025-05-30 19:08:06] [INFO] Comment by author nwilcox
[2025-05-30 19:08:07] [INFO] Call setup_comment function
[2025-05-30 19:08:07] [INFO] Random Task has owner gainestracey
[2025-05-30 19:08:07] [INFO] Comment to task Road culture one any eat television.
[2025-05-30 19:08:07] [INFO] Comment by author gainestracey
[2025-05-30 19:08:07] [INFO] Call setup_comment function
[2025-05-30 19:08:07] [INFO] Random Task has owner timothymurphy
[2025-05-30 19:08:07] [INFO] Comment to task Why owner benefit young above reason.
[2025-05-30 19:08:07] [INFO] Comment by author timothymurphy
[2025-05-30 19:08:07] [INFO] Call setup_comment function
[2025-05-30 19:08:07] [INFO] Random Task has owner gainestracey
[2025-05-30 19:08:07] [INFO] Comment to task Rest difference interview should.
[2025-05-30 19:08:07] [INFO] Comment by author gainestracey
[2025-05-30 19:08:07] [INFO] Call setup_comment function
[2025-05-30 19:08:07] [INFO] Random Task has owner caldwellderrick
[2025-05-30 19:08:07] [INFO] Comment to task Detail land strong expert strong lawyer care.
[2025-05-30 19:08:07] [INFO] Comment by author caldwellderrick
[2025-05-30 19:08:07] [INFO] Call setup_comment function
[2025-05-30 19:08:07] [INFO] Random Task has owner caldwellderrick
[2025-05-30 19:08:07] [INFO] Comment to task Shoulder contain real reveal other actually.
[2025-05-30 19:08:07] [INFO] Comment by author caldwellderrick
[2025-05-30 19:08:07] [INFO] Call setup_comment function
[2025-05-30 19:08:07] [INFO] Random Task has owner gainestracey
[2025-05-30 19:08:07] [INFO] Comment to task Rest difference interview should.
[2025-05-30 19:08:07] [INFO] Comment by author gainestracey
[2025-05-30 19:08:07] [INFO] Call setup_comment function
[2025-05-30 19:08:07] [INFO] Random Task has owner wlopez
[2025-05-30 19:08:07] [INFO] Comment to task A century product best behind.
[2025-05-30 19:08:07] [INFO] Comment by author wlopez
[2025-05-30 19:08:07] [INFO] Call setup_comment function
[2025-05-30 19:08:07] [INFO] Random Task has owner clarksarah
[2025-05-30 19:08:07] [INFO] Comment to task Give smile Republican white doctor politics participant.
[2025-05-30 19:08:07] [INFO] Comment by author clarksarah
[2025-05-30 19:08:07] [INFO] Call setup_comment function
[2025-05-30 19:08:07] [INFO] Random Task has owner nwilcox
[2025-05-30 19:08:07] [INFO] Comment to task Class much truth authority read out rise.
[2025-05-30 19:08:07] [INFO] Comment by author nwilcox
[2025-05-30 19:08:07] [INFO] Call setup_comment function
[2025-05-30 19:08:07] [INFO] Random Task has owner melissa39
[2025-05-30 19:08:07] [INFO] Comment to task Teach author others leg do nearly.
[2025-05-30 19:08:07] [INFO] Comment by author melissa39
[2025-05-30 19:08:07] [INFO] Call setup_comment function
[2025-05-30 19:08:07] [INFO] Random Task has owner melissa39
[2025-05-30 19:08:07] [INFO] Comment to task Role argue tonight important less trial school.
[2025-05-30 19:08:07] [INFO] Comment by author melissa39
[2025-05-30 19:08:07] [INFO] Call setup_comment function
[2025-05-30 19:08:07] [INFO] Random Task has owner brandy39
[2025-05-30 19:08:07] [INFO] Comment to task We pay huge television tough some rock.
[2025-05-30 19:08:07] [INFO] Comment by author brandy39
[2025-05-30 19:08:07] [INFO] Call setup_comment function
[2025-05-30 19:08:07] [INFO] Random Task has owner timothymurphy
[2025-05-30 19:08:07] [INFO] Comment to task Other rest service treat.
[2025-05-30 19:08:07] [INFO] Comment by author timothymurphy
[2025-05-30 19:08:07] [INFO] Call setup_comment function
[2025-05-30 19:08:07] [INFO] Random Task has owner brandy39
[2025-05-30 19:08:07] [INFO] Comment to task Responsibility role ten top.
[2025-05-30 19:08:07] [INFO] Comment by author brandy39
[2025-05-30 19:08:07] [INFO] Call setup_comment function
[2025-05-30 19:08:07] [INFO] Random Task has owner caldwellderrick
[2025-05-30 19:08:07] [INFO] Comment to task Industry read Congress industry care.
[2025-05-30 19:08:07] [INFO] Comment by author caldwellderrick
[2025-05-30 19:08:07] [INFO] Call setup_comment function
[2025-05-30 19:08:07] [INFO] Random Task has owner caldwellderrick
[2025-05-30 19:08:07] [INFO] Comment to task High Democrat reflect view red yeah.
[2025-05-30 19:08:07] [INFO] Comment by author caldwellderrick
[2025-05-30 19:08:07] [INFO] Call setup_comment function
[2025-05-30 19:08:07] [INFO] Random Task has owner nwilcox
[2025-05-30 19:08:07] [INFO] Comment to task Everyone wife economy.
[2025-05-30 19:08:07] [INFO] Comment by author nwilcox
[2025-05-30 19:08:07] [INFO] Call setup_comment function
[2025-05-30 19:08:07] [INFO] Random Task has owner gainestracey
[2025-05-30 19:08:07] [INFO] Comment to task House politics ever address response bad.
[2025-05-30 19:08:07] [INFO] Comment by author gainestracey
[2025-05-30 19:08:07] [INFO] Call setup_comment function
[2025-05-30 19:08:07] [INFO] Random Task has owner gainestracey
[2025-05-30 19:08:07] [INFO] Comment to task Interesting group item huge care.
[2025-05-30 19:08:07] [INFO] Comment by author gainestracey
[2025-05-30 19:08:07] [INFO] Call setup_comment function
[2025-05-30 19:08:07] [INFO] Random Task has owner deborahmurphy
[2025-05-30 19:08:07] [INFO] Comment to task Free order and time bag radio.
[2025-05-30 19:08:07] [INFO] Comment by author deborahmurphy
[2025-05-30 19:08:07] [INFO] Call setup_comment function
[2025-05-30 19:08:07] [INFO] Random Task has owner melissa39
[2025-05-30 19:08:07] [INFO] Comment to task Together listen pressure sing brother result sea.
[2025-05-30 19:08:07] [INFO] Comment by author melissa39
[2025-05-30 19:08:07] [INFO] Call setup_comment function
[2025-05-30 19:08:07] [INFO] Random Task has owner nwilcox
[2025-05-30 19:08:07] [INFO] Comment to task Medical eight information.
[2025-05-30 19:08:07] [INFO] Comment by author nwilcox
[2025-05-30 19:08:07] [INFO] Call setup_comment function
[2025-05-30 19:08:07] [INFO] Random Task has owner caldwellderrick
[2025-05-30 19:08:07] [INFO] Comment to task Detail land strong expert strong lawyer care.
[2025-05-30 19:08:07] [INFO] Comment by author caldwellderrick
[2025-05-30 19:08:07] [INFO] Call setup_comment function
[2025-05-30 19:08:07] [INFO] Random Task has owner clarksarah
[2025-05-30 19:08:07] [INFO] Comment to task Hour case yes reduce.
[2025-05-30 19:08:07] [INFO] Comment by author clarksarah
[2025-05-30 19:08:07] [INFO] Call setup_comment function
[2025-05-30 19:08:07] [INFO] Random Task has owner caldwellderrick
[2025-05-30 19:08:07] [INFO] Comment to task Seek article how though find sea discussion investment.
[2025-05-30 19:08:07] [INFO] Comment by author caldwellderrick
[2025-05-30 19:08:07] [INFO] Call setup_comment function
[2025-05-30 19:08:07] [INFO] Random Task has owner wlopez
[2025-05-30 19:08:07] [INFO] Comment to task Family buy against successful sing.
[2025-05-30 19:08:07] [INFO] Comment by author wlopez
[2025-05-30 19:08:07] [INFO] Call setup_comment function
[2025-05-30 19:08:07] [INFO] Random Task has owner brandy39
[2025-05-30 19:08:07] [INFO] Comment to task Pressure choose way table.
[2025-05-30 19:08:07] [INFO] Comment by author brandy39
[2025-05-30 19:08:07] [INFO] Call setup_comment function
[2025-05-30 19:08:07] [INFO] Random Task has owner sarahlutz
[2025-05-30 19:08:07] [INFO] Comment to task Be stock recognize group must need.
[2025-05-30 19:08:07] [INFO] Comment by author sarahlutz
[2025-05-30 19:08:07] [INFO] Call setup_comment function
[2025-05-30 19:08:07] [INFO] Random Task has owner nwilcox
[2025-05-30 19:08:07] [INFO] Comment to task Enter public later product pull suggest myself.
[2025-05-30 19:08:07] [INFO] Comment by author nwilcox
[2025-05-30 19:08:07] [INFO] Call setup_comment function
[2025-05-30 19:08:07] [INFO] Random Task has owner timothymurphy
[2025-05-30 19:08:07] [INFO] Comment to task Other rest service treat.
[2025-05-30 19:08:07] [INFO] Comment by author timothymurphy
[2025-05-30 19:08:07] [INFO] Call setup_comment function
[2025-05-30 19:08:07] [INFO] Random Task has owner caldwellderrick
[2025-05-30 19:08:07] [INFO] Comment to task Throughout prove boy gun itself entire.
[2025-05-30 19:08:07] [INFO] Comment by author caldwellderrick
[2025-05-30 19:08:07] [INFO] Call setup_comment function
[2025-05-30 19:08:07] [INFO] Random Task has owner clarksarah
[2025-05-30 19:08:07] [INFO] Comment to task Hour case yes reduce.
[2025-05-30 19:08:07] [INFO] Comment by author clarksarah
[2025-05-30 19:08:07] [INFO] Call setup_comment function
[2025-05-30 19:08:07] [INFO] Random Task has owner wlopez
[2025-05-30 19:08:07] [INFO] Comment to task Season learn book.
[2025-05-30 19:08:07] [INFO] Comment by author wlopez
[2025-05-30 19:08:07] [INFO] Call setup_comment function
[2025-05-30 19:08:07] [INFO] Random Task has owner brandy39
[2025-05-30 19:08:07] [INFO] Comment to task Beautiful letter world listen.
[2025-05-30 19:08:07] [INFO] Comment by author brandy39
[2025-05-30 19:08:07] [INFO] Call setup_comment function
[2025-05-30 19:08:07] [INFO] Random Task has owner gainestracey
[2025-05-30 19:08:07] [INFO] Comment to task Since walk once many.
[2025-05-30 19:08:07] [INFO] Comment by author gainestracey
[2025-05-30 19:08:07] [INFO] Call setup_comment function
[2025-05-30 19:08:07] [INFO] Random Task has owner caldwellderrick
[2025-05-30 19:08:07] [INFO] Comment to task Model indeed decade particularly change.
[2025-05-30 19:08:07] [INFO] Comment by author caldwellderrick
[2025-05-30 19:08:07] [INFO] Call setup_comment function
[2025-05-30 19:08:07] [INFO] Random Task has owner timothymurphy
[2025-05-30 19:08:07] [INFO] Comment to task Other rest service treat.
[2025-05-30 19:08:07] [INFO] Comment by author timothymurphy
[2025-05-30 19:08:07] [INFO] Call setup_comment function
[2025-05-30 19:08:07] [INFO] Random Task has owner melissa39
[2025-05-30 19:08:07] [INFO] Comment to task Account everything significant speak pretty water.
[2025-05-30 19:08:07] [INFO] Comment by author melissa39
[2025-05-30 19:08:07] [INFO] Call setup_comment function
[2025-05-30 19:08:07] [INFO] Random Task has owner nwilcox
[2025-05-30 19:08:07] [INFO] Comment to task Class much truth authority read out rise.
[2025-05-30 19:08:07] [INFO] Comment by author nwilcox
[2025-05-30 19:08:07] [INFO] Call setup_comment function
[2025-05-30 19:08:07] [INFO] Random Task has owner nwilcox
[2025-05-30 19:08:07] [INFO] Comment to task Everyone wife economy.
[2025-05-30 19:08:07] [INFO] Comment by author nwilcox
[2025-05-30 19:08:07] [INFO] Call setup_comment function
[2025-05-30 19:08:07] [INFO] Random Task has owner gainestracey
[2025-05-30 19:08:07] [INFO] Comment to task Since walk once many.
[2025-05-30 19:08:07] [INFO] Comment by author gainestracey
[2025-05-30 19:08:07] [INFO] Call setup_comment function
[2025-05-30 19:08:07] [INFO] Random Task has owner deborahmurphy
[2025-05-30 19:08:07] [INFO] Comment to task Free order and time bag radio.
[2025-05-30 19:08:07] [INFO] Comment by author deborahmurphy
[2025-05-30 19:08:07] [INFO] Call setup_comment function
[2025-05-30 19:08:07] [INFO] Random Task has owner nwilcox
[2025-05-30 19:08:07] [INFO] Comment to task Management according from people note college.
[2025-05-30 19:08:07] [INFO] Comment by author nwilcox
[2025-05-30 19:08:07] [INFO] Call setup_comment function
[2025-05-30 19:08:07] [INFO] Random Task has owner brandy39
[2025-05-30 19:08:07] [INFO] Comment to task Color main nation always protect a pull west.
[2025-05-30 19:08:07] [INFO] Comment by author brandy39
[2025-05-30 19:08:07] [INFO] Call setup_comment function
[2025-05-30 19:08:07] [INFO] Random Task has owner melissa39
[2025-05-30 19:08:07] [INFO] Comment to task Indicate in nearly PM.
[2025-05-30 19:08:07] [INFO] Comment by author melissa39
[2025-05-30 19:08:07] [INFO] Call setup_comment function
[2025-05-30 19:08:07] [INFO] Random Task has owner sarahlutz
[2025-05-30 19:08:07] [INFO] Comment to task Feeling customer receive around.
[2025-05-30 19:08:07] [INFO] Comment by author sarahlutz
[2025-05-30 19:08:07] [INFO] Call setup_comment function
[2025-05-30 19:08:07] [INFO] Random Task has owner melissa39
[2025-05-30 19:08:07] [INFO] Comment to task Role argue tonight important less trial school.
[2025-05-30 19:08:07] [INFO] Comment by author melissa39
[2025-05-30 19:08:07] [INFO] Call setup_comment function
[2025-05-30 19:08:07] [INFO] Random Task has owner sarahlutz
[2025-05-30 19:08:07] [INFO] Comment to task Blood one four.
[2025-05-30 19:08:07] [INFO] Comment by author sarahlutz
[2025-05-30 19:10:51] [INFO] Start to create CommentFactory class
[2025-05-30 19:10:51] [INFO] End to create CommentFactory class
[2025-05-30 19:13:20] [INFO] Start to create CommentFactory class
[2025-05-30 19:13:20] [INFO] End to create CommentFactory class
[2025-05-30 19:15:20] [INFO] Start to create CommentFactory class
[2025-05-30 19:15:42] [INFO] Start to create CommentFactory class
[2025-05-30 19:16:55] [INFO] Start to create CommentFactory class
[2025-05-30 19:28:08] [INFO] Start to create CommentFactory class
[2025-05-30 19:38:24] [INFO] Start to create CommentFactory class
[2025-05-30 19:38:34] [INFO] Start to create CommentFactory class
[2025-05-30 19:38:34] [INFO] End to create CommentFactory class
[2025-05-30 19:57:17] [INFO] Start to create CommentFactory class
[2025-05-30 19:57:17] [INFO] End to create CommentFactory class
