[2025-05-11 16:34:48] [INFO] [TASK STARTED] delete_unconfirmed_users
[2025-05-11 16:34:48] [INFO] [TASK COMPLETED] Deleted 0 unconfirmed users
[2025-05-11 16:51:34] [INFO] [TASK STARTED] delete_unconfirmed_users
[2025-05-11 16:51:34] [INFO] [TASK COMPLETED] Deleted 0 unconfirmed users
[2025-05-11 16:54:34] [INFO] [TASK STARTED] delete_unconfirmed_users
[2025-05-11 16:54:34] [INFO] [TASK COMPLETED] Deleted 0 unconfirmed users
[2025-05-11 16:57:34] [INFO] [TASK STARTED] delete_unconfirmed_users
[2025-05-11 16:57:34] [INFO] [TASK COMPLETED] Deleted 0 unconfirmed users
[2025-05-11 17:00:34] [INFO] [TASK STARTED] delete_unconfirmed_users
[2025-05-11 17:00:34] [INFO] [TASK COMPLETED] Deleted 0 unconfirmed users
[2025-05-11 17:03:35] [INFO] [TASK STARTED] delete_unconfirmed_users
[2025-05-11 17:03:35] [INFO] [TASK COMPLETED] Deleted 0 unconfirmed users
[2025-05-11 17:06:35] [INFO] [TASK STARTED] delete_unconfirmed_users
[2025-05-11 17:06:35] [INFO] [TASK COMPLETED] Deleted 0 unconfirmed users
[2025-05-11 17:09:35] [INFO] [TASK STARTED] delete_unconfirmed_users
[2025-05-11 17:09:35] [INFO] [TASK COMPLETED] Deleted 0 unconfirmed users
[2025-05-11 17:12:35] [INFO] [TASK STARTED] delete_unconfirmed_users
[2025-05-11 17:12:35] [INFO] [TASK COMPLETED] Deleted 0 unconfirmed users
[2025-05-11 17:15:35] [INFO] [TASK STARTED] delete_unconfirmed_users
[2025-05-11 17:15:35] [INFO] [TASK COMPLETED] Deleted 0 unconfirmed users
[2025-05-11 17:18:35] [INFO] [TASK STARTED] delete_unconfirmed_users
[2025-05-11 17:18:35] [INFO] [TASK COMPLETED] Deleted 0 unconfirmed users
[2025-05-11 17:21:35] [INFO] [TASK STARTED] delete_unconfirmed_users
[2025-05-11 17:21:35] [INFO] [TASK COMPLETED] Deleted 0 unconfirmed users
[2025-05-11 17:24:35] [INFO] [TASK STARTED] delete_unconfirmed_users
[2025-05-11 17:24:35] [INFO] [TASK COMPLETED] Deleted 0 unconfirmed users
[2025-05-11 17:27:35] [INFO] [TASK STARTED] delete_unconfirmed_users
[2025-05-11 17:27:35] [INFO] [TASK COMPLETED] Deleted 0 unconfirmed users
[2025-05-11 17:30:35] [INFO] [TASK STARTED] delete_unconfirmed_users
[2025-05-11 17:30:35] [INFO] [TASK COMPLETED] Deleted 0 unconfirmed users
[2025-05-11 17:33:35] [INFO] [TASK STARTED] delete_unconfirmed_users
[2025-05-11 17:33:35] [INFO] [TASK COMPLETED] Deleted 0 unconfirmed users
[2025-05-11 17:36:36] [INFO] [TASK STARTED] delete_unconfirmed_users
[2025-05-11 17:36:36] [INFO] [TASK COMPLETED] Deleted 0 unconfirmed users
[2025-05-11 17:39:36] [INFO] [TASK STARTED] delete_unconfirmed_users
[2025-05-11 17:39:36] [INFO] [TASK COMPLETED] Deleted 0 unconfirmed users
[2025-05-11 17:43:30] [INFO] [TASK STARTED] delete_unconfirmed_users
[2025-05-11 17:43:30] [INFO] [TASK COMPLETED] Deleted 0 unconfirmed users
[2025-05-11 17:43:40] [INFO] [TASK STARTED] delete_unconfirmed_users
[2025-05-11 17:43:40] [INFO] [TASK COMPLETED] Deleted 0 unconfirmed users
[2025-05-11 17:46:40] [INFO] [TASK STARTED] delete_unconfirmed_users
[2025-05-11 17:46:40] [INFO] [TASK COMPLETED] Deleted 0 unconfirmed users
[2025-05-11 17:49:40] [INFO] [TASK STARTED] delete_unconfirmed_users
[2025-05-11 17:49:40] [INFO] [TASK COMPLETED] Deleted 0 unconfirmed users
[2025-05-11 17:52:40] [INFO] [TASK STARTED] delete_unconfirmed_users
[2025-05-11 17:52:40] [INFO] [TASK COMPLETED] Deleted 0 unconfirmed users
[2025-05-11 17:55:40] [INFO] [TASK STARTED] delete_unconfirmed_users
[2025-05-11 17:55:40] [INFO] [TASK COMPLETED] Deleted 0 unconfirmed users
[2025-05-11 17:58:40] [INFO] [TASK STARTED] delete_unconfirmed_users
[2025-05-11 17:58:40] [INFO] [TASK COMPLETED] Deleted 0 unconfirmed users
[2025-05-11 18:01:40] [INFO] [TASK STARTED] delete_unconfirmed_users
[2025-05-11 18:01:40] [INFO] [TASK COMPLETED] Deleted 0 unconfirmed users
[2025-05-11 18:04:40] [INFO] [TASK STARTED] delete_unconfirmed_users
[2025-05-11 18:04:40] [INFO] [TASK COMPLETED] Deleted 0 unconfirmed users
[2025-05-11 18:07:40] [INFO] [TASK STARTED] delete_unconfirmed_users
[2025-05-11 18:07:40] [INFO] [TASK COMPLETED] Deleted 0 unconfirmed users
[2025-05-11 18:10:40] [INFO] [TASK STARTED] delete_unconfirmed_users
[2025-05-11 18:10:40] [INFO] [TASK COMPLETED] Deleted 0 unconfirmed users
[2025-05-11 18:13:40] [INFO] [TASK STARTED] delete_unconfirmed_users
[2025-05-11 18:13:41] [INFO] [TASK COMPLETED] Deleted 0 unconfirmed users
[2025-05-11 18:16:41] [INFO] [TASK STARTED] delete_unconfirmed_users
[2025-05-11 18:16:41] [INFO] [TASK COMPLETED] Deleted 0 unconfirmed users
[2025-05-11 18:19:41] [INFO] [TASK STARTED] delete_unconfirmed_users
[2025-05-11 18:19:41] [INFO] [TASK COMPLETED] Deleted 0 unconfirmed users
[2025-05-11 18:22:41] [INFO] [TASK STARTED] delete_unconfirmed_users
[2025-05-11 18:22:41] [INFO] [TASK COMPLETED] Deleted 0 unconfirmed users
[2025-05-11 18:27:13] [INFO] [TASK STARTED] delete_unconfirmed_users
[2025-05-11 18:27:13] [INFO] [TASK COMPLETED] Deleted 0 unconfirmed users
[2025-05-11 18:29:19] [INFO] [TASK STARTED] delete_unconfirmed_users
[2025-05-11 18:29:19] [INFO] [TASK COMPLETED] Deleted 0 unconfirmed users
[2025-05-11 18:32:19] [INFO] [TASK STARTED] delete_unconfirmed_users
[2025-05-11 18:32:19] [INFO] [TASK COMPLETED] Deleted 0 unconfirmed users
[2025-05-11 18:35:19] [INFO] [TASK STARTED] delete_unconfirmed_users
[2025-05-11 18:35:19] [INFO] [TASK COMPLETED] Deleted 0 unconfirmed users
[2025-05-11 18:38:19] [INFO] [TASK STARTED] delete_unconfirmed_users
[2025-05-11 18:38:19] [INFO] [TASK COMPLETED] Deleted 0 unconfirmed users
[2025-05-11 18:47:00] [INFO] [TASK STARTED] delete_unconfirmed_users
[2025-05-11 18:47:00] [INFO] [TASK COMPLETED] Deleted 0 unconfirmed users
[2025-05-11 18:49:23] [INFO] [TASK STARTED] delete_unconfirmed_users
[2025-05-11 18:49:23] [INFO] [TASK COMPLETED] Deleted 0 unconfirmed users
[2025-05-11 18:49:23] [INFO] [TASK STARTED] delete_unconfirmed_users
[2025-05-11 18:49:23] [INFO] [TASK COMPLETED] Deleted 0 unconfirmed users
[2025-05-11 18:56:15] [INFO] [TASK STARTED] delete_unconfirmed_users
[2025-05-11 18:56:15] [INFO] [TASK COMPLETED] Deleted 0 unconfirmed users
[2025-05-11 19:03:15] [INFO] [TASK STARTED] delete_unconfirmed_users
[2025-05-11 19:03:15] [INFO] [TASK COMPLETED] Deleted 0 unconfirmed users
[2025-05-11 19:10:15] [INFO] [TASK STARTED] delete_unconfirmed_users
[2025-05-11 19:10:15] [INFO] [TASK COMPLETED] Deleted 0 unconfirmed users
[2025-05-11 19:17:15] [INFO] [TASK STARTED] delete_unconfirmed_users
[2025-05-11 19:17:15] [INFO] [TASK COMPLETED] Deleted 0 unconfirmed users
[2025-05-11 19:24:15] [INFO] [TASK STARTED] delete_unconfirmed_users
[2025-05-11 19:24:15] [INFO] [TASK COMPLETED] Deleted 0 unconfirmed users
[2025-05-11 19:31:15] [INFO] [TASK STARTED] delete_unconfirmed_users
[2025-05-11 19:31:15] [INFO] [TASK COMPLETED] Deleted 0 unconfirmed users
[2025-05-11 19:38:15] [INFO] [TASK STARTED] delete_unconfirmed_users
[2025-05-11 19:38:15] [INFO] [TASK COMPLETED] Deleted 0 unconfirmed users
[2025-05-11 19:45:15] [INFO] [TASK STARTED] delete_unconfirmed_users
[2025-05-11 19:45:15] [INFO] [TASK COMPLETED] Deleted 0 unconfirmed users
[2025-05-11 19:52:15] [INFO] [TASK STARTED] delete_unconfirmed_users
[2025-05-11 19:52:15] [INFO] [TASK COMPLETED] Deleted 0 unconfirmed users
[2025-05-11 22:58:56] [INFO] [TASK STARTED] delete_unconfirmed_users
[2025-05-11 22:58:56] [INFO] [TASK COMPLETED] Deleted 0 unconfirmed users
[2025-05-12 10:11:30] [INFO] [TASK STARTED] delete_unconfirmed_users
[2025-05-12 10:11:30] [INFO] [TASK COMPLETED] Deleted 0 unconfirmed users
[2025-05-12 10:18:29] [INFO] [TASK STARTED] delete_unconfirmed_users
[2025-05-12 10:18:29] [INFO] [TASK COMPLETED] Deleted 0 unconfirmed users
[2025-05-12 10:25:29] [INFO] [TASK STARTED] delete_unconfirmed_users
[2025-05-12 10:25:29] [INFO] [TASK COMPLETED] Deleted 0 unconfirmed users
[2025-05-12 10:32:29] [INFO] [TASK STARTED] delete_unconfirmed_users
[2025-05-12 10:32:29] [INFO] [TASK COMPLETED] Deleted 0 unconfirmed users
[2025-05-12 10:39:29] [INFO] [TASK STARTED] delete_unconfirmed_users
[2025-05-12 10:39:29] [INFO] [TASK COMPLETED] Deleted 0 unconfirmed users
[2025-05-12 10:46:29] [INFO] [TASK STARTED] delete_unconfirmed_users
[2025-05-12 10:46:29] [INFO] [TASK COMPLETED] Deleted 0 unconfirmed users
[2025-05-12 10:53:29] [INFO] [TASK STARTED] delete_unconfirmed_users
[2025-05-12 10:53:29] [INFO] [TASK COMPLETED] Deleted 0 unconfirmed users
[2025-05-12 11:00:29] [INFO] [TASK STARTED] delete_unconfirmed_users
[2025-05-12 11:00:29] [INFO] [TASK COMPLETED] Deleted 0 unconfirmed users
[2025-05-12 11:07:29] [INFO] [TASK STARTED] delete_unconfirmed_users
[2025-05-12 11:07:29] [INFO] [TASK COMPLETED] Deleted 0 unconfirmed users
[2025-05-12 11:14:29] [INFO] [TASK STARTED] delete_unconfirmed_users
[2025-05-12 11:14:29] [INFO] [TASK COMPLETED] Deleted 0 unconfirmed users
[2025-05-12 11:21:29] [INFO] [TASK STARTED] delete_unconfirmed_users
[2025-05-12 11:21:30] [INFO] [TASK COMPLETED] Deleted 0 unconfirmed users
[2025-05-12 11:28:30] [INFO] [TASK STARTED] delete_unconfirmed_users
[2025-05-12 11:28:30] [INFO] [TASK COMPLETED] Deleted 0 unconfirmed users
[2025-05-12 11:35:30] [INFO] [TASK STARTED] delete_unconfirmed_users
[2025-05-12 11:35:30] [INFO] [TASK COMPLETED] Deleted 0 unconfirmed users
[2025-05-12 11:42:30] [INFO] [TASK STARTED] delete_unconfirmed_users
[2025-05-12 11:42:30] [INFO] [TASK COMPLETED] Deleted 0 unconfirmed users
[2025-05-12 11:49:30] [INFO] [TASK STARTED] delete_unconfirmed_users
[2025-05-12 11:49:30] [INFO] [TASK COMPLETED] Deleted 0 unconfirmed users
[2025-05-12 11:56:30] [INFO] [TASK STARTED] delete_unconfirmed_users
[2025-05-12 11:56:30] [INFO] [TASK COMPLETED] Deleted 0 unconfirmed users
[2025-05-12 12:03:30] [INFO] [TASK STARTED] delete_unconfirmed_users
[2025-05-12 12:03:30] [INFO] [TASK COMPLETED] Deleted 0 unconfirmed users
[2025-05-12 12:10:30] [INFO] [TASK STARTED] delete_unconfirmed_users
[2025-05-12 12:10:30] [INFO] [TASK COMPLETED] Deleted 0 unconfirmed users
[2025-05-12 12:41:06] [INFO] [TASK STARTED] delete_unconfirmed_users
[2025-05-12 12:41:07] [INFO] [TASK COMPLETED] Deleted 0 unconfirmed users
[2025-05-12 12:48:06] [INFO] [TASK STARTED] delete_unconfirmed_users
[2025-05-12 12:48:07] [INFO] [TASK COMPLETED] Deleted 0 unconfirmed users
[2025-05-12 12:55:07] [INFO] [TASK STARTED] delete_unconfirmed_users
[2025-05-12 12:55:07] [INFO] [TASK COMPLETED] Deleted 0 unconfirmed users
[2025-05-12 13:02:07] [INFO] [TASK STARTED] delete_unconfirmed_users
[2025-05-12 13:02:07] [INFO] [TASK COMPLETED] Deleted 0 unconfirmed users
[2025-05-12 13:09:07] [INFO] [TASK STARTED] delete_unconfirmed_users
[2025-05-12 13:09:07] [INFO] [TASK COMPLETED] Deleted 0 unconfirmed users
[2025-05-12 13:16:07] [INFO] [TASK STARTED] delete_unconfirmed_users
[2025-05-12 13:16:07] [INFO] [TASK COMPLETED] Deleted 0 unconfirmed users
[2025-05-12 13:23:07] [INFO] [TASK STARTED] delete_unconfirmed_users
[2025-05-12 13:23:07] [INFO] [TASK COMPLETED] Deleted 0 unconfirmed users
[2025-05-12 13:30:07] [INFO] [TASK STARTED] delete_unconfirmed_users
[2025-05-12 13:30:07] [INFO] [TASK COMPLETED] Deleted 0 unconfirmed users
[2025-05-12 13:37:07] [INFO] [TASK STARTED] delete_unconfirmed_users
[2025-05-12 13:37:07] [INFO] [TASK COMPLETED] Deleted 0 unconfirmed users
[2025-05-12 13:44:07] [INFO] [TASK STARTED] delete_unconfirmed_users
[2025-05-12 13:44:07] [INFO] [TASK COMPLETED] Deleted 0 unconfirmed users
[2025-05-12 13:51:07] [INFO] [TASK STARTED] delete_unconfirmed_users
[2025-05-12 13:51:07] [INFO] [TASK COMPLETED] Deleted 0 unconfirmed users
[2025-05-12 13:58:07] [INFO] [TASK STARTED] delete_unconfirmed_users
[2025-05-12 13:58:07] [INFO] [TASK COMPLETED] Deleted 0 unconfirmed users
[2025-05-12 14:05:07] [INFO] [TASK STARTED] delete_unconfirmed_users
[2025-05-12 14:05:07] [INFO] [TASK COMPLETED] Deleted 0 unconfirmed users
[2025-05-12 14:12:07] [INFO] [TASK STARTED] delete_unconfirmed_users
[2025-05-12 14:12:07] [INFO] [TASK COMPLETED] Deleted 0 unconfirmed users
[2025-05-12 14:19:07] [INFO] [TASK STARTED] delete_unconfirmed_users
[2025-05-12 14:19:07] [INFO] [TASK COMPLETED] Deleted 0 unconfirmed users
[2025-05-12 14:26:07] [INFO] [TASK STARTED] delete_unconfirmed_users
[2025-05-12 14:26:07] [INFO] [TASK COMPLETED] Deleted 0 unconfirmed users
[2025-05-12 14:33:07] [INFO] [TASK STARTED] delete_unconfirmed_users
[2025-05-12 14:33:07] [INFO] [TASK COMPLETED] Deleted 0 unconfirmed users
[2025-05-12 14:40:07] [INFO] [TASK STARTED] delete_unconfirmed_users
[2025-05-12 14:40:07] [INFO] [TASK COMPLETED] Deleted 0 unconfirmed users
[2025-05-12 16:39:18] [INFO] [TASK STARTED] delete_unconfirmed_users
[2025-05-12 16:39:18] [INFO] [TASK COMPLETED] Deleted 0 unconfirmed users
[2025-05-12 16:46:18] [INFO] [TASK STARTED] delete_unconfirmed_users
[2025-05-12 16:46:18] [INFO] [TASK COMPLETED] Deleted 0 unconfirmed users
[2025-05-12 16:53:18] [INFO] [TASK STARTED] delete_unconfirmed_users
[2025-05-12 16:53:18] [INFO] [TASK COMPLETED] Deleted 0 unconfirmed users
[2025-05-12 17:00:18] [INFO] [TASK STARTED] delete_unconfirmed_users
[2025-05-12 17:00:18] [INFO] [TASK COMPLETED] Deleted 0 unconfirmed users
[2025-05-12 17:07:18] [INFO] [TASK STARTED] delete_unconfirmed_users
[2025-05-12 17:07:18] [INFO] [TASK COMPLETED] Deleted 0 unconfirmed users
[2025-05-12 17:14:18] [INFO] [TASK STARTED] delete_unconfirmed_users
[2025-05-12 17:14:19] [INFO] [TASK COMPLETED] Deleted 0 unconfirmed users
[2025-05-12 17:21:19] [INFO] [TASK STARTED] delete_unconfirmed_users
[2025-05-12 17:21:19] [INFO] [TASK COMPLETED] Deleted 0 unconfirmed users
[2025-05-12 17:28:19] [INFO] [TASK STARTED] delete_unconfirmed_users
[2025-05-12 17:28:19] [INFO] [TASK COMPLETED] Deleted 0 unconfirmed users
[2025-05-12 17:35:19] [INFO] [TASK STARTED] delete_unconfirmed_users
[2025-05-12 17:35:19] [INFO] [TASK COMPLETED] Deleted 0 unconfirmed users
[2025-05-12 17:42:19] [INFO] [TASK STARTED] delete_unconfirmed_users
[2025-05-12 17:42:19] [INFO] [TASK COMPLETED] Deleted 0 unconfirmed users
[2025-05-12 17:49:19] [INFO] [TASK STARTED] delete_unconfirmed_users
[2025-05-12 17:49:19] [INFO] [TASK COMPLETED] Deleted 0 unconfirmed users
[2025-05-12 17:56:19] [INFO] [TASK STARTED] delete_unconfirmed_users
[2025-05-12 17:56:19] [INFO] [TASK COMPLETED] Deleted 0 unconfirmed users
[2025-05-12 18:03:19] [INFO] [TASK STARTED] delete_unconfirmed_users
[2025-05-12 18:03:19] [INFO] [TASK COMPLETED] Deleted 0 unconfirmed users
[2025-05-12 18:22:42] [INFO] [TASK STARTED] delete_unconfirmed_users
[2025-05-12 18:22:42] [INFO] [TASK COMPLETED] Deleted 0 unconfirmed users
[2025-05-12 18:29:42] [INFO] [TASK STARTED] delete_unconfirmed_users
[2025-05-12 18:29:42] [INFO] [TASK COMPLETED] Deleted 0 unconfirmed users
[2025-05-12 18:36:42] [INFO] [TASK STARTED] delete_unconfirmed_users
[2025-05-12 18:36:42] [INFO] [TASK COMPLETED] Deleted 0 unconfirmed users
[2025-05-12 18:43:42] [INFO] [TASK STARTED] delete_unconfirmed_users
[2025-05-12 18:43:42] [INFO] [TASK COMPLETED] Deleted 0 unconfirmed users
[2025-05-12 18:50:42] [INFO] [TASK STARTED] delete_unconfirmed_users
[2025-05-12 18:50:42] [INFO] [TASK COMPLETED] Deleted 0 unconfirmed users
[2025-05-12 18:57:42] [INFO] [TASK STARTED] delete_unconfirmed_users
[2025-05-12 18:57:42] [INFO] [TASK COMPLETED] Deleted 0 unconfirmed users
[2025-05-12 19:04:42] [INFO] [TASK STARTED] delete_unconfirmed_users
[2025-05-12 19:04:42] [INFO] [TASK COMPLETED] Deleted 0 unconfirmed users
[2025-05-12 19:11:42] [INFO] [TASK STARTED] delete_unconfirmed_users
[2025-05-12 19:11:42] [INFO] [TASK COMPLETED] Deleted 0 unconfirmed users
[2025-05-12 19:18:42] [INFO] [TASK STARTED] delete_unconfirmed_users
[2025-05-12 19:18:42] [INFO] [TASK COMPLETED] Deleted 0 unconfirmed users
[2025-05-12 19:25:42] [INFO] [TASK STARTED] delete_unconfirmed_users
[2025-05-12 19:25:42] [INFO] [TASK COMPLETED] Deleted 0 unconfirmed users
[2025-05-12 19:32:42] [INFO] [TASK STARTED] delete_unconfirmed_users
[2025-05-12 19:32:42] [INFO] [TASK COMPLETED] Deleted 0 unconfirmed users
[2025-05-12 19:39:42] [INFO] [TASK STARTED] delete_unconfirmed_users
[2025-05-12 19:39:42] [INFO] [TASK COMPLETED] Deleted 0 unconfirmed users
[2025-05-12 19:46:42] [INFO] [TASK STARTED] delete_unconfirmed_users
[2025-05-12 19:46:43] [INFO] [TASK COMPLETED] Deleted 0 unconfirmed users
[2025-05-12 19:53:42] [INFO] [TASK STARTED] delete_unconfirmed_users
[2025-05-12 19:53:43] [INFO] [TASK COMPLETED] Deleted 0 unconfirmed users
[2025-05-12 20:00:43] [INFO] [TASK STARTED] delete_unconfirmed_users
[2025-05-12 20:00:43] [INFO] [TASK COMPLETED] Deleted 0 unconfirmed users
[2025-05-12 20:07:43] [INFO] [TASK STARTED] delete_unconfirmed_users
[2025-05-12 20:07:43] [INFO] [TASK COMPLETED] Deleted 0 unconfirmed users
[2025-05-12 20:14:43] [INFO] [TASK STARTED] delete_unconfirmed_users
[2025-05-12 20:14:43] [INFO] [TASK COMPLETED] Deleted 0 unconfirmed users
[2025-05-12 20:21:43] [INFO] [TASK STARTED] delete_unconfirmed_users
[2025-05-12 20:21:43] [INFO] [TASK COMPLETED] Deleted 0 unconfirmed users
[2025-05-12 20:28:43] [INFO] [TASK STARTED] delete_unconfirmed_users
[2025-05-12 20:28:43] [INFO] [TASK COMPLETED] Deleted 0 unconfirmed users
[2025-05-12 20:35:43] [INFO] [TASK STARTED] delete_unconfirmed_users
[2025-05-12 20:35:43] [INFO] [TASK COMPLETED] Deleted 0 unconfirmed users
[2025-05-12 20:42:43] [INFO] [TASK STARTED] delete_unconfirmed_users
[2025-05-12 20:42:43] [INFO] [TASK COMPLETED] Deleted 0 unconfirmed users
[2025-05-12 20:49:43] [INFO] [TASK STARTED] delete_unconfirmed_users
[2025-05-12 20:49:43] [INFO] [TASK COMPLETED] Deleted 0 unconfirmed users
[2025-05-12 20:56:43] [INFO] [TASK STARTED] delete_unconfirmed_users
[2025-05-12 20:56:43] [INFO] [TASK COMPLETED] Deleted 0 unconfirmed users
[2025-05-12 21:03:43] [INFO] [TASK STARTED] delete_unconfirmed_users
[2025-05-12 21:03:43] [INFO] [TASK COMPLETED] Deleted 0 unconfirmed users
[2025-05-12 21:10:43] [INFO] [TASK STARTED] delete_unconfirmed_users
[2025-05-12 21:10:43] [INFO] [TASK COMPLETED] Deleted 0 unconfirmed users
[2025-05-12 21:17:43] [INFO] [TASK STARTED] delete_unconfirmed_users
[2025-05-12 21:17:43] [INFO] [TASK COMPLETED] Deleted 0 unconfirmed users
[2025-05-12 21:24:43] [INFO] [TASK STARTED] delete_unconfirmed_users
[2025-05-12 21:24:43] [INFO] [TASK COMPLETED] Deleted 0 unconfirmed users
[2025-05-12 21:31:43] [INFO] [TASK STARTED] delete_unconfirmed_users
[2025-05-12 21:31:43] [INFO] [TASK COMPLETED] Deleted 0 unconfirmed users
[2025-05-12 21:38:43] [INFO] [TASK STARTED] delete_unconfirmed_users
[2025-05-12 21:38:43] [INFO] [TASK COMPLETED] Deleted 0 unconfirmed users
[2025-05-12 21:45:43] [INFO] [TASK STARTED] delete_unconfirmed_users
[2025-05-12 21:45:43] [INFO] [TASK COMPLETED] Deleted 0 unconfirmed users
[2025-05-12 21:52:43] [INFO] [TASK STARTED] delete_unconfirmed_users
[2025-05-12 21:52:43] [INFO] [TASK COMPLETED] Deleted 0 unconfirmed users
[2025-05-12 21:59:43] [INFO] [TASK STARTED] delete_unconfirmed_users
[2025-05-12 21:59:43] [INFO] [TASK COMPLETED] Deleted 0 unconfirmed users
[2025-05-13 01:03:02] [INFO] [TASK STARTED] delete_unconfirmed_users
[2025-05-13 01:03:02] [INFO] [TASK COMPLETED] Deleted 0 unconfirmed users
[2025-05-13 22:53:02] [INFO] [TASK STARTED] delete_unconfirmed_users
[2025-05-13 22:53:03] [INFO] [TASK COMPLETED] Deleted 0 unconfirmed users
[2025-05-13 23:00:00] [INFO] [TASK STARTED] delete_unconfirmed_users
[2025-05-13 23:00:00] [INFO] [TASK COMPLETED] Deleted 0 unconfirmed users
[2025-05-13 23:07:00] [INFO] [TASK STARTED] delete_unconfirmed_users
[2025-05-13 23:07:00] [INFO] [TASK COMPLETED] Deleted 0 unconfirmed users
[2025-05-13 23:14:00] [INFO] [TASK STARTED] delete_unconfirmed_users
[2025-05-13 23:14:01] [INFO] [TASK COMPLETED] Deleted 0 unconfirmed users
[2025-05-13 23:21:01] [INFO] [TASK STARTED] delete_unconfirmed_users
[2025-05-13 23:21:01] [INFO] [TASK COMPLETED] Deleted 0 unconfirmed users
[2025-05-13 23:28:01] [INFO] [TASK STARTED] delete_unconfirmed_users
[2025-05-13 23:28:01] [INFO] [TASK COMPLETED] Deleted 0 unconfirmed users
[2025-05-13 23:35:01] [INFO] [TASK STARTED] delete_unconfirmed_users
[2025-05-13 23:35:01] [INFO] [TASK COMPLETED] Deleted 0 unconfirmed users
[2025-05-13 23:42:01] [INFO] [TASK STARTED] delete_unconfirmed_users
[2025-05-13 23:42:01] [INFO] [TASK COMPLETED] Deleted 0 unconfirmed users
[2025-05-13 23:49:01] [INFO] [TASK STARTED] delete_unconfirmed_users
[2025-05-13 23:49:01] [INFO] [TASK COMPLETED] Deleted 0 unconfirmed users
[2025-05-13 23:56:01] [INFO] [TASK STARTED] delete_unconfirmed_users
[2025-05-13 23:56:01] [INFO] [TASK COMPLETED] Deleted 0 unconfirmed users
[2025-05-14 00:03:01] [INFO] [TASK STARTED] delete_unconfirmed_users
[2025-05-14 00:03:01] [INFO] [TASK COMPLETED] Deleted 0 unconfirmed users
[2025-05-14 00:10:01] [INFO] [TASK STARTED] delete_unconfirmed_users
[2025-05-14 00:10:01] [INFO] [TASK COMPLETED] Deleted 0 unconfirmed users
[2025-05-14 00:17:01] [INFO] [TASK STARTED] delete_unconfirmed_users
[2025-05-14 00:17:01] [INFO] [TASK COMPLETED] Deleted 0 unconfirmed users
[2025-05-14 00:24:01] [INFO] [TASK STARTED] delete_unconfirmed_users
[2025-05-14 00:24:01] [INFO] [TASK COMPLETED] Deleted 0 unconfirmed users
[2025-05-14 00:31:01] [INFO] [TASK STARTED] delete_unconfirmed_users
[2025-05-14 00:31:01] [INFO] [TASK COMPLETED] Deleted 0 unconfirmed users
[2025-05-14 00:38:01] [INFO] [TASK STARTED] delete_unconfirmed_users
[2025-05-14 00:38:01] [INFO] [TASK COMPLETED] Deleted 0 unconfirmed users
[2025-05-14 00:45:01] [INFO] [TASK STARTED] delete_unconfirmed_users
[2025-05-14 00:45:01] [INFO] [TASK COMPLETED] Deleted 0 unconfirmed users
[2025-05-14 00:52:01] [INFO] [TASK STARTED] delete_unconfirmed_users
[2025-05-14 00:52:01] [INFO] [TASK COMPLETED] Deleted 0 unconfirmed users
[2025-05-14 00:59:01] [INFO] [TASK STARTED] delete_unconfirmed_users
[2025-05-14 00:59:01] [INFO] [TASK COMPLETED] Deleted 0 unconfirmed users
[2025-05-14 01:06:01] [INFO] [TASK STARTED] delete_unconfirmed_users
[2025-05-14 01:06:01] [INFO] [TASK COMPLETED] Deleted 0 unconfirmed users
[2025-05-14 04:11:19] [INFO] [TASK STARTED] delete_unconfirmed_users
[2025-05-14 04:11:20] [INFO] [TASK COMPLETED] Deleted 0 unconfirmed users
[2025-05-14 09:01:23] [INFO] [TASK STARTED] delete_unconfirmed_users
[2025-05-14 09:01:23] [INFO] [TASK COMPLETED] Deleted 0 unconfirmed users
[2025-05-14 09:08:23] [INFO] [TASK STARTED] delete_unconfirmed_users
[2025-05-14 09:08:23] [INFO] [TASK COMPLETED] Deleted 0 unconfirmed users
[2025-05-14 09:15:23] [INFO] [TASK STARTED] delete_unconfirmed_users
[2025-05-14 09:15:23] [INFO] [TASK COMPLETED] Deleted 0 unconfirmed users
[2025-05-14 09:22:23] [INFO] [TASK STARTED] delete_unconfirmed_users
[2025-05-14 09:22:23] [INFO] [TASK COMPLETED] Deleted 0 unconfirmed users
[2025-05-14 09:29:23] [INFO] [TASK STARTED] delete_unconfirmed_users
[2025-05-14 09:29:23] [INFO] [TASK COMPLETED] Deleted 0 unconfirmed users
[2025-05-14 09:36:23] [INFO] [TASK STARTED] delete_unconfirmed_users
[2025-05-14 09:36:23] [INFO] [TASK COMPLETED] Deleted 0 unconfirmed users
[2025-05-14 09:43:23] [INFO] [TASK STARTED] delete_unconfirmed_users
[2025-05-14 09:43:23] [INFO] [TASK COMPLETED] Deleted 0 unconfirmed users
[2025-05-14 09:50:23] [INFO] [TASK STARTED] delete_unconfirmed_users
[2025-05-14 09:50:23] [INFO] [TASK COMPLETED] Deleted 0 unconfirmed users
[2025-05-14 09:57:23] [INFO] [TASK STARTED] delete_unconfirmed_users
[2025-05-14 09:57:23] [INFO] [TASK COMPLETED] Deleted 0 unconfirmed users
[2025-05-14 10:04:23] [INFO] [TASK STARTED] delete_unconfirmed_users
[2025-05-14 10:04:23] [INFO] [TASK COMPLETED] Deleted 0 unconfirmed users
[2025-05-14 10:11:23] [INFO] [TASK STARTED] delete_unconfirmed_users
[2025-05-14 10:11:24] [INFO] [TASK COMPLETED] Deleted 0 unconfirmed users
[2025-05-14 10:18:24] [INFO] [TASK STARTED] delete_unconfirmed_users
[2025-05-14 10:18:24] [INFO] [TASK COMPLETED] Deleted 0 unconfirmed users
[2025-05-14 10:25:24] [INFO] [TASK STARTED] delete_unconfirmed_users
[2025-05-14 10:25:24] [INFO] [TASK COMPLETED] Deleted 0 unconfirmed users
[2025-05-14 10:32:24] [INFO] [TASK STARTED] delete_unconfirmed_users
[2025-05-14 10:32:24] [INFO] [TASK COMPLETED] Deleted 0 unconfirmed users
[2025-05-14 16:58:17] [INFO] [TASK STARTED] delete_unconfirmed_users
[2025-05-14 16:58:17] [INFO] [TASK COMPLETED] Deleted 0 unconfirmed users
[2025-05-14 16:59:16] [INFO] [TASK STARTED] delete_unconfirmed_users
[2025-05-14 16:59:16] [INFO] [TASK COMPLETED] Deleted 0 unconfirmed users
[2025-05-14 17:06:16] [INFO] [TASK STARTED] delete_unconfirmed_users
[2025-05-14 17:06:16] [INFO] [TASK COMPLETED] Deleted 0 unconfirmed users
[2025-05-14 17:10:29] [INFO] [SUCCESS] Type: register_confirmation | Email: test@example.com
[2025-05-14 17:11:05] [INFO] [SUCCESS] Type: register_confirmation | Email: test@example.com
[2025-05-14 17:13:16] [INFO] [TASK STARTED] delete_unconfirmed_users
[2025-05-14 17:13:16] [INFO] [TASK COMPLETED] Deleted 0 unconfirmed users
[2025-05-14 17:18:41] [INFO] [SUCCESS] Type: register_confirmation | Email: test@example.com
[2025-05-14 17:19:44] [INFO] [SUCCESS] Type: register_confirmation | Email: test@example.com
[2025-05-14 17:20:16] [INFO] [TASK STARTED] delete_unconfirmed_users
[2025-05-14 17:20:16] [INFO] [TASK COMPLETED] Deleted 0 unconfirmed users
[2025-05-14 17:20:21] [INFO] [SUCCESS] Type: register_confirmation | Email: test@example.com
[2025-05-14 17:21:49] [INFO] [SUCCESS] Type: register_confirmation | Email: test@example.com
[2025-05-14 17:23:28] [INFO] [SUCCESS] Type: register_confirmation | Email: test@example.com
[2025-05-14 17:24:45] [INFO] [SUCCESS] Type: register_confirmation | Email: test@example.com
[2025-05-14 17:27:16] [INFO] [TASK STARTED] delete_unconfirmed_users
[2025-05-14 17:27:16] [INFO] [TASK COMPLETED] Deleted 0 unconfirmed users
[2025-05-14 17:33:07] [INFO] [SUCCESS] Type: register_confirmation | Email: test@example.com
[2025-05-14 17:34:16] [INFO] [TASK STARTED] delete_unconfirmed_users
[2025-05-14 17:34:16] [INFO] [TASK COMPLETED] Deleted 0 unconfirmed users
[2025-05-14 17:39:02] [INFO] [SUCCESS] Type: register_confirmation | Email: test@example.com
[2025-05-14 17:41:16] [INFO] [TASK STARTED] delete_unconfirmed_users
[2025-05-14 17:41:16] [INFO] [TASK COMPLETED] Deleted 0 unconfirmed users
[2025-05-14 17:48:17] [INFO] [TASK STARTED] delete_unconfirmed_users
[2025-05-14 17:48:17] [INFO] [TASK COMPLETED] Deleted 0 unconfirmed users
[2025-05-14 17:55:17] [INFO] [TASK STARTED] delete_unconfirmed_users
[2025-05-14 17:55:17] [INFO] [TASK COMPLETED] Deleted 0 unconfirmed users
[2025-05-14 18:02:17] [INFO] [TASK STARTED] delete_unconfirmed_users
[2025-05-14 18:02:17] [INFO] [TASK COMPLETED] Deleted 0 unconfirmed users
[2025-05-14 18:09:17] [INFO] [TASK STARTED] delete_unconfirmed_users
[2025-05-14 18:09:17] [INFO] [TASK COMPLETED] Deleted 0 unconfirmed users
[2025-05-14 18:16:17] [INFO] [TASK STARTED] delete_unconfirmed_users
[2025-05-14 18:16:17] [INFO] [TASK COMPLETED] Deleted 0 unconfirmed users
[2025-05-14 18:23:17] [INFO] [TASK STARTED] delete_unconfirmed_users
[2025-05-14 18:23:17] [INFO] [TASK COMPLETED] Deleted 0 unconfirmed users
[2025-05-14 18:29:36] [INFO] [SUCCESS] Type: register_confirmation | Email: test@example.com
[2025-05-14 18:29:48] [INFO] [SUCCESS] Type: register_confirmation | Email: test@example.com
[2025-05-14 18:30:17] [INFO] [TASK STARTED] delete_unconfirmed_users
[2025-05-14 18:30:17] [INFO] [TASK COMPLETED] Deleted 0 unconfirmed users
[2025-05-14 18:33:50] [INFO] [SUCCESS] Type: reset_password_confirmation | Email: some_user@example.com
[2025-05-14 18:33:50] [INFO] [SUCCESS] Type: reset_password_confirmation | Email: some_user@example.com
[2025-05-14 18:36:38] [INFO] [SUCCESS] Type: reset_password_confirmation | Email: some_user@example.com
[2025-05-14 18:36:38] [INFO] [SUCCESS] Type: reset_password_confirmation | Email: some_user@example.com
[2025-05-14 18:37:58] [INFO] [SUCCESS] Type: reset_password_confirmation | Email: some_user@example.com
[2025-05-14 18:37:59] [INFO] [SUCCESS] Type: reset_password_confirmation | Email: some_user@example.com
[2025-05-14 18:40:19] [INFO] [SUCCESS] Type: reset_password_confirmation | Email: some_user@example.com
[2025-05-14 18:40:59] [INFO] [SUCCESS] Type: reset_password_confirmation | Email: some_user@example.com
[2025-05-14 18:41:34] [INFO] [SUCCESS] Type: reset_password_confirmation | Email: some_user@example.com
[2025-05-14 18:42:29] [INFO] [SUCCESS] Type: reset_password_confirmation | Email: some_user@example.com
[2025-05-14 18:51:39] [INFO] [SUCCESS] Type: reset_password_confirmation | Email: some_user@example.com
[2025-05-14 19:01:25] [INFO] [SUCCESS] Type: reset_password_confirmation | Email: some_user@example.com
[2025-05-14 19:03:58] [INFO] [SUCCESS] Type: reset_password_confirmation | Email: some_user@example.com
[2025-05-14 19:05:24] [INFO] [SUCCESS] Type: reset_password_confirmation | Email: some_user@example.com
[2025-05-14 19:06:36] [INFO] [SUCCESS] Type: register_confirmation | Email: test@example.com
[2025-05-14 19:06:39] [INFO] [SUCCESS] Type: reset_password_confirmation | Email: some_user@example.com
[2025-05-14 19:24:47] [INFO] [SUCCESS] Type: register_confirmation | Email: test@example.com
[2025-05-14 19:24:49] [INFO] [SUCCESS] Type: reset_password_confirmation | Email: some_user@example.com
[2025-05-14 19:33:28] [INFO] [SUCCESS] Type: reset_password_confirmation | Email: some_user@example.com
[2025-05-14 19:33:50] [INFO] [SUCCESS] Type: reset_password_confirmation | Email: some_user@example.com
[2025-05-14 19:34:03] [INFO] [SUCCESS] Type: reset_password_confirmation | Email: some_user@example.com
[2025-05-14 19:34:24] [INFO] [SUCCESS] Type: reset_password_confirmation | Email: some_user@example.com
[2025-05-14 19:35:11] [INFO] [SUCCESS] Type: reset_password_confirmation | Email: some_user@example.com
[2025-05-14 19:35:29] [INFO] [SUCCESS] Type: reset_password_confirmation | Email: some_user@example.com
[2025-05-14 19:37:21] [INFO] [SUCCESS] Type: reset_password_confirmation | Email: some_user@example.com
[2025-05-14 19:38:00] [INFO] [SUCCESS] Type: reset_password_confirmation | Email: some_user@example.com
[2025-05-14 19:39:04] [INFO] [SUCCESS] Type: reset_password_confirmation | Email: some_user@example.com
[2025-05-14 20:08:10] [INFO] [SUCCESS] Type: reset_password_confirmation | Email: some_user@example.com
[2025-05-14 20:08:54] [INFO] [SUCCESS] Type: reset_password_confirmation | Email: some_user@example.com
[2025-05-14 20:09:28] [INFO] [SUCCESS] Type: reset_password_confirmation | Email: some_user@example.com
[2025-05-14 20:11:01] [INFO] [SUCCESS] Type: reset_password_confirmation | Email: some_user@example.com
[2025-05-14 20:18:34] [INFO] [SUCCESS] Type: register_confirmation | Email: test@example.com
[2025-05-14 20:18:37] [INFO] [SUCCESS] Type: reset_password_confirmation | Email: some_user@example.com
[2025-05-14 20:18:38] [INFO] [SUCCESS] Type: reset_password_confirmation | Email: some_user@example.com
[2025-05-14 20:19:07] [INFO] [SUCCESS] Type: register_confirmation | Email: test@example.com
[2025-05-14 20:19:10] [INFO] [SUCCESS] Type: reset_password_confirmation | Email: some_user@example.com
[2025-05-14 20:19:10] [INFO] [SUCCESS] Type: reset_password_confirmation | Email: some_user@example.com
[2025-05-14 20:19:34] [INFO] [SUCCESS] Type: register_confirmation | Email: test@example.com
[2025-05-14 20:19:37] [INFO] [SUCCESS] Type: reset_password_confirmation | Email: some_user@example.com
[2025-05-14 20:19:38] [INFO] [SUCCESS] Type: reset_password_confirmation | Email: some_user@example.com
[2025-05-14 20:29:26] [INFO] [SUCCESS] Type: register_confirmation | Email: test@example.com
[2025-05-14 20:29:29] [INFO] [SUCCESS] Type: reset_password_confirmation | Email: some_user@example.com
[2025-05-14 20:29:30] [INFO] [SUCCESS] Type: reset_password_confirmation | Email: some_user@example.com
[2025-05-15 15:29:06] [INFO] [TASK STARTED] delete_unconfirmed_users
[2025-05-15 15:29:06] [INFO] [TASK COMPLETED] Deleted 0 unconfirmed users
[2025-05-18 15:26:29] [INFO] [SUCCESS] Type: reset_password_confirmation | Email: some_user@example.com
[2025-05-18 15:26:30] [INFO] [SUCCESS] Type: reset_password_confirmation | Email: some_user@example.com
[2025-05-18 15:44:43] [INFO] [SUCCESS] Type: register_confirmation | Email: test@example.com
[2025-05-18 15:46:37] [INFO] [SUCCESS] Type: reset_password_confirmation | Email: some_user@example.com
[2025-05-18 15:46:38] [INFO] [SUCCESS] Type: reset_password_confirmation | Email: some_user@example.com
[2025-05-18 15:57:32] [INFO] [SUCCESS] Type: register_confirmation | Email: test@example.com
[2025-05-18 15:57:37] [INFO] [SUCCESS] Type: reset_password_confirmation | Email: some_user@example.com
[2025-05-18 15:57:37] [INFO] [SUCCESS] Type: reset_password_confirmation | Email: some_user@example.com
[2025-05-18 15:58:22] [INFO] [SUCCESS] Type: register_confirmation | Email: test@example.com
[2025-05-18 15:58:27] [INFO] [SUCCESS] Type: reset_password_confirmation | Email: some_user@example.com
[2025-05-18 15:58:27] [INFO] [SUCCESS] Type: reset_password_confirmation | Email: some_user@example.com
[2025-05-18 16:27:44] [INFO] [SUCCESS] Type: register_confirmation | Email: test@example.com
[2025-05-18 16:27:49] [INFO] [SUCCESS] Type: reset_password_confirmation | Email: some_user@example.com
[2025-05-18 16:27:49] [INFO] [SUCCESS] Type: reset_password_confirmation | Email: some_user@example.com
[2025-05-18 17:52:51] [INFO] [SUCCESS] Type: register_confirmation | Email: test@example.com
[2025-05-18 17:52:54] [INFO] [SUCCESS] Type: reset_password_confirmation | Email: some_user@example.com
[2025-05-18 17:52:54] [INFO] [SUCCESS] Type: reset_password_confirmation | Email: some_user@example.com
[2025-05-19 17:03:35] [INFO] [TASK STARTED] delete_unconfirmed_users
[2025-05-19 17:03:35] [INFO] [TASK COMPLETED] Deleted 25 unconfirmed users
[2025-05-19 17:04:32] [INFO] [TASK STARTED] delete_unconfirmed_users
[2025-05-19 17:04:32] [INFO] [TASK COMPLETED] Deleted 0 unconfirmed users
[2025-05-19 17:42:30] [INFO] [TASK STARTED] delete_unconfirmed_users
[2025-05-19 17:42:30] [INFO] [TASK COMPLETED] Deleted 0 unconfirmed users
[2025-05-19 17:49:30] [INFO] [TASK STARTED] delete_unconfirmed_users
[2025-05-19 17:49:30] [INFO] [TASK COMPLETED] Deleted 0 unconfirmed users
[2025-05-19 18:06:56] [INFO] [TASK STARTED] delete_unconfirmed_users
[2025-05-19 18:06:56] [INFO] [TASK COMPLETED] Deleted 0 unconfirmed users
[2025-05-19 18:13:56] [INFO] [TASK STARTED] delete_unconfirmed_users
[2025-05-19 18:13:56] [INFO] [TASK COMPLETED] Deleted 0 unconfirmed users
[2025-05-19 18:20:56] [INFO] [TASK STARTED] delete_unconfirmed_users
[2025-05-19 18:20:56] [INFO] [TASK COMPLETED] Deleted 0 unconfirmed users
[2025-05-19 18:27:56] [INFO] [TASK STARTED] delete_unconfirmed_users
[2025-05-19 18:27:57] [INFO] [TASK COMPLETED] Deleted 0 unconfirmed users
[2025-05-19 18:34:57] [INFO] [TASK STARTED] delete_unconfirmed_users
[2025-05-19 18:34:57] [INFO] [TASK COMPLETED] Deleted 0 unconfirmed users
[2025-05-19 18:41:57] [INFO] [TASK STARTED] delete_unconfirmed_users
[2025-05-19 18:41:57] [INFO] [TASK COMPLETED] Deleted 0 unconfirmed users
[2025-05-19 18:48:57] [INFO] [TASK STARTED] delete_unconfirmed_users
[2025-05-19 18:48:57] [INFO] [TASK COMPLETED] Deleted 0 unconfirmed users
[2025-05-19 18:55:57] [INFO] [TASK STARTED] delete_unconfirmed_users
[2025-05-19 18:55:57] [INFO] [TASK COMPLETED] Deleted 0 unconfirmed users
[2025-05-19 19:02:57] [INFO] [TASK STARTED] delete_unconfirmed_users
[2025-05-19 19:02:57] [INFO] [TASK COMPLETED] Deleted 0 unconfirmed users
[2025-05-19 19:09:57] [INFO] [TASK STARTED] delete_unconfirmed_users
[2025-05-19 19:09:57] [INFO] [TASK COMPLETED] Deleted 0 unconfirmed users
[2025-05-19 19:16:57] [INFO] [TASK STARTED] delete_unconfirmed_users
[2025-05-19 19:16:57] [INFO] [TASK COMPLETED] Deleted 0 unconfirmed users
[2025-05-19 19:23:57] [INFO] [TASK STARTED] delete_unconfirmed_users
[2025-05-19 19:23:57] [INFO] [TASK COMPLETED] Deleted 0 unconfirmed users
[2025-05-19 19:30:57] [INFO] [TASK STARTED] delete_unconfirmed_users
[2025-05-19 19:30:57] [INFO] [TASK COMPLETED] Deleted 0 unconfirmed users
[2025-05-19 19:37:57] [INFO] [TASK STARTED] delete_unconfirmed_users
[2025-05-19 19:37:57] [INFO] [TASK COMPLETED] Deleted 0 unconfirmed users
[2025-05-19 19:44:57] [INFO] [TASK STARTED] delete_unconfirmed_users
[2025-05-19 19:44:57] [INFO] [TASK COMPLETED] Deleted 0 unconfirmed users
[2025-05-19 19:51:57] [INFO] [TASK STARTED] delete_unconfirmed_users
[2025-05-19 19:51:58] [INFO] [TASK COMPLETED] Deleted 0 unconfirmed users
[2025-05-19 19:58:57] [INFO] [TASK STARTED] delete_unconfirmed_users
[2025-05-19 19:58:58] [INFO] [TASK COMPLETED] Deleted 0 unconfirmed users
[2025-05-19 20:05:58] [INFO] [TASK STARTED] delete_unconfirmed_users
[2025-05-19 20:05:58] [INFO] [TASK COMPLETED] Deleted 0 unconfirmed users
[2025-05-19 20:12:58] [INFO] [TASK STARTED] delete_unconfirmed_users
[2025-05-19 20:12:58] [INFO] [TASK COMPLETED] Deleted 0 unconfirmed users
[2025-05-19 20:19:58] [INFO] [TASK STARTED] delete_unconfirmed_users
[2025-05-19 20:19:58] [INFO] [TASK COMPLETED] Deleted 0 unconfirmed users
[2025-05-19 20:26:58] [INFO] [TASK STARTED] delete_unconfirmed_users
[2025-05-19 20:26:58] [INFO] [TASK COMPLETED] Deleted 0 unconfirmed users
[2025-05-19 20:33:58] [INFO] [TASK STARTED] delete_unconfirmed_users
[2025-05-19 20:33:58] [INFO] [TASK COMPLETED] Deleted 0 unconfirmed users
[2025-05-19 20:40:58] [INFO] [TASK STARTED] delete_unconfirmed_users
[2025-05-19 20:40:58] [INFO] [TASK COMPLETED] Deleted 0 unconfirmed users
[2025-05-19 20:47:58] [INFO] [TASK STARTED] delete_unconfirmed_users
[2025-05-19 20:47:58] [INFO] [TASK COMPLETED] Deleted 0 unconfirmed users
[2025-05-19 20:54:58] [INFO] [TASK STARTED] delete_unconfirmed_users
[2025-05-19 20:54:58] [INFO] [TASK COMPLETED] Deleted 0 unconfirmed users
[2025-05-19 21:01:58] [INFO] [TASK STARTED] delete_unconfirmed_users
[2025-05-19 21:01:58] [INFO] [TASK COMPLETED] Deleted 0 unconfirmed users
[2025-05-19 21:08:58] [INFO] [TASK STARTED] delete_unconfirmed_users
[2025-05-19 21:08:58] [INFO] [TASK COMPLETED] Deleted 0 unconfirmed users
[2025-05-19 21:15:58] [INFO] [TASK STARTED] delete_unconfirmed_users
[2025-05-19 21:15:58] [INFO] [TASK COMPLETED] Deleted 0 unconfirmed users
[2025-05-19 23:05:27] [INFO] [TASK STARTED] delete_unconfirmed_users
[2025-05-19 23:05:27] [INFO] [TASK COMPLETED] Deleted 0 unconfirmed users
[2025-05-19 23:12:27] [INFO] [TASK STARTED] delete_unconfirmed_users
[2025-05-19 23:12:27] [INFO] [TASK COMPLETED] Deleted 0 unconfirmed users
[2025-05-19 23:19:27] [INFO] [TASK STARTED] delete_unconfirmed_users
[2025-05-19 23:19:28] [INFO] [TASK COMPLETED] Deleted 0 unconfirmed users
[2025-05-19 23:26:28] [INFO] [TASK STARTED] delete_unconfirmed_users
[2025-05-19 23:26:28] [INFO] [TASK COMPLETED] Deleted 0 unconfirmed users
[2025-05-19 23:33:28] [INFO] [TASK STARTED] delete_unconfirmed_users
[2025-05-19 23:33:28] [INFO] [TASK COMPLETED] Deleted 0 unconfirmed users
[2025-05-19 23:40:28] [INFO] [TASK STARTED] delete_unconfirmed_users
[2025-05-19 23:40:28] [INFO] [TASK COMPLETED] Deleted 0 unconfirmed users
[2025-05-19 23:47:28] [INFO] [TASK STARTED] delete_unconfirmed_users
[2025-05-19 23:47:28] [INFO] [TASK COMPLETED] Deleted 0 unconfirmed users
[2025-05-19 23:54:28] [INFO] [TASK STARTED] delete_unconfirmed_users
[2025-05-19 23:54:28] [INFO] [TASK COMPLETED] Deleted 0 unconfirmed users
[2025-05-20 00:01:28] [INFO] [TASK STARTED] delete_unconfirmed_users
[2025-05-20 00:01:28] [INFO] [TASK COMPLETED] Deleted 0 unconfirmed users
[2025-05-20 00:08:28] [INFO] [TASK STARTED] delete_unconfirmed_users
[2025-05-20 00:08:28] [INFO] [TASK COMPLETED] Deleted 0 unconfirmed users
[2025-05-20 00:15:28] [INFO] [TASK STARTED] delete_unconfirmed_users
[2025-05-20 00:15:28] [INFO] [TASK COMPLETED] Deleted 0 unconfirmed users
[2025-05-20 00:22:28] [INFO] [TASK STARTED] delete_unconfirmed_users
[2025-05-20 00:22:28] [INFO] [TASK COMPLETED] Deleted 0 unconfirmed users
[2025-05-20 00:29:28] [INFO] [TASK STARTED] delete_unconfirmed_users
[2025-05-20 00:29:28] [INFO] [TASK COMPLETED] Deleted 0 unconfirmed users
[2025-05-20 00:36:28] [INFO] [TASK STARTED] delete_unconfirmed_users
[2025-05-20 00:36:28] [INFO] [TASK COMPLETED] Deleted 0 unconfirmed users
[2025-05-20 00:43:28] [INFO] [TASK STARTED] delete_unconfirmed_users
[2025-05-20 00:43:28] [INFO] [TASK COMPLETED] Deleted 0 unconfirmed users
[2025-05-20 00:50:28] [INFO] [TASK STARTED] delete_unconfirmed_users
[2025-05-20 00:50:28] [INFO] [TASK COMPLETED] Deleted 0 unconfirmed users
[2025-05-20 00:57:28] [INFO] [TASK STARTED] delete_unconfirmed_users
[2025-05-20 00:57:29] [INFO] [TASK COMPLETED] Deleted 0 unconfirmed users
[2025-05-20 01:04:29] [INFO] [TASK STARTED] delete_unconfirmed_users
[2025-05-20 01:04:29] [INFO] [TASK COMPLETED] Deleted 0 unconfirmed users
[2025-05-20 01:33:51] [INFO] [TASK STARTED] delete_unconfirmed_users
[2025-05-20 01:33:51] [INFO] [TASK COMPLETED] Deleted 0 unconfirmed users
[2025-05-20 01:40:51] [INFO] [TASK STARTED] delete_unconfirmed_users
[2025-05-20 01:40:51] [INFO] [TASK COMPLETED] Deleted 0 unconfirmed users
[2025-05-20 04:45:15] [INFO] [TASK STARTED] delete_unconfirmed_users
[2025-05-20 04:45:15] [INFO] [TASK COMPLETED] Deleted 0 unconfirmed users
[2025-05-20 11:15:45] [INFO] [TASK STARTED] delete_unconfirmed_users
[2025-05-20 11:15:45] [INFO] [TASK COMPLETED] Deleted 0 unconfirmed users
[2025-05-20 11:22:45] [INFO] [TASK STARTED] delete_unconfirmed_users
[2025-05-20 11:22:45] [INFO] [TASK COMPLETED] Deleted 0 unconfirmed users
[2025-05-20 11:29:45] [INFO] [TASK STARTED] delete_unconfirmed_users
[2025-05-20 11:29:45] [INFO] [TASK COMPLETED] Deleted 0 unconfirmed users
[2025-05-20 11:36:45] [INFO] [TASK STARTED] delete_unconfirmed_users
[2025-05-20 11:36:45] [INFO] [TASK COMPLETED] Deleted 0 unconfirmed users
[2025-05-20 11:43:45] [INFO] [TASK STARTED] delete_unconfirmed_users
[2025-05-20 11:43:45] [INFO] [TASK COMPLETED] Deleted 0 unconfirmed users
[2025-05-20 11:50:45] [INFO] [TASK STARTED] delete_unconfirmed_users
[2025-05-20 11:50:45] [INFO] [TASK COMPLETED] Deleted 0 unconfirmed users
[2025-05-20 11:57:45] [INFO] [TASK STARTED] delete_unconfirmed_users
[2025-05-20 11:57:46] [INFO] [TASK COMPLETED] Deleted 0 unconfirmed users
[2025-05-20 12:04:45] [INFO] [TASK STARTED] delete_unconfirmed_users
[2025-05-20 12:04:46] [INFO] [TASK COMPLETED] Deleted 0 unconfirmed users
[2025-05-20 12:11:46] [INFO] [TASK STARTED] delete_unconfirmed_users
[2025-05-20 12:11:46] [INFO] [TASK COMPLETED] Deleted 0 unconfirmed users
[2025-05-20 12:18:46] [INFO] [TASK STARTED] delete_unconfirmed_users
[2025-05-20 12:18:46] [INFO] [TASK COMPLETED] Deleted 0 unconfirmed users
[2025-05-20 12:25:46] [INFO] [TASK STARTED] delete_unconfirmed_users
[2025-05-20 12:25:46] [INFO] [TASK COMPLETED] Deleted 0 unconfirmed users
[2025-05-20 12:32:46] [INFO] [TASK STARTED] delete_unconfirmed_users
[2025-05-20 12:32:46] [INFO] [TASK COMPLETED] Deleted 0 unconfirmed users
[2025-05-20 12:39:46] [INFO] [TASK STARTED] delete_unconfirmed_users
[2025-05-20 12:39:46] [INFO] [TASK COMPLETED] Deleted 0 unconfirmed users
[2025-05-20 12:46:46] [INFO] [TASK STARTED] delete_unconfirmed_users
[2025-05-20 12:46:46] [INFO] [TASK COMPLETED] Deleted 0 unconfirmed users
[2025-05-20 12:53:46] [INFO] [TASK STARTED] delete_unconfirmed_users
[2025-05-20 12:53:46] [INFO] [TASK COMPLETED] Deleted 0 unconfirmed users
[2025-05-20 13:00:46] [INFO] [TASK STARTED] delete_unconfirmed_users
[2025-05-20 13:00:46] [INFO] [TASK COMPLETED] Deleted 0 unconfirmed users
[2025-05-20 13:07:46] [INFO] [TASK STARTED] delete_unconfirmed_users
[2025-05-20 13:07:46] [INFO] [TASK COMPLETED] Deleted 0 unconfirmed users
[2025-05-20 13:14:46] [INFO] [TASK STARTED] delete_unconfirmed_users
[2025-05-20 13:14:46] [INFO] [TASK COMPLETED] Deleted 0 unconfirmed users
[2025-05-20 13:21:46] [INFO] [TASK STARTED] delete_unconfirmed_users
[2025-05-20 13:21:46] [INFO] [TASK COMPLETED] Deleted 0 unconfirmed users
[2025-05-20 13:28:46] [INFO] [TASK STARTED] delete_unconfirmed_users
[2025-05-20 13:28:46] [INFO] [TASK COMPLETED] Deleted 0 unconfirmed users
[2025-05-20 13:35:46] [INFO] [TASK STARTED] delete_unconfirmed_users
[2025-05-20 13:35:46] [INFO] [TASK COMPLETED] Deleted 0 unconfirmed users
[2025-05-20 13:42:46] [INFO] [TASK STARTED] delete_unconfirmed_users
[2025-05-20 13:42:46] [INFO] [TASK COMPLETED] Deleted 0 unconfirmed users
[2025-05-20 13:49:46] [INFO] [TASK STARTED] delete_unconfirmed_users
[2025-05-20 13:49:46] [INFO] [TASK COMPLETED] Deleted 0 unconfirmed users
[2025-05-20 13:56:46] [INFO] [TASK STARTED] delete_unconfirmed_users
[2025-05-20 13:56:46] [INFO] [TASK COMPLETED] Deleted 0 unconfirmed users
[2025-05-20 14:03:46] [INFO] [TASK STARTED] delete_unconfirmed_users
[2025-05-20 14:03:46] [INFO] [TASK COMPLETED] Deleted 0 unconfirmed users
[2025-05-20 14:10:46] [INFO] [TASK STARTED] delete_unconfirmed_users
[2025-05-20 14:10:46] [INFO] [TASK COMPLETED] Deleted 0 unconfirmed users
[2025-05-20 14:17:46] [INFO] [TASK STARTED] delete_unconfirmed_users
[2025-05-20 14:17:46] [INFO] [TASK COMPLETED] Deleted 0 unconfirmed users
[2025-05-20 14:24:46] [INFO] [TASK STARTED] delete_unconfirmed_users
[2025-05-20 14:24:46] [INFO] [TASK COMPLETED] Deleted 0 unconfirmed users
[2025-05-20 14:31:46] [INFO] [TASK STARTED] delete_unconfirmed_users
[2025-05-20 14:31:46] [INFO] [TASK COMPLETED] Deleted 0 unconfirmed users
[2025-05-20 14:38:46] [INFO] [TASK STARTED] delete_unconfirmed_users
[2025-05-20 14:38:46] [INFO] [TASK COMPLETED] Deleted 0 unconfirmed users
[2025-05-20 14:45:46] [INFO] [TASK STARTED] delete_unconfirmed_users
[2025-05-20 14:45:46] [INFO] [TASK COMPLETED] Deleted 0 unconfirmed users
[2025-05-20 14:52:46] [INFO] [TASK STARTED] delete_unconfirmed_users
[2025-05-20 14:52:46] [INFO] [TASK COMPLETED] Deleted 0 unconfirmed users
[2025-05-20 14:59:46] [INFO] [TASK STARTED] delete_unconfirmed_users
[2025-05-20 14:59:46] [INFO] [TASK COMPLETED] Deleted 0 unconfirmed users
[2025-05-20 15:06:46] [INFO] [TASK STARTED] delete_unconfirmed_users
[2025-05-20 15:06:47] [INFO] [TASK COMPLETED] Deleted 0 unconfirmed users
[2025-05-20 15:13:47] [INFO] [TASK STARTED] delete_unconfirmed_users
[2025-05-20 15:13:47] [INFO] [TASK COMPLETED] Deleted 0 unconfirmed users
[2025-05-20 15:20:47] [INFO] [TASK STARTED] delete_unconfirmed_users
[2025-05-20 15:20:47] [INFO] [TASK COMPLETED] Deleted 0 unconfirmed users
[2025-05-20 15:27:47] [INFO] [TASK STARTED] delete_unconfirmed_users
[2025-05-20 15:27:47] [INFO] [TASK COMPLETED] Deleted 0 unconfirmed users
[2025-05-20 15:34:47] [INFO] [TASK STARTED] delete_unconfirmed_users
[2025-05-20 15:34:47] [INFO] [TASK COMPLETED] Deleted 0 unconfirmed users
[2025-05-20 15:41:47] [INFO] [TASK STARTED] delete_unconfirmed_users
[2025-05-20 15:41:47] [INFO] [TASK COMPLETED] Deleted 0 unconfirmed users
[2025-05-20 15:48:47] [INFO] [TASK STARTED] delete_unconfirmed_users
[2025-05-20 15:48:47] [INFO] [TASK COMPLETED] Deleted 0 unconfirmed users
[2025-05-20 15:55:47] [INFO] [TASK STARTED] delete_unconfirmed_users
[2025-05-20 15:55:47] [INFO] [TASK COMPLETED] Deleted 0 unconfirmed users
[2025-05-23 20:25:05] [INFO] [TASK STARTED] delete_unconfirmed_users
[2025-05-23 20:25:05] [INFO] [TASK COMPLETED] Deleted 0 unconfirmed users
[2025-05-23 20:32:05] [INFO] [TASK STARTED] delete_unconfirmed_users
[2025-05-23 20:32:05] [INFO] [TASK COMPLETED] Deleted 0 unconfirmed users
[2025-05-23 20:39:05] [INFO] [TASK STARTED] delete_unconfirmed_users
[2025-05-23 20:39:05] [INFO] [TASK COMPLETED] Deleted 0 unconfirmed users
[2025-05-23 20:46:05] [INFO] [TASK STARTED] delete_unconfirmed_users
[2025-05-23 20:46:05] [INFO] [TASK COMPLETED] Deleted 0 unconfirmed users
[2025-05-23 20:53:05] [INFO] [TASK STARTED] delete_unconfirmed_users
[2025-05-23 20:53:05] [INFO] [TASK COMPLETED] Deleted 0 unconfirmed users
[2025-05-23 21:00:05] [INFO] [TASK STARTED] delete_unconfirmed_users
[2025-05-23 21:00:06] [INFO] [TASK COMPLETED] Deleted 0 unconfirmed users
[2025-05-23 21:07:05] [INFO] [TASK STARTED] delete_unconfirmed_users
[2025-05-23 21:07:06] [INFO] [TASK COMPLETED] Deleted 0 unconfirmed users
[2025-05-24 21:37:09] [INFO] [TASK STARTED] delete_unconfirmed_users
[2025-05-24 21:37:09] [INFO] [TASK COMPLETED] Deleted 0 unconfirmed users
[2025-05-24 23:25:54] [INFO] [TASK STARTED] delete_unconfirmed_users
[2025-05-24 23:25:54] [INFO] [TASK COMPLETED] Deleted 0 unconfirmed users
[2025-05-24 23:32:54] [INFO] [TASK STARTED] delete_unconfirmed_users
[2025-05-24 23:32:54] [INFO] [TASK COMPLETED] Deleted 0 unconfirmed users
[2025-05-25 00:27:53] [INFO] [SUCCESS] Type: register_confirmation | Email: user@email.com
[2025-05-25 00:27:53] [INFO] [SUCCESS] Type: repeat_register_confirmation | Email: user@email.com
[2025-05-25 00:27:53] [INFO] [SUCCESS] Type: reset_password_confirmation | Email: user@email.com
[2025-05-25 00:28:41] [INFO] [SUCCESS] Type: register_confirmation | Email: user@email.com
[2025-05-25 00:28:41] [INFO] [SUCCESS] Type: repeat_register_confirmation | Email: user@email.com
[2025-05-25 00:28:41] [INFO] [SUCCESS] Type: reset_password_confirmation | Email: user@email.com
[2025-05-25 00:28:52] [INFO] [SUCCESS] Type: register_confirmation | Email: user@email.com
[2025-05-25 00:28:53] [INFO] [SUCCESS] Type: repeat_register_confirmation | Email: user@email.com
[2025-05-25 00:28:53] [INFO] [SUCCESS] Type: reset_password_confirmation | Email: user@email.com
[2025-05-25 00:32:52] [INFO] [SUCCESS] Type: register_confirmation | Email: user@email.com
[2025-05-25 00:32:52] [INFO] [SUCCESS] Type: repeat_register_confirmation | Email: user@email.com
[2025-05-25 00:32:52] [INFO] [SUCCESS] Type: reset_password_confirmation | Email: user@email.com
[2025-05-25 00:33:08] [INFO] [SUCCESS] Type: register_confirmation | Email: user@email.com
[2025-05-25 00:33:08] [INFO] [SUCCESS] Type: repeat_register_confirmation | Email: user@email.com
[2025-05-25 00:33:08] [INFO] [SUCCESS] Type: reset_password_confirmation | Email: user@email.com
[2025-05-25 00:33:55] [INFO] [SUCCESS] Type: register_confirmation | Email: user@email.com
[2025-05-25 00:33:55] [INFO] [SUCCESS] Type: repeat_register_confirmation | Email: user@email.com
[2025-05-25 00:33:55] [INFO] [SUCCESS] Type: reset_password_confirmation | Email: user@email.com
[2025-05-25 00:54:50] [INFO] [SUCCESS] Type: register_confirmation | Email: user@email.com
[2025-05-25 00:55:03] [INFO] [SUCCESS] Type: register_confirmation | Email: user@email.com
[2025-05-25 00:55:03] [INFO] [SUCCESS] Type: repeat_register_confirmation | Email: user@email.com
[2025-05-25 00:58:07] [INFO] [SUCCESS] Type: register_confirmation | Email: user@email.com
[2025-05-25 00:58:07] [INFO] [SUCCESS] Type: repeat_register_confirmation | Email: user@email.com
[2025-05-25 01:00:00] [INFO] [SUCCESS] Type: register_confirmation | Email: user@email.com
[2025-05-25 01:00:00] [INFO] [SUCCESS] Type: repeat_register_confirmation | Email: user@email.com
[2025-05-25 01:00:20] [INFO] [SUCCESS] Type: register_confirmation | Email: user@email.com
[2025-05-25 01:00:20] [INFO] [SUCCESS] Type: repeat_register_confirmation | Email: user@email.com
[2025-05-25 01:00:20] [INFO] [SUCCESS] Type: reset_password_confirmation | Email: user@email.com
[2025-05-25 01:01:02] [INFO] [SUCCESS] Type: register_confirmation | Email: user@email.com
[2025-05-25 01:01:02] [INFO] [SUCCESS] Type: repeat_register_confirmation | Email: user@email.com
[2025-05-25 01:01:02] [INFO] [SUCCESS] Type: reset_password_confirmation | Email: user@email.com
[2025-05-25 01:01:14] [INFO] [SUCCESS] Type: register_confirmation | Email: user@email.com
[2025-05-25 01:01:14] [INFO] [SUCCESS] Type: repeat_register_confirmation | Email: user@email.com
[2025-05-25 01:01:14] [INFO] [SUCCESS] Type: reset_password_confirmation | Email: user@email.com
[2025-05-25 01:02:08] [INFO] [SUCCESS] Type: register_confirmation | Email: user@email.com
[2025-05-25 01:02:08] [INFO] [SUCCESS] Type: repeat_register_confirmation | Email: user@email.com
[2025-05-25 01:02:08] [INFO] [SUCCESS] Type: reset_password_confirmation | Email: user@email.com
[2025-05-25 01:07:57] [INFO] [TASK STARTED] delete_unconfirmed_users
[2025-05-25 01:07:57] [INFO] [TASK COMPLETED] Deleted 0 unconfirmed users
[2025-05-25 01:12:06] [INFO] [TASK STARTED] delete_unconfirmed_users
[2025-05-25 01:12:06] [INFO] [TASK COMPLETED] Deleted 1 unconfirmed users
[2025-05-25 01:13:12] [INFO] [TASK STARTED] delete_unconfirmed_users
[2025-05-25 01:13:12] [INFO] [TASK COMPLETED] Deleted 1 unconfirmed users
[2025-05-25 01:14:06] [INFO] [TASK STARTED] delete_unconfirmed_users
[2025-05-25 01:14:06] [INFO] [TASK COMPLETED] Deleted 1 unconfirmed users
[2025-05-25 01:14:06] [INFO] [SUCCESS] Type: register_confirmation | Email: user@email.com
[2025-05-25 01:14:06] [INFO] [SUCCESS] Type: repeat_register_confirmation | Email: user@email.com
[2025-05-25 01:14:06] [INFO] [SUCCESS] Type: reset_password_confirmation | Email: user@email.com
[2025-05-25 01:14:36] [INFO] [TASK STARTED] delete_unconfirmed_users
[2025-05-25 01:14:36] [INFO] [TASK COMPLETED] Deleted 1 unconfirmed users
[2025-05-25 01:14:37] [INFO] [SUCCESS] Type: register_confirmation | Email: user@email.com
[2025-05-25 01:14:37] [INFO] [SUCCESS] Type: repeat_register_confirmation | Email: user@email.com
[2025-05-25 01:14:37] [INFO] [SUCCESS] Type: reset_password_confirmation | Email: user@email.com
[2025-05-25 01:14:43] [INFO] [TASK STARTED] delete_unconfirmed_users
[2025-05-25 01:14:43] [INFO] [TASK COMPLETED] Deleted 1 unconfirmed users
[2025-05-25 01:14:44] [INFO] [SUCCESS] Type: register_confirmation | Email: user@email.com
[2025-05-25 01:14:44] [INFO] [SUCCESS] Type: repeat_register_confirmation | Email: user@email.com
[2025-05-25 01:14:44] [INFO] [SUCCESS] Type: reset_password_confirmation | Email: user@email.com
[2025-06-20 16:16:35] [INFO] [TASK STARTED] delete_unconfirmed_users
[2025-06-20 16:16:35] [INFO] [TASK COMPLETED] Deleted 1 unconfirmed users
[2025-06-20 16:16:36] [INFO] [SUCCESS] Type: register_confirmation | Email: user@email.com
[2025-06-20 16:16:36] [INFO] [SUCCESS] Type: repeat_register_confirmation | Email: user@email.com
[2025-06-20 16:16:36] [INFO] [SUCCESS] Type: reset_password_confirmation | Email: user@email.com
[2025-06-20 16:16:51] [INFO] [SUCCESS] Type: register_confirmation | Email: test@example.com
[2025-06-20 16:18:44] [INFO] [SUCCESS] Type: reset_password_confirmation | Email: some_user@example.com
[2025-06-20 16:18:44] [INFO] [SUCCESS] Type: reset_password_confirmation | Email: some_user@example.com
[2025-06-20 16:20:21] [INFO] [TASK STARTED] delete_unconfirmed_users
[2025-06-20 16:20:21] [INFO] [TASK COMPLETED] Deleted 1 unconfirmed users
[2025-06-20 16:20:22] [INFO] [SUCCESS] Type: register_confirmation | Email: user@email.com
[2025-06-20 16:20:22] [INFO] [SUCCESS] Type: repeat_register_confirmation | Email: user@email.com
[2025-06-20 16:20:22] [INFO] [SUCCESS] Type: reset_password_confirmation | Email: user@email.com
[2025-06-20 16:20:37] [INFO] [SUCCESS] Type: register_confirmation | Email: test@example.com
[2025-06-20 16:20:40] [INFO] [SUCCESS] Type: reset_password_confirmation | Email: some_user@example.com
[2025-06-20 16:20:41] [INFO] [SUCCESS] Type: reset_password_confirmation | Email: some_user@example.com
[2025-06-24 21:10:57] [INFO] [DELETE UNCONFIRMED USERS CODE STARTED
[2025-06-24 21:10:57] [INFO] [SUCCESS] Deleted 1 unconfirmed users
[2025-06-24 21:10:57] [INFO] [SEND EMAIL TASK CODE STARTED]
[2025-06-24 21:10:58] [INFO] [SUCCESS] Type: register_confirmation | Email: user@email.com
[2025-06-24 21:10:58] [INFO] [SEND EMAIL TASK CODE STARTED]
[2025-06-24 21:10:58] [INFO] [SUCCESS] Type: repeat_register_confirmation | Email: user@email.com
[2025-06-24 21:10:58] [INFO] [SEND EMAIL TASK CODE STARTED]
[2025-06-24 21:10:58] [INFO] [SUCCESS] Type: reset_password_confirmation | Email: user@email.com
[2025-06-24 21:11:09] [INFO] [SEND EMAIL TASK CODE STARTED]
[2025-06-24 21:11:09] [INFO] [SUCCESS] Type: register_confirmation | Email: test@example.com
[2025-06-24 21:11:12] [INFO] [SEND EMAIL TASK CODE STARTED]
[2025-06-24 21:11:12] [INFO] [SUCCESS] Type: reset_password_confirmation | Email: some_user@example.com
[2025-06-24 21:11:12] [INFO] [SEND EMAIL TASK CODE STARTED]
[2025-06-24 21:11:12] [INFO] [SUCCESS] Type: reset_password_confirmation | Email: some_user@example.com
[2025-06-24 21:12:16] [INFO] [DELETE UNCONFIRMED USERS CODE STARTED
[2025-06-24 21:12:16] [INFO] [SUCCESS] Deleted 1 unconfirmed users
[2025-06-24 21:12:16] [INFO] [SEND EMAIL TASK CODE STARTED]
[2025-06-24 21:12:17] [INFO] [SUCCESS] Type: register_confirmation | Email: user@email.com
[2025-06-24 21:12:17] [INFO] [SEND EMAIL TASK CODE STARTED]
[2025-06-24 21:12:17] [INFO] [SUCCESS] Type: repeat_register_confirmation | Email: user@email.com
[2025-06-24 21:12:17] [INFO] [SEND EMAIL TASK CODE STARTED]
[2025-06-24 21:12:17] [INFO] [SUCCESS] Type: reset_password_confirmation | Email: user@email.com
[2025-06-24 21:12:28] [INFO] [SEND EMAIL TASK CODE STARTED]
[2025-06-24 21:12:28] [INFO] [SUCCESS] Type: register_confirmation | Email: test@example.com
[2025-06-24 21:12:31] [INFO] [SEND EMAIL TASK CODE STARTED]
[2025-06-24 21:12:31] [INFO] [SUCCESS] Type: reset_password_confirmation | Email: some_user@example.com
[2025-06-24 21:12:31] [INFO] [SEND EMAIL TASK CODE STARTED]
[2025-06-24 21:12:31] [INFO] [SUCCESS] Type: reset_password_confirmation | Email: some_user@example.com
[2025-06-24 21:14:48] [INFO] [DELETE UNCONFIRMED USERS CODE STARTED
[2025-06-24 21:14:48] [INFO] [SUCCESS] Deleted 1 unconfirmed users
[2025-06-24 21:14:48] [INFO] [SEND EMAIL TASK CODE STARTED]
[2025-06-24 21:14:49] [INFO] [SUCCESS] Type: register_confirmation | Email: user@email.com
[2025-06-24 21:14:49] [INFO] [SEND EMAIL TASK CODE STARTED]
[2025-06-24 21:14:49] [INFO] [SUCCESS] Type: repeat_register_confirmation | Email: user@email.com
[2025-06-24 21:14:49] [INFO] [SEND EMAIL TASK CODE STARTED]
[2025-06-24 21:14:49] [INFO] [SUCCESS] Type: reset_password_confirmation | Email: user@email.com
[2025-06-24 21:14:59] [INFO] [SEND EMAIL TASK CODE STARTED]
[2025-06-24 21:14:59] [INFO] [SUCCESS] Type: register_confirmation | Email: test@example.com
[2025-06-24 21:15:02] [INFO] [SEND EMAIL TASK CODE STARTED]
[2025-06-24 21:15:02] [INFO] [SUCCESS] Type: reset_password_confirmation | Email: some_user@example.com
[2025-06-24 21:15:03] [INFO] [SEND EMAIL TASK CODE STARTED]
[2025-06-24 21:15:03] [INFO] [SUCCESS] Type: reset_password_confirmation | Email: some_user@example.com
[2025-06-25 13:51:10] [INFO] [DELETE UNCONFIRMED USERS CODE STARTED
[2025-06-25 13:51:10] [INFO] [SUCCESS] Deleted 1 unconfirmed users
[2025-06-25 13:51:10] [INFO] [SEND EMAIL TASK CODE STARTED]
[2025-06-25 13:51:11] [INFO] [SUCCESS] Type: register_confirmation | Email: user@email.com
[2025-06-25 13:51:11] [INFO] [SEND EMAIL TASK CODE STARTED]
[2025-06-25 13:51:11] [INFO] [SUCCESS] Type: repeat_register_confirmation | Email: user@email.com
[2025-06-25 13:51:11] [INFO] [SEND EMAIL TASK CODE STARTED]
[2025-06-25 13:51:11] [INFO] [SUCCESS] Type: reset_password_confirmation | Email: user@email.com
[2025-06-25 13:51:26] [INFO] [SEND EMAIL TASK CODE STARTED]
[2025-06-25 13:51:26] [INFO] [SUCCESS] Type: register_confirmation | Email: test@example.com
[2025-06-25 13:51:30] [INFO] [SEND EMAIL TASK CODE STARTED]
[2025-06-25 13:51:30] [INFO] [SUCCESS] Type: reset_password_confirmation | Email: some_user@example.com
[2025-06-25 13:51:30] [INFO] [SEND EMAIL TASK CODE STARTED]
[2025-06-25 13:51:30] [INFO] [SUCCESS] Type: reset_password_confirmation | Email: some_user@example.com
[2025-06-25 14:06:12] [INFO] [DELETE UNCONFIRMED USERS CODE STARTED
[2025-06-25 14:06:12] [INFO] [SUCCESS] Deleted 1 unconfirmed users
[2025-06-25 14:06:12] [INFO] [SEND EMAIL TASK CODE STARTED]
[2025-06-25 14:06:13] [INFO] [SUCCESS] Type: register_confirmation | Email: user@email.com
[2025-06-25 14:06:13] [INFO] [SEND EMAIL TASK CODE STARTED]
[2025-06-25 14:06:13] [INFO] [SUCCESS] Type: repeat_register_confirmation | Email: user@email.com
[2025-06-25 14:06:13] [INFO] [SEND EMAIL TASK CODE STARTED]
[2025-06-25 14:06:13] [INFO] [SUCCESS] Type: reset_password_confirmation | Email: user@email.com
[2025-06-25 14:06:28] [INFO] [SEND EMAIL TASK CODE STARTED]
[2025-06-25 14:06:28] [INFO] [SUCCESS] Type: register_confirmation | Email: test@example.com
[2025-06-25 14:06:32] [INFO] [SEND EMAIL TASK CODE STARTED]
[2025-06-25 14:06:32] [INFO] [SUCCESS] Type: reset_password_confirmation | Email: some_user@example.com
[2025-06-25 14:06:32] [INFO] [SEND EMAIL TASK CODE STARTED]
[2025-06-25 14:06:32] [INFO] [SUCCESS] Type: reset_password_confirmation | Email: some_user@example.com
[2025-06-25 14:42:33] [INFO] [DELETE UNCONFIRMED USERS CODE STARTED
[2025-06-25 14:42:33] [INFO] [SUCCESS] Deleted 1 unconfirmed users
[2025-06-25 14:42:33] [INFO] [SEND EMAIL TASK CODE STARTED]
[2025-06-25 14:42:34] [INFO] [SUCCESS] Type: register_confirmation | Email: user@email.com
[2025-06-25 14:42:34] [INFO] [SEND EMAIL TASK CODE STARTED]
[2025-06-25 14:42:34] [INFO] [SUCCESS] Type: repeat_register_confirmation | Email: user@email.com
[2025-06-25 14:42:34] [INFO] [SEND EMAIL TASK CODE STARTED]
[2025-06-25 14:42:34] [INFO] [SUCCESS] Type: reset_password_confirmation | Email: user@email.com
[2025-06-25 14:42:49] [INFO] [SEND EMAIL TASK CODE STARTED]
[2025-06-25 14:42:49] [INFO] [SUCCESS] Type: register_confirmation | Email: test@example.com
[2025-06-25 14:42:53] [INFO] [SEND EMAIL TASK CODE STARTED]
[2025-06-25 14:42:53] [INFO] [SUCCESS] Type: reset_password_confirmation | Email: some_user@example.com
[2025-06-25 14:42:53] [INFO] [SEND EMAIL TASK CODE STARTED]
[2025-06-25 14:42:53] [INFO] [SUCCESS] Type: reset_password_confirmation | Email: some_user@example.com
[2025-06-26 15:58:47] [INFO] [DELETE UNCONFIRMED USERS CODE STARTED
[2025-06-26 15:58:47] [INFO] [SUCCESS] Deleted 1 unconfirmed users
[2025-06-26 15:58:47] [INFO] [SEND EMAIL TASK CODE STARTED]
[2025-06-26 15:58:48] [INFO] [SUCCESS] Type: register_confirmation | Email: user@email.com
[2025-06-26 15:58:48] [INFO] [SEND EMAIL TASK CODE STARTED]
[2025-06-26 15:58:48] [INFO] [SUCCESS] Type: repeat_register_confirmation | Email: user@email.com
[2025-06-26 15:58:48] [INFO] [SEND EMAIL TASK CODE STARTED]
[2025-06-26 15:58:48] [INFO] [SUCCESS] Type: reset_password_confirmation | Email: user@email.com
[2025-06-26 15:59:03] [INFO] [SEND EMAIL TASK CODE STARTED]
[2025-06-26 15:59:03] [INFO] [SUCCESS] Type: register_confirmation | Email: test@example.com
[2025-06-26 15:59:06] [INFO] [SEND EMAIL TASK CODE STARTED]
[2025-06-26 15:59:06] [INFO] [SUCCESS] Type: reset_password_confirmation | Email: some_user@example.com
[2025-06-26 15:59:07] [INFO] [SEND EMAIL TASK CODE STARTED]
[2025-06-26 15:59:07] [INFO] [SUCCESS] Type: reset_password_confirmation | Email: some_user@example.com
[2025-06-26 16:15:08] [INFO] [SEND EMAIL TASK CODE STARTED]
[2025-06-26 16:15:09] [INFO] [SUCCESS] Type: reset_password_confirmation | Email: some_user@example.com
[2025-06-26 16:15:10] [INFO] [SEND EMAIL TASK CODE STARTED]
[2025-06-26 16:15:10] [INFO] [SUCCESS] Type: reset_password_confirmation | Email: some_user@example.com
[2025-06-26 16:15:30] [INFO] [DELETE UNCONFIRMED USERS CODE STARTED
[2025-06-26 16:15:30] [INFO] [SUCCESS] Deleted 1 unconfirmed users
[2025-06-26 16:15:30] [INFO] [SEND EMAIL TASK CODE STARTED]
[2025-06-26 16:15:31] [INFO] [SUCCESS] Type: register_confirmation | Email: user@email.com
[2025-06-26 16:15:31] [INFO] [SEND EMAIL TASK CODE STARTED]
[2025-06-26 16:15:31] [INFO] [SUCCESS] Type: repeat_register_confirmation | Email: user@email.com
[2025-06-26 16:15:31] [INFO] [SEND EMAIL TASK CODE STARTED]
[2025-06-26 16:15:31] [INFO] [SUCCESS] Type: reset_password_confirmation | Email: user@email.com
[2025-06-26 16:15:46] [INFO] [SEND EMAIL TASK CODE STARTED]
[2025-06-26 16:15:46] [INFO] [SUCCESS] Type: register_confirmation | Email: test@example.com
[2025-06-26 16:15:50] [INFO] [SEND EMAIL TASK CODE STARTED]
[2025-06-26 16:15:50] [INFO] [SUCCESS] Type: reset_password_confirmation | Email: some_user@example.com
[2025-06-26 16:15:50] [INFO] [SEND EMAIL TASK CODE STARTED]
[2025-06-26 16:15:50] [INFO] [SUCCESS] Type: reset_password_confirmation | Email: some_user@example.com
[2025-06-26 19:18:49] [INFO] [DELETE UNCONFIRMED USERS CODE STARTED
[2025-06-26 19:18:49] [INFO] [SUCCESS] Deleted 1 unconfirmed users
[2025-06-26 19:18:49] [INFO] [SEND EMAIL TASK CODE STARTED]
[2025-06-26 19:18:50] [INFO] [SUCCESS] Type: register_confirmation | Email: user@email.com
[2025-06-26 19:18:50] [INFO] [SEND EMAIL TASK CODE STARTED]
[2025-06-26 19:18:50] [INFO] [SUCCESS] Type: repeat_register_confirmation | Email: user@email.com
[2025-06-26 19:18:50] [INFO] [SEND EMAIL TASK CODE STARTED]
[2025-06-26 19:18:50] [INFO] [SUCCESS] Type: reset_password_confirmation | Email: user@email.com
[2025-06-26 19:19:05] [INFO] [SEND EMAIL TASK CODE STARTED]
[2025-06-26 19:19:05] [INFO] [SUCCESS] Type: register_confirmation | Email: test@example.com
[2025-06-26 19:19:09] [INFO] [SEND EMAIL TASK CODE STARTED]
[2025-06-26 19:19:09] [INFO] [SUCCESS] Type: reset_password_confirmation | Email: some_user@example.com
[2025-06-26 19:19:09] [INFO] [SEND EMAIL TASK CODE STARTED]
[2025-06-26 19:19:09] [INFO] [SUCCESS] Type: reset_password_confirmation | Email: some_user@example.com
[2025-06-26 19:37:05] [INFO] [DELETE UNCONFIRMED USERS CODE STARTED
[2025-06-26 19:37:05] [INFO] [SUCCESS] Deleted 1 unconfirmed users
[2025-06-26 19:37:06] [INFO] [SEND EMAIL TASK CODE STARTED]
[2025-06-26 19:37:07] [INFO] [SUCCESS] Type: register_confirmation | Email: user@email.com
[2025-06-26 19:37:07] [INFO] [SEND EMAIL TASK CODE STARTED]
[2025-06-26 19:37:07] [INFO] [SUCCESS] Type: repeat_register_confirmation | Email: user@email.com
[2025-06-26 19:37:07] [INFO] [SEND EMAIL TASK CODE STARTED]
[2025-06-26 19:37:07] [INFO] [SUCCESS] Type: reset_password_confirmation | Email: user@email.com
[2025-06-26 19:37:18] [INFO] [SEND EMAIL TASK CODE STARTED]
[2025-06-26 19:37:18] [INFO] [SUCCESS] Type: register_confirmation | Email: test@example.com
[2025-06-26 19:37:21] [INFO] [SEND EMAIL TASK CODE STARTED]
[2025-06-26 19:37:21] [INFO] [SUCCESS] Type: reset_password_confirmation | Email: some_user@example.com
[2025-06-26 19:37:21] [INFO] [SEND EMAIL TASK CODE STARTED]
[2025-06-26 19:37:21] [INFO] [SUCCESS] Type: reset_password_confirmation | Email: some_user@example.com
[2025-06-26 21:47:39] [INFO] [DELETE UNCONFIRMED USERS CODE STARTED
[2025-06-26 21:47:39] [INFO] [SUCCESS] Deleted 1 unconfirmed users
[2025-06-26 21:47:39] [INFO] [SEND EMAIL TASK CODE STARTED]
[2025-06-26 21:47:40] [INFO] [SUCCESS] Type: register_confirmation | Email: user@email.com
[2025-06-26 21:47:40] [INFO] [SEND EMAIL TASK CODE STARTED]
[2025-06-26 21:47:40] [INFO] [SUCCESS] Type: repeat_register_confirmation | Email: user@email.com
[2025-06-26 21:47:40] [INFO] [SEND EMAIL TASK CODE STARTED]
[2025-06-26 21:47:40] [INFO] [SUCCESS] Type: reset_password_confirmation | Email: user@email.com
[2025-06-26 21:47:55] [INFO] [SEND EMAIL TASK CODE STARTED]
[2025-06-26 21:47:55] [INFO] [SUCCESS] Type: register_confirmation | Email: test@example.com
[2025-06-26 21:47:59] [INFO] [SEND EMAIL TASK CODE STARTED]
[2025-06-26 21:47:59] [INFO] [SUCCESS] Type: reset_password_confirmation | Email: some_user@example.com
[2025-06-26 21:47:59] [INFO] [SEND EMAIL TASK CODE STARTED]
[2025-06-26 21:47:59] [INFO] [SUCCESS] Type: reset_password_confirmation | Email: some_user@example.com
[2025-06-26 21:51:27] [INFO] [DELETE UNCONFIRMED USERS CODE STARTED
[2025-06-26 21:51:28] [INFO] [SUCCESS] Deleted 1 unconfirmed users
[2025-06-26 21:51:28] [INFO] [SEND EMAIL TASK CODE STARTED]
[2025-06-26 21:51:28] [INFO] [SUCCESS] Type: register_confirmation | Email: user@email.com
[2025-06-26 21:51:28] [INFO] [SEND EMAIL TASK CODE STARTED]
[2025-06-26 21:51:28] [INFO] [SUCCESS] Type: repeat_register_confirmation | Email: user@email.com
[2025-06-26 21:51:28] [INFO] [SEND EMAIL TASK CODE STARTED]
[2025-06-26 21:51:28] [INFO] [SUCCESS] Type: reset_password_confirmation | Email: user@email.com
[2025-06-26 21:51:44] [INFO] [SEND EMAIL TASK CODE STARTED]
[2025-06-26 21:51:44] [INFO] [SUCCESS] Type: register_confirmation | Email: test@example.com
[2025-06-26 21:51:47] [INFO] [SEND EMAIL TASK CODE STARTED]
[2025-06-26 21:51:47] [INFO] [SUCCESS] Type: reset_password_confirmation | Email: some_user@example.com
[2025-06-26 21:51:47] [INFO] [SEND EMAIL TASK CODE STARTED]
[2025-06-26 21:51:47] [INFO] [SUCCESS] Type: reset_password_confirmation | Email: some_user@example.com
[2025-06-26 22:01:47] [INFO] [DELETE UNCONFIRMED USERS CODE STARTED
[2025-06-26 22:01:47] [INFO] [SUCCESS] Deleted 1 unconfirmed users
[2025-06-26 22:01:47] [INFO] [SEND EMAIL TASK CODE STARTED]
[2025-06-26 22:01:48] [INFO] [SUCCESS] Type: register_confirmation | Email: user@email.com
[2025-06-26 22:01:48] [INFO] [SEND EMAIL TASK CODE STARTED]
[2025-06-26 22:01:48] [INFO] [SUCCESS] Type: repeat_register_confirmation | Email: user@email.com
[2025-06-26 22:01:48] [INFO] [SEND EMAIL TASK CODE STARTED]
[2025-06-26 22:01:48] [INFO] [SUCCESS] Type: reset_password_confirmation | Email: user@email.com
[2025-06-26 22:02:03] [INFO] [SEND EMAIL TASK CODE STARTED]
[2025-06-26 22:02:03] [INFO] [SUCCESS] Type: register_confirmation | Email: test@example.com
[2025-06-26 22:02:06] [INFO] [SEND EMAIL TASK CODE STARTED]
[2025-06-26 22:02:06] [INFO] [SUCCESS] Type: reset_password_confirmation | Email: some_user@example.com
[2025-06-26 22:02:06] [INFO] [SEND EMAIL TASK CODE STARTED]
[2025-06-26 22:02:06] [INFO] [SUCCESS] Type: reset_password_confirmation | Email: some_user@example.com
[2025-06-26 22:12:34] [INFO] [DELETE UNCONFIRMED USERS CODE STARTED
[2025-06-26 22:12:34] [INFO] [SUCCESS] Deleted 1 unconfirmed users
[2025-06-26 22:12:34] [INFO] [SEND EMAIL TASK CODE STARTED]
[2025-06-26 22:12:36] [INFO] [SUCCESS] Type: register_confirmation | Email: user@email.com
[2025-06-26 22:12:36] [INFO] [SEND EMAIL TASK CODE STARTED]
[2025-06-26 22:12:36] [INFO] [SUCCESS] Type: repeat_register_confirmation | Email: user@email.com
[2025-06-26 22:12:36] [INFO] [SEND EMAIL TASK CODE STARTED]
[2025-06-26 22:12:36] [INFO] [SUCCESS] Type: reset_password_confirmation | Email: user@email.com
[2025-06-26 22:12:51] [INFO] [SEND EMAIL TASK CODE STARTED]
[2025-06-26 22:12:51] [INFO] [SUCCESS] Type: register_confirmation | Email: test@example.com
[2025-06-26 22:12:54] [INFO] [SEND EMAIL TASK CODE STARTED]
[2025-06-26 22:12:54] [INFO] [SUCCESS] Type: reset_password_confirmation | Email: some_user@example.com
[2025-06-26 22:12:54] [INFO] [SEND EMAIL TASK CODE STARTED]
[2025-06-26 22:12:54] [INFO] [SUCCESS] Type: reset_password_confirmation | Email: some_user@example.com
[2025-06-26 22:48:27] [INFO] [DELETE UNCONFIRMED USERS CODE STARTED
[2025-06-26 22:48:27] [INFO] [SUCCESS] Deleted 1 unconfirmed users
[2025-06-26 22:48:27] [INFO] [SEND EMAIL TASK CODE STARTED]
[2025-06-26 22:48:28] [INFO] [SUCCESS] Type: register_confirmation | Email: user@email.com
[2025-06-26 22:48:28] [INFO] [SEND EMAIL TASK CODE STARTED]
[2025-06-26 22:48:28] [INFO] [SUCCESS] Type: repeat_register_confirmation | Email: user@email.com
[2025-06-26 22:48:28] [INFO] [SEND EMAIL TASK CODE STARTED]
[2025-06-26 22:48:28] [INFO] [SUCCESS] Type: reset_password_confirmation | Email: user@email.com
[2025-06-26 22:48:44] [INFO] [SEND EMAIL TASK CODE STARTED]
[2025-06-26 22:48:44] [INFO] [SUCCESS] Type: register_confirmation | Email: test@example.com
[2025-06-26 22:48:47] [INFO] [SEND EMAIL TASK CODE STARTED]
[2025-06-26 22:48:47] [INFO] [SUCCESS] Type: reset_password_confirmation | Email: some_user@example.com
[2025-06-26 22:48:48] [INFO] [SEND EMAIL TASK CODE STARTED]
[2025-06-26 22:48:48] [INFO] [SUCCESS] Type: reset_password_confirmation | Email: some_user@example.com
[2025-06-27 15:03:35] [INFO] [DELETE UNCONFIRMED USERS CODE STARTED
[2025-06-27 15:03:35] [INFO] [SUCCESS] Deleted 1 unconfirmed users
[2025-06-27 15:03:35] [INFO] [SEND EMAIL TASK CODE STARTED]
[2025-06-27 15:03:35] [INFO] [SUCCESS] Type: register_confirmation | Email: user@email.com
[2025-06-27 15:03:35] [INFO] [SEND EMAIL TASK CODE STARTED]
[2025-06-27 15:03:35] [INFO] [SUCCESS] Type: repeat_register_confirmation | Email: user@email.com
[2025-06-27 15:03:35] [INFO] [SEND EMAIL TASK CODE STARTED]
[2025-06-27 15:03:36] [INFO] [SUCCESS] Type: reset_password_confirmation | Email: user@email.com
[2025-06-27 15:03:49] [INFO] [SEND EMAIL TASK CODE STARTED]
[2025-06-27 15:03:49] [INFO] [SUCCESS] Type: register_confirmation | Email: test@example.com
[2025-06-27 15:03:52] [INFO] [SEND EMAIL TASK CODE STARTED]
[2025-06-27 15:03:52] [INFO] [SUCCESS] Type: reset_password_confirmation | Email: some_user@example.com
[2025-06-27 15:03:53] [INFO] [SEND EMAIL TASK CODE STARTED]
[2025-06-27 15:03:53] [INFO] [SUCCESS] Type: reset_password_confirmation | Email: some_user@example.com
[2025-06-27 15:17:50] [INFO] [DELETE UNCONFIRMED USERS CODE STARTED
[2025-06-27 15:17:50] [INFO] [SUCCESS] Deleted 1 unconfirmed users
[2025-06-27 15:17:50] [INFO] [SEND EMAIL TASK CODE STARTED]
[2025-06-27 15:17:51] [INFO] [SUCCESS] Type: register_confirmation | Email: user@email.com
[2025-06-27 15:17:51] [INFO] [SEND EMAIL TASK CODE STARTED]
[2025-06-27 15:17:51] [INFO] [SUCCESS] Type: repeat_register_confirmation | Email: user@email.com
[2025-06-27 15:17:51] [INFO] [SEND EMAIL TASK CODE STARTED]
[2025-06-27 15:17:51] [INFO] [SUCCESS] Type: reset_password_confirmation | Email: user@email.com
[2025-06-27 15:18:05] [INFO] [SEND EMAIL TASK CODE STARTED]
[2025-06-27 15:18:05] [INFO] [SUCCESS] Type: register_confirmation | Email: test@example.com
[2025-06-27 15:18:09] [INFO] [SEND EMAIL TASK CODE STARTED]
[2025-06-27 15:18:09] [INFO] [SUCCESS] Type: reset_password_confirmation | Email: some_user@example.com
[2025-06-27 15:18:09] [INFO] [SEND EMAIL TASK CODE STARTED]
[2025-06-27 15:18:09] [INFO] [SUCCESS] Type: reset_password_confirmation | Email: some_user@example.com
[2025-06-28 17:37:48] [INFO] [DELETE UNCONFIRMED USERS CODE STARTED
[2025-06-28 17:37:48] [INFO] [SUCCESS] Deleted 1 unconfirmed users
[2025-06-28 17:37:48] [INFO] [SEND EMAIL TASK CODE STARTED]
[2025-06-28 17:37:49] [INFO] [SUCCESS] Type: register_confirmation | Email: user@email.com
[2025-06-28 17:37:49] [INFO] [SEND EMAIL TASK CODE STARTED]
[2025-06-28 17:37:49] [INFO] [SUCCESS] Type: repeat_register_confirmation | Email: user@email.com
[2025-06-28 17:37:49] [INFO] [SEND EMAIL TASK CODE STARTED]
[2025-06-28 17:37:49] [INFO] [SUCCESS] Type: reset_password_confirmation | Email: user@email.com
[2025-06-28 17:38:03] [INFO] [SEND EMAIL TASK CODE STARTED]
[2025-06-28 17:38:03] [INFO] [SUCCESS] Type: register_confirmation | Email: test@example.com
[2025-06-28 17:38:06] [INFO] [SEND EMAIL TASK CODE STARTED]
[2025-06-28 17:38:06] [INFO] [SUCCESS] Type: reset_password_confirmation | Email: some_user@example.com
[2025-06-28 17:38:07] [INFO] [SEND EMAIL TASK CODE STARTED]
[2025-06-28 17:38:07] [INFO] [SUCCESS] Type: reset_password_confirmation | Email: some_user@example.com
[2025-06-28 20:41:33] [INFO] [DELETE UNCONFIRMED USERS CODE STARTED
[2025-06-28 20:41:33] [INFO] [SUCCESS] Deleted 1 unconfirmed users
[2025-06-28 20:41:33] [INFO] [SEND EMAIL TASK CODE STARTED]
[2025-06-28 20:41:33] [INFO] [SUCCESS] Type: register_confirmation | Email: user@email.com
[2025-06-28 20:41:33] [INFO] [SEND EMAIL TASK CODE STARTED]
[2025-06-28 20:41:33] [INFO] [SUCCESS] Type: repeat_register_confirmation | Email: user@email.com
[2025-06-28 20:41:33] [INFO] [SEND EMAIL TASK CODE STARTED]
[2025-06-28 20:41:33] [INFO] [SUCCESS] Type: reset_password_confirmation | Email: user@email.com
[2025-06-28 20:41:49] [INFO] [SEND EMAIL TASK CODE STARTED]
[2025-06-28 20:41:49] [INFO] [SUCCESS] Type: register_confirmation | Email: test@example.com
[2025-06-28 20:41:52] [INFO] [SEND EMAIL TASK CODE STARTED]
[2025-06-28 20:41:52] [INFO] [SUCCESS] Type: reset_password_confirmation | Email: some_user@example.com
[2025-06-28 20:41:53] [INFO] [SEND EMAIL TASK CODE STARTED]
[2025-06-28 20:41:53] [INFO] [SUCCESS] Type: reset_password_confirmation | Email: some_user@example.com
[2025-06-30 22:26:06] [INFO] [DELETE UNCONFIRMED USERS CODE STARTED
[2025-06-30 22:26:06] [INFO] [SUCCESS] Deleted 1 unconfirmed users
[2025-06-30 22:26:06] [INFO] [SEND EMAIL TASK CODE STARTED]
[2025-06-30 22:26:07] [INFO] [SUCCESS] Type: register_confirmation | Email: user@email.com
[2025-06-30 22:26:07] [INFO] [SEND EMAIL TASK CODE STARTED]
[2025-06-30 22:26:07] [INFO] [SUCCESS] Type: repeat_register_confirmation | Email: user@email.com
[2025-06-30 22:26:07] [INFO] [SEND EMAIL TASK CODE STARTED]
[2025-06-30 22:26:07] [INFO] [SUCCESS] Type: reset_password_confirmation | Email: user@email.com
[2025-06-30 22:26:22] [INFO] [SEND EMAIL TASK CODE STARTED]
[2025-06-30 22:26:22] [INFO] [SUCCESS] Type: register_confirmation | Email: test@example.com
[2025-06-30 22:27:00] [INFO] [SEND EMAIL TASK CODE STARTED]
[2025-06-30 22:27:00] [INFO] [SUCCESS] Type: reset_password_confirmation | Email: some_user@example.com
[2025-06-30 22:27:00] [INFO] [SEND EMAIL TASK CODE STARTED]
[2025-06-30 22:27:00] [INFO] [SUCCESS] Type: reset_password_confirmation | Email: some_user@example.com
[2025-06-30 22:32:29] [INFO] [DELETE UNCONFIRMED USERS CODE STARTED
[2025-06-30 22:32:29] [INFO] [SUCCESS] Deleted 1 unconfirmed users
[2025-06-30 22:32:29] [INFO] [SEND EMAIL TASK CODE STARTED]
[2025-06-30 22:32:30] [INFO] [SUCCESS] Type: register_confirmation | Email: user@email.com
[2025-06-30 22:32:30] [INFO] [SEND EMAIL TASK CODE STARTED]
[2025-06-30 22:32:30] [INFO] [SUCCESS] Type: repeat_register_confirmation | Email: user@email.com
[2025-06-30 22:32:30] [INFO] [SEND EMAIL TASK CODE STARTED]
[2025-06-30 22:32:30] [INFO] [SUCCESS] Type: reset_password_confirmation | Email: user@email.com
[2025-06-30 22:32:45] [INFO] [SEND EMAIL TASK CODE STARTED]
[2025-06-30 22:32:45] [INFO] [SUCCESS] Type: register_confirmation | Email: test@example.com
[2025-06-30 22:32:49] [INFO] [SEND EMAIL TASK CODE STARTED]
[2025-06-30 22:32:49] [INFO] [SUCCESS] Type: reset_password_confirmation | Email: some_user@example.com
[2025-06-30 22:32:49] [INFO] [SEND EMAIL TASK CODE STARTED]
[2025-06-30 22:32:49] [INFO] [SUCCESS] Type: reset_password_confirmation | Email: some_user@example.com
