[2025-05-24 21:37:26] [INFO] [NOTIFICATION CODE STARTED]
[2025-05-24 21:37:26] [INFO] [TRY TO FIND SOME TASKS]
[2025-05-24 21:37:26] [INFO] [EVALUATE NOW_TIME]: 2025-05-24 18:37:26.260673+00:00
[2025-05-24 21:37:26] [INFO] [EVALUATE CHECK_TIME]: 2025-05-25 18:37:26.260673+00:00
[2025-05-24 21:37:26] [INFO] [TASK'S DEADLINE IS None]
[2025-05-24 21:37:26] [INFO] [FINDED 0 TASKS WITH A CLOSE DEADLINE]
[2025-05-24 21:38:26] [INFO] [NOTIFICATION CODE STARTED]
[2025-05-24 21:38:26] [INFO] [TRY TO FIND SOME TASKS]
[2025-05-24 21:38:26] [INFO] [EVALUATE NOW_TIME]: 2025-05-24 18:38:26.305128+00:00
[2025-05-24 21:38:26] [INFO] [EVALUATE CHECK_TIME]: 2025-05-25 18:38:26.305128+00:00
[2025-05-24 21:38:26] [INFO] [TASK'S DEADLINE IS None]
[2025-05-24 21:38:26] [INFO] [FINDED 0 TASKS WITH A CLOSE DEADLINE]
[2025-05-24 21:39:26] [INFO] [NOTIFICATION CODE STARTED]
[2025-05-24 21:39:26] [INFO] [TRY TO FIND SOME TASKS]
[2025-05-24 21:39:26] [INFO] [EVALUATE NOW_TIME]: 2025-05-24 18:39:26.369831+00:00
[2025-05-24 21:39:26] [INFO] [EVALUATE CHECK_TIME]: 2025-05-25 18:39:26.369831+00:00
[2025-05-24 21:39:26] [INFO] [TASK'S DEADLINE IS None]
[2025-05-24 21:39:26] [INFO] [FINDED 0 TASKS WITH A CLOSE DEADLINE]
[2025-05-24 21:40:26] [INFO] [NOTIFICATION CODE STARTED]
[2025-05-24 21:40:26] [INFO] [TRY TO FIND SOME TASKS]
[2025-05-24 21:40:26] [INFO] [EVALUATE NOW_TIME]: 2025-05-24 18:40:26.424423+00:00
[2025-05-24 21:40:26] [INFO] [EVALUATE CHECK_TIME]: 2025-05-25 18:40:26.424423+00:00
[2025-05-24 21:40:26] [INFO] [TASK'S DEADLINE IS None]
[2025-05-24 21:40:26] [INFO] [FINDED 0 TASKS WITH A CLOSE DEADLINE]
[2025-05-24 23:25:54] [INFO] [NOTIFICATION CODE STARTED]
[2025-05-24 23:25:54] [INFO] [TRY TO FIND SOME TASKS]
[2025-05-24 23:25:54] [INFO] [EVALUATE NOW_TIME]: 2025-05-24 20:25:54.247577+00:00
[2025-05-24 23:25:54] [INFO] [EVALUATE CHECK_TIME]: 2025-05-25 20:25:54.247577+00:00
[2025-05-24 23:25:54] [INFO] [TASK'S DEADLINE IS None]
[2025-05-24 23:25:54] [INFO] [FINDED 0 TASKS WITH A CLOSE DEADLINE]
[2025-05-24 23:30:54] [INFO] [NOTIFICATION CODE STARTED]
[2025-05-24 23:30:54] [INFO] [TRY TO FIND SOME TASKS]
[2025-05-24 23:30:54] [INFO] [EVALUATE NOW_TIME]: 2025-05-24 20:30:54.274076+00:00
[2025-05-24 23:30:54] [INFO] [EVALUATE CHECK_TIME]: 2025-05-25 20:30:54.274076+00:00
[2025-05-24 23:30:54] [INFO] [TASK'S DEADLINE IS None]
[2025-05-24 23:30:54] [INFO] [FINDED 0 TASKS WITH A CLOSE DEADLINE]
[2025-05-24 23:35:54] [INFO] [NOTIFICATION CODE STARTED]
[2025-05-24 23:35:54] [INFO] [TRY TO FIND SOME TASKS]
[2025-05-24 23:35:54] [INFO] [EVALUATE NOW_TIME]: 2025-05-24 20:35:54.342049+00:00
[2025-05-24 23:35:54] [INFO] [EVALUATE CHECK_TIME]: 2025-05-25 20:35:54.342049+00:00
[2025-05-24 23:35:54] [INFO] [TASK'S DEADLINE IS None]
[2025-05-24 23:35:54] [INFO] [FINDED 0 TASKS WITH A CLOSE DEADLINE]
[2025-05-24 23:58:29] [INFO] [NOTIFICATION CODE STARTED]
[2025-05-24 23:58:29] [INFO] [TRY TO FIND SOME TASKS]
[2025-05-24 23:58:29] [INFO] [EVALUATE NOW_TIME]: 2025-05-24 20:58:29.607149+00:00
[2025-05-24 23:58:29] [INFO] [EVALUATE CHECK_TIME]: 2025-05-25 20:58:29.607149+00:00
[2025-05-24 23:58:29] [INFO] [TASK'S DEADLINE IS Important task]
[2025-05-24 23:58:29] [INFO] [FINDED 1 TASKS WITH A CLOSE DEADLINE]
[2025-05-24 23:58:30] [INFO] [SUCCESS] Type: Deadline notifications | Email: owner@mail.com
[2025-05-24 23:58:30] [INFO] [SUCCESS] Type: Deadline notifications | Email: executor@mail.com
[2025-05-24 23:59:22] [INFO] [NOTIFICATION CODE STARTED]
[2025-05-24 23:59:22] [INFO] [TRY TO FIND SOME TASKS]
[2025-05-24 23:59:22] [INFO] [EVALUATE NOW_TIME]: 2025-05-24 20:59:22.761202+00:00
[2025-05-24 23:59:22] [INFO] [EVALUATE CHECK_TIME]: 2025-05-25 20:59:22.761202+00:00
[2025-05-24 23:59:22] [INFO] [TASK'S DEADLINE IS task1]
[2025-05-24 23:59:22] [INFO] [FINDED 2 TASKS WITH A CLOSE DEADLINE]
[2025-05-24 23:59:23] [INFO] [SUCCESS] Type: Deadline notifications | Email: owner1@mail.com
[2025-05-24 23:59:23] [INFO] [SUCCESS] Type: Deadline notifications | Email: executor1@mail.com
[2025-05-24 23:59:23] [INFO] [SUCCESS] Type: Deadline notifications | Email: owner2@mail.com
[2025-05-24 23:59:23] [INFO] [SUCCESS] Type: Deadline notifications | Email: executor2@mail.com
[2025-05-24 23:59:23] [INFO] [SUCCESS] Type: Deadline notifications | Email: executor3@mail.com
[2025-05-25 00:01:06] [INFO] [NOTIFICATION CODE STARTED]
[2025-05-25 00:01:06] [INFO] [TRY TO FIND SOME TASKS]
[2025-05-25 00:01:06] [INFO] [EVALUATE NOW_TIME]: 2025-05-24 21:01:06.006613+00:00
[2025-05-25 00:01:06] [INFO] [EVALUATE CHECK_TIME]: 2025-05-25 21:01:06.006613+00:00
[2025-05-25 00:01:06] [INFO] [TASK'S DEADLINE IS task1]
[2025-05-25 00:01:06] [INFO] [FINDED 2 TASKS WITH A CLOSE DEADLINE]
[2025-05-25 00:01:06] [INFO] [SUCCESS] Type: Deadline notifications | Email: owner1@mail.com
[2025-05-25 00:01:06] [INFO] [SUCCESS] Type: Deadline notifications | Email: executor1@mail.com
[2025-05-25 00:01:06] [INFO] [SUCCESS] Type: Deadline notifications | Email: owner2@mail.com
[2025-05-25 00:01:06] [INFO] [SUCCESS] Type: Deadline notifications | Email: executor2@mail.com
[2025-05-25 00:01:06] [INFO] [SUCCESS] Type: Deadline notifications | Email: executor3@mail.com
[2025-06-20 16:18:47] [INFO] [NOTIFICATION CODE STARTED]
[2025-06-20 16:18:47] [INFO] [TRY TO FIND SOME TASKS]
[2025-06-20 16:18:47] [INFO] [EVALUATE NOW_TIME]: 2025-06-20 13:18:47.593073+00:00
[2025-06-20 16:18:47] [INFO] [EVALUATE CHECK_TIME]: 2025-06-21 13:18:47.593073+00:00
[2025-06-20 16:18:47] [INFO] [TASK'S DEADLINE IS task1]
[2025-06-20 16:18:47] [INFO] [FINDED 2 TASKS WITH A CLOSE DEADLINE]
[2025-06-20 16:18:47] [INFO] [SUCCESS] Type: Deadline notifications | Email: owner1@mail.com
[2025-06-20 16:18:47] [INFO] [SUCCESS] Type: Deadline notifications | Email: executor1@mail.com
[2025-06-20 16:18:47] [INFO] [SUCCESS] Type: Deadline notifications | Email: owner2@mail.com
[2025-06-20 16:18:47] [INFO] [SUCCESS] Type: Deadline notifications | Email: executor2@mail.com
[2025-06-20 16:18:47] [INFO] [SUCCESS] Type: Deadline notifications | Email: executor3@mail.com
[2025-06-20 16:20:43] [INFO] [NOTIFICATION CODE STARTED]
[2025-06-20 16:20:43] [INFO] [TRY TO FIND SOME TASKS]
[2025-06-20 16:20:43] [INFO] [EVALUATE NOW_TIME]: 2025-06-20 13:20:43.230597+00:00
[2025-06-20 16:20:43] [INFO] [EVALUATE CHECK_TIME]: 2025-06-21 13:20:43.230597+00:00
[2025-06-20 16:20:43] [INFO] [TASK'S DEADLINE IS task1]
[2025-06-20 16:20:43] [INFO] [FINDED 2 TASKS WITH A CLOSE DEADLINE]
[2025-06-20 16:20:43] [INFO] [SUCCESS] Type: Deadline notifications | Email: owner1@mail.com
[2025-06-20 16:20:43] [INFO] [SUCCESS] Type: Deadline notifications | Email: executor1@mail.com
[2025-06-20 16:20:43] [INFO] [SUCCESS] Type: Deadline notifications | Email: owner2@mail.com
[2025-06-20 16:20:43] [INFO] [SUCCESS] Type: Deadline notifications | Email: executor2@mail.com
[2025-06-20 16:20:43] [INFO] [SUCCESS] Type: Deadline notifications | Email: executor3@mail.com
[2025-06-20 17:27:31] [INFO] [NOTIFICATION CODE STARTED]
[2025-06-20 17:27:31] [INFO] [TRY TO FIND SOME TASKS]
[2025-06-20 17:27:31] [INFO] [EVALUATE NOW_TIME]: 2025-06-20 14:27:31.647400+00:00
[2025-06-20 17:27:31] [INFO] [EVALUATE CHECK_TIME]: 2025-06-21 14:27:31.647400+00:00
[2025-06-20 17:27:31] [INFO] [TASK'S DEADLINE IS task1]
[2025-06-20 17:27:31] [INFO] [FINDED 2 TASKS WITH A CLOSE DEADLINE]
[2025-06-20 17:27:32] [INFO] [SUCCESS] Type: Deadline notifications | Email: owner1@mail.com
[2025-06-20 17:27:32] [INFO] [SUCCESS] Type: Deadline notifications | Email: executor1@mail.com
[2025-06-20 17:27:32] [INFO] [SUCCESS] Type: Deadline notifications | Email: owner2@mail.com
[2025-06-20 17:27:32] [INFO] [SUCCESS] Type: Deadline notifications | Email: executor2@mail.com
[2025-06-20 17:27:32] [INFO] [SUCCESS] Type: Deadline notifications | Email: executor3@mail.com
[2025-06-20 17:30:47] [INFO] [NOTIFICATION CODE STARTED]
[2025-06-20 17:30:47] [INFO] [TRY TO FIND SOME TASKS]
[2025-06-20 17:30:47] [INFO] [EVALUATE NOW_TIME]: 2025-06-20 14:30:47.125503+00:00
[2025-06-20 17:30:47] [INFO] [EVALUATE CHECK_TIME]: 2025-06-21 14:30:47.125503+00:00
[2025-06-20 17:30:47] [INFO] [TASK'S DEADLINE IS task1]
[2025-06-20 17:30:47] [INFO] [FINDED 2 TASKS WITH A CLOSE DEADLINE]
[2025-06-20 17:30:48] [INFO] [SUCCESS] Type: Deadline notifications | Email: owner1@mail.com
[2025-06-20 17:30:48] [INFO] [SUCCESS] Type: Deadline notifications | Email: executor1@mail.com
[2025-06-20 17:30:48] [INFO] [SUCCESS] Type: Deadline notifications | Email: owner2@mail.com
[2025-06-20 17:30:48] [INFO] [SUCCESS] Type: Deadline notifications | Email: executor2@mail.com
[2025-06-20 17:30:48] [INFO] [SUCCESS] Type: Deadline notifications | Email: executor3@mail.com
[2025-06-20 17:31:56] [INFO] [NOTIFICATION CODE STARTED]
[2025-06-20 17:31:56] [INFO] [TRY TO FIND SOME TASKS]
[2025-06-20 17:31:56] [INFO] [EVALUATE NOW_TIME]: 2025-06-20 14:31:56.475638+00:00
[2025-06-20 17:31:56] [INFO] [EVALUATE CHECK_TIME]: 2025-06-21 14:31:56.475638+00:00
[2025-06-20 17:31:56] [INFO] [TASK'S DEADLINE IS task1]
[2025-06-20 17:31:56] [INFO] [FINDED 1 TASKS WITH A CLOSE DEADLINE]
[2025-06-20 17:31:57] [INFO] [SUCCESS] Type: Deadline notifications | Email: owner2@mail.com
[2025-06-20 17:31:57] [INFO] [SUCCESS] Type: Deadline notifications | Email: executor2@mail.com
[2025-06-20 17:31:57] [INFO] [SUCCESS] Type: Deadline notifications | Email: executor3@mail.com
[2025-06-20 17:32:15] [INFO] [NOTIFICATION CODE STARTED]
[2025-06-20 17:32:15] [INFO] [TRY TO FIND SOME TASKS]
[2025-06-20 17:32:15] [INFO] [EVALUATE NOW_TIME]: 2025-06-20 14:32:15.182536+00:00
[2025-06-20 17:32:15] [INFO] [EVALUATE CHECK_TIME]: 2025-06-21 14:32:15.182536+00:00
[2025-06-20 17:32:15] [INFO] [TASK'S DEADLINE IS task1]
[2025-06-20 17:32:15] [INFO] [FINDED 0 TASKS WITH A CLOSE DEADLINE]
[2025-06-20 17:34:57] [INFO] [NOTIFICATION CODE STARTED]
[2025-06-20 17:34:57] [INFO] [TRY TO FIND SOME TASKS]
[2025-06-20 17:34:57] [INFO] [EVALUATE NOW_TIME]: 2025-06-20 14:34:57.133900+00:00
[2025-06-20 17:34:57] [INFO] [EVALUATE CHECK_TIME]: 2025-06-21 14:34:57.133900+00:00
[2025-06-20 17:34:57] [INFO] [TASK'S DEADLINE IS task1]
[2025-06-20 17:34:57] [INFO] [FINDED 2 TASKS WITH A CLOSE DEADLINE]
[2025-06-20 17:34:58] [INFO] [SUCCESS] Type: Deadline notifications | Email: owner1@mail.com
[2025-06-20 17:34:58] [INFO] [SUCCESS] Type: Deadline notifications | Email: executor1@mail.com
[2025-06-20 17:34:58] [INFO] [SUCCESS] Type: Deadline notifications | Email: owner2@mail.com
[2025-06-20 17:34:58] [INFO] [SUCCESS] Type: Deadline notifications | Email: executor2@mail.com
[2025-06-20 17:34:58] [INFO] [SUCCESS] Type: Deadline notifications | Email: executor3@mail.com
[2025-06-20 17:34:58] [INFO] [NOTIFICATION CODE STARTED]
[2025-06-20 17:34:58] [INFO] [TRY TO FIND SOME TASKS]
[2025-06-20 17:34:58] [INFO] [EVALUATE NOW_TIME]: 2025-06-20 14:34:58.048432+00:00
[2025-06-20 17:34:58] [INFO] [EVALUATE CHECK_TIME]: 2025-06-21 14:34:58.048432+00:00
[2025-06-20 17:34:58] [INFO] [TASK'S DEADLINE IS task1]
[2025-06-20 17:34:58] [INFO] [FINDED 0 TASKS WITH A CLOSE DEADLINE]
[2025-06-20 17:35:43] [INFO] [NOTIFICATION CODE STARTED]
[2025-06-20 17:35:43] [INFO] [TRY TO FIND SOME TASKS]
[2025-06-20 17:35:43] [INFO] [EVALUATE NOW_TIME]: 2025-06-20 14:35:43.400050+00:00
[2025-06-20 17:35:43] [INFO] [EVALUATE CHECK_TIME]: 2025-06-21 14:35:43.400050+00:00
[2025-06-20 17:35:43] [INFO] [TASK'S DEADLINE IS task1]
[2025-06-20 17:35:43] [INFO] [FINDED 2 TASKS WITH A CLOSE DEADLINE]
[2025-06-20 17:35:44] [INFO] [SUCCESS] Type: Deadline notifications | Email: owner1@mail.com
[2025-06-20 17:35:44] [INFO] [SUCCESS] Type: Deadline notifications | Email: executor1@mail.com
[2025-06-20 17:35:44] [INFO] [SUCCESS] Type: Deadline notifications | Email: owner2@mail.com
[2025-06-20 17:35:44] [INFO] [SUCCESS] Type: Deadline notifications | Email: executor2@mail.com
[2025-06-20 17:35:44] [INFO] [SUCCESS] Type: Deadline notifications | Email: executor3@mail.com
[2025-06-20 17:35:44] [INFO] [NOTIFICATION CODE STARTED]
[2025-06-20 17:35:44] [INFO] [TRY TO FIND SOME TASKS]
[2025-06-20 17:35:44] [INFO] [EVALUATE NOW_TIME]: 2025-06-20 14:35:44.313801+00:00
[2025-06-20 17:35:44] [INFO] [EVALUATE CHECK_TIME]: 2025-06-21 14:35:44.313801+00:00
[2025-06-20 17:35:44] [INFO] [TASK'S DEADLINE IS task1]
[2025-06-20 17:35:44] [INFO] [FINDED 0 TASKS WITH A CLOSE DEADLINE]
[2025-06-20 17:35:54] [INFO] [NOTIFICATION CODE STARTED]
[2025-06-20 17:35:54] [INFO] [TRY TO FIND SOME TASKS]
[2025-06-20 17:35:54] [INFO] [EVALUATE NOW_TIME]: 2025-06-20 14:35:54.474811+00:00
[2025-06-20 17:35:54] [INFO] [EVALUATE CHECK_TIME]: 2025-06-21 14:35:54.474811+00:00
[2025-06-20 17:35:54] [INFO] [TASK'S DEADLINE IS task1]
[2025-06-20 17:35:54] [INFO] [FINDED 2 TASKS WITH A CLOSE DEADLINE]
[2025-06-20 17:35:55] [INFO] [SUCCESS] Type: Deadline notifications | Email: owner1@mail.com
[2025-06-20 17:35:55] [INFO] [SUCCESS] Type: Deadline notifications | Email: executor1@mail.com
[2025-06-20 17:35:55] [INFO] [SUCCESS] Type: Deadline notifications | Email: owner2@mail.com
[2025-06-20 17:35:55] [INFO] [SUCCESS] Type: Deadline notifications | Email: executor2@mail.com
[2025-06-20 17:35:55] [INFO] [SUCCESS] Type: Deadline notifications | Email: executor3@mail.com
[2025-06-20 17:35:55] [INFO] [NOTIFICATION CODE STARTED]
[2025-06-20 17:35:55] [INFO] [TRY TO FIND SOME TASKS]
[2025-06-20 17:35:55] [INFO] [EVALUATE NOW_TIME]: 2025-06-20 14:35:55.393916+00:00
[2025-06-20 17:35:55] [INFO] [EVALUATE CHECK_TIME]: 2025-06-21 14:35:55.393916+00:00
[2025-06-20 17:35:55] [INFO] [TASK'S DEADLINE IS task1]
[2025-06-20 17:35:55] [INFO] [FINDED 0 TASKS WITH A CLOSE DEADLINE]
[2025-06-20 17:39:17] [INFO] [NOTIFICATION CODE STARTED]
[2025-06-20 17:39:17] [INFO] [TRY TO FIND SOME TASKS]
[2025-06-20 17:39:17] [INFO] [EVALUATE NOW_TIME]: 2025-06-20 14:39:17.389659+00:00
[2025-06-20 17:39:17] [INFO] [EVALUATE CHECK_TIME]: 2025-06-21 14:39:17.389659+00:00
[2025-06-20 17:39:17] [INFO] [TASK'S DEADLINE IS task1]
[2025-06-20 17:39:17] [INFO] [FINDED 2 TASKS WITH A CLOSE DEADLINE]
[2025-06-20 17:39:18] [INFO] [SUCCESS] Type: Deadline notifications | Email: owner1@mail.com
[2025-06-20 17:39:18] [INFO] [SUCCESS] Type: Deadline notifications | Email: executor1@mail.com
[2025-06-20 17:39:18] [INFO] [SUCCESS] Type: Deadline notifications | Email: owner2@mail.com
[2025-06-20 17:39:18] [INFO] [SUCCESS] Type: Deadline notifications | Email: executor2@mail.com
[2025-06-20 17:39:18] [INFO] [SUCCESS] Type: Deadline notifications | Email: executor3@mail.com
[2025-06-20 17:39:18] [INFO] [NOTIFICATION CODE STARTED]
[2025-06-20 17:39:18] [INFO] [TRY TO FIND SOME TASKS]
[2025-06-20 17:39:18] [INFO] [EVALUATE NOW_TIME]: 2025-06-20 14:39:18.294505+00:00
[2025-06-20 17:39:18] [INFO] [EVALUATE CHECK_TIME]: 2025-06-21 14:39:18.294505+00:00
[2025-06-20 17:39:18] [INFO] [TASK'S DEADLINE IS task1]
[2025-06-20 17:39:18] [INFO] [FINDED 0 TASKS WITH A CLOSE DEADLINE]
[2025-06-20 17:39:45] [INFO] [NOTIFICATION CODE STARTED]
[2025-06-20 17:39:45] [INFO] [TRY TO FIND SOME TASKS]
[2025-06-20 17:39:45] [INFO] [EVALUATE NOW_TIME]: 2025-06-20 14:39:45.487147+00:00
[2025-06-20 17:39:45] [INFO] [EVALUATE CHECK_TIME]: 2025-06-21 14:39:45.487147+00:00
[2025-06-20 17:39:45] [INFO] [TASK'S DEADLINE IS task1]
[2025-06-20 17:39:45] [INFO] [FINDED 2 TASKS WITH A CLOSE DEADLINE]
[2025-06-20 17:39:46] [INFO] [SUCCESS] Type: Deadline notifications | Email: owner1@mail.com
[2025-06-20 17:39:46] [INFO] [SUCCESS] Type: Deadline notifications | Email: executor1@mail.com
[2025-06-20 17:39:46] [INFO] [SUCCESS] Type: Deadline notifications | Email: owner2@mail.com
[2025-06-20 17:39:46] [INFO] [SUCCESS] Type: Deadline notifications | Email: executor2@mail.com
[2025-06-20 17:39:46] [INFO] [SUCCESS] Type: Deadline notifications | Email: executor3@mail.com
[2025-06-20 17:39:46] [INFO] [NOTIFICATION CODE STARTED]
[2025-06-20 17:39:46] [INFO] [TRY TO FIND SOME TASKS]
[2025-06-20 17:39:46] [INFO] [EVALUATE NOW_TIME]: 2025-06-20 14:39:46.406181+00:00
[2025-06-20 17:39:46] [INFO] [EVALUATE CHECK_TIME]: 2025-06-21 14:39:46.406181+00:00
[2025-06-20 17:39:46] [INFO] [TASK'S DEADLINE IS task1]
[2025-06-20 17:39:46] [INFO] [FINDED 0 TASKS WITH A CLOSE DEADLINE]
[2025-06-20 17:41:29] [INFO] [NOTIFICATION CODE STARTED]
[2025-06-20 17:41:29] [INFO] [TRY TO FIND SOME TASKS]
[2025-06-20 17:41:29] [INFO] [EVALUATE NOW_TIME]: 2025-06-20 14:41:29.788048+00:00
[2025-06-20 17:41:29] [INFO] [EVALUATE CHECK_TIME]: 2025-06-21 14:41:29.788048+00:00
[2025-06-20 17:41:29] [INFO] [TASK'S DEADLINE IS task1]
[2025-06-20 17:41:29] [INFO] [FINDED 2 TASKS WITH A CLOSE DEADLINE]
[2025-06-20 17:41:30] [INFO] [SUCCESS] Type: Deadline notifications | Email: owner1@mail.com
[2025-06-20 17:41:30] [INFO] [SUCCESS] Type: Deadline notifications | Email: executor1@mail.com
[2025-06-20 17:41:30] [INFO] [SUCCESS] Type: Deadline notifications | Email: owner2@mail.com
[2025-06-20 17:41:30] [INFO] [SUCCESS] Type: Deadline notifications | Email: executor2@mail.com
[2025-06-20 17:41:30] [INFO] [SUCCESS] Type: Deadline notifications | Email: executor3@mail.com
[2025-06-20 17:41:30] [INFO] [NOTIFICATION CODE STARTED]
[2025-06-20 17:41:30] [INFO] [TRY TO FIND SOME TASKS]
[2025-06-20 17:41:30] [INFO] [EVALUATE NOW_TIME]: 2025-06-20 14:41:30.675772+00:00
[2025-06-20 17:41:30] [INFO] [EVALUATE CHECK_TIME]: 2025-06-21 14:41:30.675772+00:00
[2025-06-20 17:41:30] [INFO] [TASK'S DEADLINE IS task1]
[2025-06-20 17:41:30] [INFO] [FINDED 0 TASKS WITH A CLOSE DEADLINE]
[2025-06-20 17:42:39] [INFO] [NOTIFICATION CODE STARTED]
[2025-06-20 17:42:39] [INFO] [TRY TO FIND SOME TASKS]
[2025-06-20 17:42:39] [INFO] [EVALUATE NOW_TIME]: 2025-06-20 14:42:39.419210+00:00
[2025-06-20 17:42:39] [INFO] [EVALUATE CHECK_TIME]: 2025-06-21 14:42:39.419210+00:00
[2025-06-20 17:42:39] [INFO] [TASK'S DEADLINE IS task1]
[2025-06-20 17:42:39] [INFO] [FINDED 2 TASKS WITH A CLOSE DEADLINE]
[2025-06-20 17:42:40] [INFO] [SUCCESS] Type: Deadline notifications | Email: owner1@mail.com
[2025-06-20 17:42:40] [INFO] [SUCCESS] Type: Deadline notifications | Email: executor1@mail.com
[2025-06-20 17:42:40] [INFO] [SUCCESS] Type: Deadline notifications | Email: owner2@mail.com
[2025-06-20 17:42:40] [INFO] [SUCCESS] Type: Deadline notifications | Email: executor2@mail.com
[2025-06-20 17:42:40] [INFO] [SUCCESS] Type: Deadline notifications | Email: executor3@mail.com
[2025-06-20 17:42:40] [INFO] [NOTIFICATION CODE STARTED]
[2025-06-20 17:42:40] [INFO] [TRY TO FIND SOME TASKS]
[2025-06-20 17:42:40] [INFO] [EVALUATE NOW_TIME]: 2025-06-20 14:42:40.322319+00:00
[2025-06-20 17:42:40] [INFO] [EVALUATE CHECK_TIME]: 2025-06-21 14:42:40.322319+00:00
[2025-06-20 17:42:40] [INFO] [TASK'S DEADLINE IS task1]
[2025-06-20 17:42:40] [INFO] [FINDED 0 TASKS WITH A CLOSE DEADLINE]
[2025-06-20 17:51:46] [INFO] [NOTIFICATION CODE STARTED]
[2025-06-20 17:51:46] [INFO] [TRY TO FIND SOME TASKS]
[2025-06-20 17:51:46] [INFO] [EVALUATE NOW_TIME]: 2025-06-20 14:51:46.613427+00:00
[2025-06-20 17:51:46] [INFO] [EVALUATE CHECK_TIME]: 2025-06-21 14:51:46.613427+00:00
[2025-06-20 17:51:46] [INFO] [TASK'S DEADLINE IS task1]
[2025-06-20 17:51:46] [INFO] [FINDED 2 TASKS WITH A CLOSE DEADLINE]
[2025-06-20 17:51:47] [INFO] [SUCCESS] Type: Deadline notifications | Email: owner1@mail.com
[2025-06-20 17:51:47] [INFO] [SUCCESS] Type: Deadline notifications | Email: executor1@mail.com
[2025-06-20 17:51:47] [INFO] [SUCCESS] Type: Deadline notifications | Email: owner2@mail.com
[2025-06-20 17:51:47] [INFO] [SUCCESS] Type: Deadline notifications | Email: executor2@mail.com
[2025-06-20 17:51:47] [INFO] [SUCCESS] Type: Deadline notifications | Email: executor3@mail.com
[2025-06-20 17:51:47] [INFO] [NOTIFICATION CODE STARTED]
[2025-06-20 17:51:47] [INFO] [TRY TO FIND SOME TASKS]
[2025-06-20 17:51:47] [INFO] [EVALUATE NOW_TIME]: 2025-06-20 14:51:47.644604+00:00
[2025-06-20 17:51:47] [INFO] [EVALUATE CHECK_TIME]: 2025-06-21 14:51:47.644604+00:00
[2025-06-20 17:51:47] [INFO] [TASK'S DEADLINE IS task1]
[2025-06-20 17:51:47] [INFO] [FINDED 0 TASKS WITH A CLOSE DEADLINE]
[2025-06-20 17:52:36] [INFO] [NOTIFICATION CODE STARTED]
[2025-06-20 17:52:36] [INFO] [TRY TO FIND SOME TASKS]
[2025-06-20 17:52:36] [INFO] [EVALUATE NOW_TIME]: 2025-06-20 14:52:36.765904+00:00
[2025-06-20 17:52:36] [INFO] [EVALUATE CHECK_TIME]: 2025-06-21 14:52:36.765904+00:00
[2025-06-20 17:52:36] [INFO] [TASK'S DEADLINE IS task1]
[2025-06-20 17:52:36] [INFO] [FINDED 2 TASKS WITH A CLOSE DEADLINE]
[2025-06-20 17:52:37] [INFO] [SUCCESS] Type: Deadline notifications | Email: owner1@mail.com
[2025-06-20 17:52:37] [INFO] [SUCCESS] Type: Deadline notifications | Email: executor1@mail.com
[2025-06-20 17:52:37] [INFO] [SUCCESS] Type: Deadline notifications | Email: owner2@mail.com
[2025-06-20 17:52:37] [INFO] [SUCCESS] Type: Deadline notifications | Email: executor2@mail.com
[2025-06-20 17:52:37] [INFO] [SUCCESS] Type: Deadline notifications | Email: executor3@mail.com
[2025-06-20 17:52:37] [INFO] [NOTIFICATION CODE STARTED]
[2025-06-20 17:52:37] [INFO] [TRY TO FIND SOME TASKS]
[2025-06-20 17:52:37] [INFO] [EVALUATE NOW_TIME]: 2025-06-20 14:52:37.684163+00:00
[2025-06-20 17:52:37] [INFO] [EVALUATE CHECK_TIME]: 2025-06-21 14:52:37.684163+00:00
[2025-06-20 17:52:37] [INFO] [TASK'S DEADLINE IS task1]
[2025-06-20 17:52:37] [INFO] [FINDED 0 TASKS WITH A CLOSE DEADLINE]
[2025-06-20 18:05:16] [INFO] [NOTIFICATION CODE STARTED]
[2025-06-20 18:05:16] [INFO] [TRY TO FIND SOME TASKS]
[2025-06-20 18:05:16] [INFO] [EVALUATE NOW_TIME]: 2025-06-20 15:05:16.705424+00:00
[2025-06-20 18:05:16] [INFO] [EVALUATE CHECK_TIME]: 2025-06-21 15:05:16.705424+00:00
[2025-06-20 18:05:16] [INFO] [TASK'S DEADLINE IS task1]
[2025-06-20 18:05:16] [INFO] [FINDED 2 TASKS WITH A CLOSE DEADLINE]
[2025-06-20 18:05:17] [INFO] [SUCCESS] Type: Deadline notifications | Email: owner1@mail.com
[2025-06-20 18:05:17] [INFO] [SUCCESS] Type: Deadline notifications | Email: executor1@mail.com
[2025-06-20 18:05:17] [INFO] [SUCCESS] Type: Deadline notifications | Email: owner2@mail.com
[2025-06-20 18:05:17] [INFO] [SUCCESS] Type: Deadline notifications | Email: executor2@mail.com
[2025-06-20 18:05:17] [INFO] [SUCCESS] Type: Deadline notifications | Email: executor3@mail.com
[2025-06-20 18:05:17] [INFO] [NOTIFICATION CODE STARTED]
[2025-06-20 18:05:17] [INFO] [TRY TO FIND SOME TASKS]
[2025-06-20 18:05:17] [INFO] [EVALUATE NOW_TIME]: 2025-06-20 15:05:17.596269+00:00
[2025-06-20 18:05:17] [INFO] [EVALUATE CHECK_TIME]: 2025-06-21 15:05:17.596269+00:00
[2025-06-20 18:05:17] [INFO] [TASK'S DEADLINE IS task1]
[2025-06-20 18:05:17] [INFO] [FINDED 2 TASKS WITH A CLOSE DEADLINE]
[2025-06-20 18:05:17] [ERROR] [FAILURE] Deadline notifications
Traceback (most recent call last):
  File "C:\Users\k\PycharmProjects\tascs_fn\tasks_project\tasks\tasks.py", line 63, in deadline_notification
    msg.send()
  File "C:\Users\k\.pyenv\pyenv-win\versions\3.10.0\lib\unittest\mock.py", line 1105, in __call__
    return self._mock_call(*args, **kwargs)
  File "C:\Users\k\.pyenv\pyenv-win\versions\3.10.0\lib\unittest\mock.py", line 1109, in _mock_call
    return self._execute_mock_call(*args, **kwargs)
  File "C:\Users\k\.pyenv\pyenv-win\versions\3.10.0\lib\unittest\mock.py", line 1164, in _execute_mock_call
    raise effect
Exception: SMTP error
[2025-06-20 18:07:50] [INFO] [NOTIFICATION CODE STARTED]
[2025-06-20 18:07:50] [INFO] [TRY TO FIND SOME TASKS]
[2025-06-20 18:07:50] [INFO] [EVALUATE NOW_TIME]: 2025-06-20 15:07:50.571806+00:00
[2025-06-20 18:07:50] [INFO] [EVALUATE CHECK_TIME]: 2025-06-21 15:07:50.571806+00:00
[2025-06-20 18:07:50] [INFO] [TASK'S DEADLINE IS task1]
[2025-06-20 18:07:50] [INFO] [FINDED 2 TASKS WITH A CLOSE DEADLINE]
[2025-06-20 18:07:51] [INFO] [SUCCESS] Type: Deadline notifications | Email: owner1@mail.com
[2025-06-20 18:07:51] [INFO] [SUCCESS] Type: Deadline notifications | Email: executor1@mail.com
[2025-06-20 18:07:51] [INFO] [SUCCESS] Type: Deadline notifications | Email: owner2@mail.com
[2025-06-20 18:07:51] [INFO] [SUCCESS] Type: Deadline notifications | Email: executor2@mail.com
[2025-06-20 18:07:51] [INFO] [SUCCESS] Type: Deadline notifications | Email: executor3@mail.com
[2025-06-20 18:07:51] [INFO] [NOTIFICATION CODE STARTED]
[2025-06-20 18:07:51] [INFO] [TRY TO FIND SOME TASKS]
[2025-06-20 18:07:51] [INFO] [EVALUATE NOW_TIME]: 2025-06-20 15:07:51.494292+00:00
[2025-06-20 18:07:51] [INFO] [EVALUATE CHECK_TIME]: 2025-06-21 15:07:51.494292+00:00
[2025-06-20 18:07:51] [INFO] [TASK'S DEADLINE IS task1]
[2025-06-20 18:07:51] [INFO] [FINDED 2 TASKS WITH A CLOSE DEADLINE]
[2025-06-20 18:07:51] [ERROR] [FAILURE] Deadline notifications
Traceback (most recent call last):
  File "C:\Users\k\PycharmProjects\tascs_fn\tasks_project\tasks\tasks.py", line 63, in deadline_notification
    msg.send()
  File "C:\Users\k\.pyenv\pyenv-win\versions\3.10.0\lib\unittest\mock.py", line 1105, in __call__
    return self._mock_call(*args, **kwargs)
  File "C:\Users\k\.pyenv\pyenv-win\versions\3.10.0\lib\unittest\mock.py", line 1109, in _mock_call
    return self._execute_mock_call(*args, **kwargs)
  File "C:\Users\k\.pyenv\pyenv-win\versions\3.10.0\lib\unittest\mock.py", line 1164, in _execute_mock_call
    raise effect
Exception: SMTP error
[2025-06-20 19:41:56] [INFO] [NOTIFICATION CODE STARTED]
[2025-06-20 19:41:56] [INFO] [TRY TO FIND SOME TASKS]
[2025-06-20 19:41:56] [INFO] [EVALUATE NOW_TIME]: 2025-06-20 16:41:56.066940+00:00
[2025-06-20 19:41:56] [INFO] [EVALUATE CHECK_TIME]: 2025-06-21 16:41:56.066940+00:00
[2025-06-20 19:41:56] [INFO] [TASK'S DEADLINE IS task1]
[2025-06-20 19:41:56] [INFO] [FINDED 2 TASKS WITH A CLOSE DEADLINE]
[2025-06-20 19:41:56] [INFO] [SUCCESS] Type: Deadline notifications | Email: owner1@mail.com
[2025-06-20 19:41:56] [INFO] [SUCCESS] Type: Deadline notifications | Email: executor1@mail.com
[2025-06-20 19:41:56] [INFO] [SUCCESS] Type: Deadline notifications | Email: owner2@mail.com
[2025-06-20 19:41:56] [INFO] [SUCCESS] Type: Deadline notifications | Email: executor2@mail.com
[2025-06-20 19:41:56] [INFO] [SUCCESS] Type: Deadline notifications | Email: executor3@mail.com
[2025-06-20 19:41:56] [INFO] [NOTIFICATION CODE STARTED]
[2025-06-20 19:41:56] [INFO] [TRY TO FIND SOME TASKS]
[2025-06-20 19:41:56] [INFO] [EVALUATE NOW_TIME]: 2025-06-20 16:41:56.987778+00:00
[2025-06-20 19:41:56] [INFO] [EVALUATE CHECK_TIME]: 2025-06-21 16:41:56.987778+00:00
[2025-06-20 19:41:56] [INFO] [TASK'S DEADLINE IS task1]
[2025-06-20 19:41:56] [INFO] [FINDED 2 TASKS WITH A CLOSE DEADLINE]
[2025-06-20 19:41:56] [ERROR] [FAILURE] Deadline notifications
Traceback (most recent call last):
  File "C:\Users\k\PycharmProjects\tascs_fn\tasks_project\tasks\tasks.py", line 63, in deadline_notification
    msg.send()
  File "C:\Users\k\.pyenv\pyenv-win\versions\3.10.0\lib\unittest\mock.py", line 1105, in __call__
    return self._mock_call(*args, **kwargs)
  File "C:\Users\k\.pyenv\pyenv-win\versions\3.10.0\lib\unittest\mock.py", line 1109, in _mock_call
    return self._execute_mock_call(*args, **kwargs)
  File "C:\Users\k\.pyenv\pyenv-win\versions\3.10.0\lib\unittest\mock.py", line 1164, in _execute_mock_call
    raise effect
Exception: SMTP error
[2025-06-23 12:55:29] [INFO] [NOTIFICATION CODE STARTED]
[2025-06-23 12:55:29] [INFO] [TRY TO FIND SOME TASKS]
[2025-06-23 12:55:29] [INFO] [EVALUATE NOW_TIME]: 2025-06-23 09:55:29.593126+00:00
[2025-06-23 12:55:29] [INFO] [EVALUATE CHECK_TIME]: 2025-06-24 09:55:29.593126+00:00
[2025-06-23 12:55:29] [INFO] [TASK'S DEADLINE IS task1]
[2025-06-23 12:55:29] [INFO] [FINDED 2 TASKS WITH A CLOSE DEADLINE]
[2025-06-23 12:55:30] [INFO] [SUCCESS] Type: Deadline notifications | Email: owner1@mail.com
[2025-06-23 12:55:30] [INFO] [SUCCESS] Type: Deadline notifications | Email: executor1@mail.com
[2025-06-23 12:55:30] [INFO] [SUCCESS] Type: Deadline notifications | Email: owner2@mail.com
[2025-06-23 12:55:30] [INFO] [SUCCESS] Type: Deadline notifications | Email: executor2@mail.com
[2025-06-23 12:55:30] [INFO] [SUCCESS] Type: Deadline notifications | Email: executor3@mail.com
[2025-06-23 13:00:41] [INFO] [NOTIFICATION CODE STARTED]
[2025-06-23 13:00:41] [INFO] [TRY TO FIND SOME TASKS]
[2025-06-23 13:00:41] [INFO] [EVALUATE NOW_TIME]: 2025-06-23 10:00:41.781057+00:00
[2025-06-23 13:00:41] [INFO] [EVALUATE CHECK_TIME]: 2025-06-24 10:00:41.781057+00:00
[2025-06-23 13:00:41] [INFO] [TASK'S DEADLINE IS task1]
[2025-06-23 13:00:41] [INFO] [FINDED 2 TASKS WITH A CLOSE DEADLINE]
[2025-06-23 13:00:42] [INFO] [SUCCESS] Type: Deadline notifications | Email: owner1@mail.com
[2025-06-23 13:00:42] [INFO] [SUCCESS] Type: Deadline notifications | Email: executor1@mail.com
[2025-06-23 13:00:42] [INFO] [SUCCESS] Type: Deadline notifications | Email: owner2@mail.com
[2025-06-23 13:00:42] [INFO] [SUCCESS] Type: Deadline notifications | Email: executor2@mail.com
[2025-06-23 13:00:42] [INFO] [SUCCESS] Type: Deadline notifications | Email: executor3@mail.com
[2025-06-23 13:09:29] [INFO] [NOTIFICATION CODE STARTED]
[2025-06-23 13:09:29] [INFO] [TRY TO FIND SOME TASKS]
[2025-06-23 13:09:29] [INFO] [EVALUATE NOW_TIME]: 2025-06-23 10:09:29.904823+00:00
[2025-06-23 13:09:29] [INFO] [EVALUATE CHECK_TIME]: 2025-06-24 10:09:29.904823+00:00
[2025-06-23 13:09:29] [INFO] [TASK'S DEADLINE IS task1]
[2025-06-23 13:09:29] [INFO] [FINDED 2 TASKS WITH A CLOSE DEADLINE]
[2025-06-23 13:09:30] [INFO] [SUCCESS] Type: Deadline notifications | Email: owner1@mail.com
[2025-06-23 13:09:30] [INFO] [SUCCESS] Type: Deadline notifications | Email: executor1@mail.com
[2025-06-23 13:09:30] [INFO] [SUCCESS] Type: Deadline notifications | Email: owner2@mail.com
[2025-06-23 13:09:30] [INFO] [SUCCESS] Type: Deadline notifications | Email: executor2@mail.com
[2025-06-23 13:09:30] [INFO] [SUCCESS] Type: Deadline notifications | Email: executor3@mail.com
[2025-06-23 13:09:54] [INFO] [NOTIFICATION CODE STARTED]
[2025-06-23 13:09:54] [INFO] [TRY TO FIND SOME TASKS]
[2025-06-23 13:09:54] [INFO] [EVALUATE NOW_TIME]: 2025-06-23 10:09:54.367678+00:00
[2025-06-23 13:09:54] [INFO] [EVALUATE CHECK_TIME]: 2025-06-24 10:09:54.367678+00:00
[2025-06-23 13:09:54] [INFO] [TASK'S DEADLINE IS task1]
[2025-06-23 13:09:54] [INFO] [FINDED 2 TASKS WITH A CLOSE DEADLINE]
[2025-06-23 13:09:55] [INFO] [SUCCESS] Type: Deadline notifications | Email: owner1@mail.com
[2025-06-23 13:09:55] [INFO] [SUCCESS] Type: Deadline notifications | Email: executor1@mail.com
[2025-06-23 13:09:55] [INFO] [SUCCESS] Type: Deadline notifications | Email: owner2@mail.com
[2025-06-23 13:09:55] [INFO] [SUCCESS] Type: Deadline notifications | Email: executor2@mail.com
[2025-06-23 13:09:55] [INFO] [SUCCESS] Type: Deadline notifications | Email: executor3@mail.com
[2025-06-23 13:10:14] [INFO] [NOTIFICATION CODE STARTED]
[2025-06-23 13:10:14] [INFO] [TRY TO FIND SOME TASKS]
[2025-06-23 13:10:14] [INFO] [EVALUATE NOW_TIME]: 2025-06-23 10:10:14.042855+00:00
[2025-06-23 13:10:14] [INFO] [EVALUATE CHECK_TIME]: 2025-06-24 10:10:14.042855+00:00
[2025-06-23 13:10:14] [INFO] [TASK'S DEADLINE IS task1]
[2025-06-23 13:10:14] [INFO] [FINDED 2 TASKS WITH A CLOSE DEADLINE]
[2025-06-23 13:10:15] [INFO] [SUCCESS] Type: Deadline notifications | Email: owner1@mail.com
[2025-06-23 13:10:15] [INFO] [SUCCESS] Type: Deadline notifications | Email: executor1@mail.com
[2025-06-23 13:10:15] [INFO] [SUCCESS] Type: Deadline notifications | Email: owner2@mail.com
[2025-06-23 13:10:15] [INFO] [SUCCESS] Type: Deadline notifications | Email: executor2@mail.com
[2025-06-23 13:10:15] [INFO] [SUCCESS] Type: Deadline notifications | Email: executor3@mail.com
[2025-06-23 13:11:50] [INFO] [NOTIFICATION CODE STARTED]
[2025-06-23 13:11:50] [INFO] [TRY TO FIND SOME TASKS]
[2025-06-23 13:11:50] [INFO] [EVALUATE NOW_TIME]: 2025-06-23 10:11:50.772593+00:00
[2025-06-23 13:11:50] [INFO] [EVALUATE CHECK_TIME]: 2025-06-24 10:11:50.772593+00:00
[2025-06-23 13:11:50] [INFO] [TASK'S DEADLINE IS task1]
[2025-06-23 13:11:50] [INFO] [FINDED 2 TASKS WITH A CLOSE DEADLINE]
[2025-06-23 13:11:51] [INFO] [SUCCESS] Type: Deadline notifications | Email: owner1@mail.com
[2025-06-23 13:11:51] [INFO] [SUCCESS] Type: Deadline notifications | Email: executor1@mail.com
[2025-06-23 13:11:51] [INFO] [SUCCESS] Type: Deadline notifications | Email: owner2@mail.com
[2025-06-23 13:11:51] [INFO] [SUCCESS] Type: Deadline notifications | Email: executor2@mail.com
[2025-06-23 13:11:51] [INFO] [SUCCESS] Type: Deadline notifications | Email: executor3@mail.com
[2025-06-23 13:12:12] [INFO] [NOTIFICATION CODE STARTED]
[2025-06-23 13:12:12] [INFO] [TRY TO FIND SOME TASKS]
[2025-06-23 13:12:12] [INFO] [EVALUATE NOW_TIME]: 2025-06-23 10:12:12.471399+00:00
[2025-06-23 13:12:12] [INFO] [EVALUATE CHECK_TIME]: 2025-06-24 10:12:12.471399+00:00
[2025-06-23 13:12:12] [INFO] [TASK'S DEADLINE IS task1]
[2025-06-23 13:12:12] [INFO] [FINDED 2 TASKS WITH A CLOSE DEADLINE]
[2025-06-23 13:12:13] [INFO] [SUCCESS] Type: Deadline notifications | Email: owner1@mail.com
[2025-06-23 13:12:13] [INFO] [SUCCESS] Type: Deadline notifications | Email: executor1@mail.com
[2025-06-23 13:12:13] [INFO] [SUCCESS] Type: Deadline notifications | Email: owner2@mail.com
[2025-06-23 13:12:13] [INFO] [SUCCESS] Type: Deadline notifications | Email: executor2@mail.com
[2025-06-23 13:12:13] [INFO] [SUCCESS] Type: Deadline notifications | Email: executor3@mail.com
[2025-06-23 13:12:52] [INFO] [NOTIFICATION CODE STARTED]
[2025-06-23 13:12:52] [INFO] [TRY TO FIND SOME TASKS]
[2025-06-23 13:12:52] [INFO] [EVALUATE NOW_TIME]: 2025-06-23 10:12:52.826936+00:00
[2025-06-23 13:12:52] [INFO] [EVALUATE CHECK_TIME]: 2025-06-24 10:12:52.826936+00:00
[2025-06-23 13:12:52] [INFO] [TASK'S DEADLINE IS task1]
[2025-06-23 13:12:52] [INFO] [FINDED 2 TASKS WITH A CLOSE DEADLINE]
[2025-06-23 13:12:53] [INFO] [SUCCESS] Type: Deadline notifications | Email: owner1@mail.com
[2025-06-23 13:12:53] [INFO] [SUCCESS] Type: Deadline notifications | Email: executor1@mail.com
[2025-06-23 13:12:53] [INFO] [SUCCESS] Type: Deadline notifications | Email: owner2@mail.com
[2025-06-23 13:12:53] [INFO] [SUCCESS] Type: Deadline notifications | Email: executor2@mail.com
[2025-06-23 13:12:53] [INFO] [SUCCESS] Type: Deadline notifications | Email: executor3@mail.com
[2025-06-24 21:11:14] [INFO] [DEADLINE NOTIFICATION CODE STARTED]
[2025-06-24 21:11:14] [INFO] [TRY TO FIND SOME TASKS]
[2025-06-24 21:11:14] [INFO] [EVALUATE NOW_TIME]: 2025-06-24 18:11:14.477766+00:00
[2025-06-24 21:11:14] [INFO] [EVALUATE CHECK_TIME]: 2025-06-25 18:11:14.477766+00:00
[2025-06-24 21:11:14] [INFO] [TASK'S DEADLINE IS task1]
[2025-06-24 21:11:14] [INFO] [FINDED 2 TASKS WITH A CLOSE DEADLINE]
[2025-06-24 21:11:14] [INFO] [SUCCESS] Type: Deadline notifications | Email: owner1@mail.com
[2025-06-24 21:11:14] [INFO] [SUCCESS] Type: Deadline notifications | Email: executor1@mail.com
[2025-06-24 21:11:14] [INFO] [SUCCESS] Type: Deadline notifications | Email: owner2@mail.com
[2025-06-24 21:11:14] [INFO] [SUCCESS] Type: Deadline notifications | Email: executor2@mail.com
[2025-06-24 21:11:14] [INFO] [SUCCESS] Type: Deadline notifications | Email: executor3@mail.com
[2025-06-24 21:12:33] [INFO] [DEADLINE NOTIFICATION CODE STARTED]
[2025-06-24 21:12:33] [INFO] [TRY TO FIND SOME TASKS]
[2025-06-24 21:12:33] [INFO] [EVALUATE NOW_TIME]: 2025-06-24 18:12:33.069980+00:00
[2025-06-24 21:12:33] [INFO] [EVALUATE CHECK_TIME]: 2025-06-25 18:12:33.069980+00:00
[2025-06-24 21:12:33] [INFO] [TASK'S DEADLINE IS task1]
[2025-06-24 21:12:33] [INFO] [FINDED 2 TASKS WITH A CLOSE DEADLINE]
[2025-06-24 21:12:33] [INFO] [SUCCESS] Type: Deadline notifications | Email: owner1@mail.com
[2025-06-24 21:12:33] [INFO] [SUCCESS] Type: Deadline notifications | Email: executor1@mail.com
[2025-06-24 21:12:33] [INFO] [SUCCESS] Type: Deadline notifications | Email: owner2@mail.com
[2025-06-24 21:12:33] [INFO] [SUCCESS] Type: Deadline notifications | Email: executor2@mail.com
[2025-06-24 21:12:33] [INFO] [SUCCESS] Type: Deadline notifications | Email: executor3@mail.com
[2025-06-24 21:15:04] [INFO] [DEADLINE NOTIFICATION CODE STARTED]
[2025-06-24 21:15:04] [INFO] [TRY TO FIND SOME TASKS]
[2025-06-24 21:15:04] [INFO] [EVALUATE NOW_TIME]: 2025-06-24 18:15:04.772270+00:00
[2025-06-24 21:15:04] [INFO] [EVALUATE CHECK_TIME]: 2025-06-25 18:15:04.772270+00:00
[2025-06-24 21:15:04] [INFO] [TASK'S DEADLINE IS task1]
[2025-06-24 21:15:04] [INFO] [FINDED 2 TASKS WITH A CLOSE DEADLINE]
[2025-06-24 21:15:04] [INFO] [SUCCESS] Type: Deadline notifications | Email: owner1@mail.com
[2025-06-24 21:15:04] [INFO] [SUCCESS] Type: Deadline notifications | Email: executor1@mail.com
[2025-06-24 21:15:04] [INFO] [SUCCESS] Type: Deadline notifications | Email: owner2@mail.com
[2025-06-24 21:15:04] [INFO] [SUCCESS] Type: Deadline notifications | Email: executor2@mail.com
[2025-06-24 21:15:04] [INFO] [SUCCESS] Type: Deadline notifications | Email: executor3@mail.com
[2025-06-25 13:51:32] [INFO] [DEADLINE NOTIFICATION CODE STARTED]
[2025-06-25 13:51:32] [INFO] [TRY TO FIND SOME TASKS]
[2025-06-25 13:51:32] [INFO] [EVALUATE NOW_TIME]: 2025-06-25 10:51:32.645902+00:00
[2025-06-25 13:51:32] [INFO] [EVALUATE CHECK_TIME]: 2025-06-26 10:51:32.645902+00:00
[2025-06-25 13:51:32] [INFO] [TASK'S DEADLINE IS task1]
[2025-06-25 13:51:32] [INFO] [FINDED 2 TASKS WITH A CLOSE DEADLINE]
[2025-06-25 13:51:32] [INFO] [SUCCESS] Type: Deadline notifications | Email: owner1@mail.com
[2025-06-25 13:51:32] [INFO] [SUCCESS] Type: Deadline notifications | Email: executor1@mail.com
[2025-06-25 13:51:32] [INFO] [SUCCESS] Type: Deadline notifications | Email: owner2@mail.com
[2025-06-25 13:51:32] [INFO] [SUCCESS] Type: Deadline notifications | Email: executor2@mail.com
[2025-06-25 13:51:32] [INFO] [SUCCESS] Type: Deadline notifications | Email: executor3@mail.com
[2025-06-25 14:06:34] [INFO] [DEADLINE NOTIFICATION CODE STARTED]
[2025-06-25 14:06:34] [INFO] [TRY TO FIND SOME TASKS]
[2025-06-25 14:06:34] [INFO] [EVALUATE NOW_TIME]: 2025-06-25 11:06:34.821788+00:00
[2025-06-25 14:06:34] [INFO] [EVALUATE CHECK_TIME]: 2025-06-26 11:06:34.821788+00:00
[2025-06-25 14:06:34] [INFO] [TASK'S DEADLINE IS task1]
[2025-06-25 14:06:34] [INFO] [FINDED 2 TASKS WITH A CLOSE DEADLINE]
[2025-06-25 14:06:34] [INFO] [SUCCESS] Type: Deadline notifications | Email: owner1@mail.com
[2025-06-25 14:06:34] [INFO] [SUCCESS] Type: Deadline notifications | Email: executor1@mail.com
[2025-06-25 14:06:34] [INFO] [SUCCESS] Type: Deadline notifications | Email: owner2@mail.com
[2025-06-25 14:06:34] [INFO] [SUCCESS] Type: Deadline notifications | Email: executor2@mail.com
[2025-06-25 14:06:34] [INFO] [SUCCESS] Type: Deadline notifications | Email: executor3@mail.com
[2025-06-25 14:42:55] [INFO] [DEADLINE NOTIFICATION CODE STARTED]
[2025-06-25 14:42:55] [INFO] [TRY TO FIND SOME TASKS]
[2025-06-25 14:42:55] [INFO] [EVALUATE NOW_TIME]: 2025-06-25 11:42:55.688515+00:00
[2025-06-25 14:42:55] [INFO] [EVALUATE CHECK_TIME]: 2025-06-26 11:42:55.688515+00:00
[2025-06-25 14:42:55] [INFO] [TASK'S DEADLINE IS task1]
[2025-06-25 14:42:55] [INFO] [FINDED 2 TASKS WITH A CLOSE DEADLINE]
[2025-06-25 14:42:55] [INFO] [SUCCESS] Type: Deadline notifications | Email: owner1@mail.com
[2025-06-25 14:42:55] [INFO] [SUCCESS] Type: Deadline notifications | Email: executor1@mail.com
[2025-06-25 14:42:55] [INFO] [SUCCESS] Type: Deadline notifications | Email: owner2@mail.com
[2025-06-25 14:42:55] [INFO] [SUCCESS] Type: Deadline notifications | Email: executor2@mail.com
[2025-06-25 14:42:55] [INFO] [SUCCESS] Type: Deadline notifications | Email: executor3@mail.com
[2025-06-26 15:59:09] [INFO] [DEADLINE NOTIFICATION CODE STARTED]
[2025-06-26 15:59:09] [INFO] [TRY TO FIND SOME TASKS]
[2025-06-26 15:59:09] [INFO] [EVALUATE NOW_TIME]: 2025-06-26 12:59:09.316887+00:00
[2025-06-26 15:59:09] [INFO] [EVALUATE CHECK_TIME]: 2025-06-27 12:59:09.316887+00:00
[2025-06-26 15:59:09] [INFO] [TASK'S DEADLINE IS task1]
[2025-06-26 15:59:09] [INFO] [FINDED 2 TASKS WITH A CLOSE DEADLINE]
[2025-06-26 15:59:09] [INFO] [SUCCESS] Type: Deadline notifications | Email: owner1@mail.com
[2025-06-26 15:59:09] [INFO] [SUCCESS] Type: Deadline notifications | Email: executor1@mail.com
[2025-06-26 15:59:09] [INFO] [SUCCESS] Type: Deadline notifications | Email: owner2@mail.com
[2025-06-26 15:59:09] [INFO] [SUCCESS] Type: Deadline notifications | Email: executor2@mail.com
[2025-06-26 15:59:09] [INFO] [SUCCESS] Type: Deadline notifications | Email: executor3@mail.com
[2025-06-26 16:15:52] [INFO] [DEADLINE NOTIFICATION CODE STARTED]
[2025-06-26 16:15:52] [INFO] [TRY TO FIND SOME TASKS]
[2025-06-26 16:15:52] [INFO] [EVALUATE NOW_TIME]: 2025-06-26 13:15:52.701613+00:00
[2025-06-26 16:15:52] [INFO] [EVALUATE CHECK_TIME]: 2025-06-27 13:15:52.701613+00:00
[2025-06-26 16:15:52] [INFO] [TASK'S DEADLINE IS task1]
[2025-06-26 16:15:52] [INFO] [FINDED 2 TASKS WITH A CLOSE DEADLINE]
[2025-06-26 16:15:52] [INFO] [SUCCESS] Type: Deadline notifications | Email: owner1@mail.com
[2025-06-26 16:15:52] [INFO] [SUCCESS] Type: Deadline notifications | Email: executor1@mail.com
[2025-06-26 16:15:52] [INFO] [SUCCESS] Type: Deadline notifications | Email: owner2@mail.com
[2025-06-26 16:15:52] [INFO] [SUCCESS] Type: Deadline notifications | Email: executor2@mail.com
[2025-06-26 16:15:52] [INFO] [SUCCESS] Type: Deadline notifications | Email: executor3@mail.com
[2025-06-26 21:48:01] [INFO] [DEADLINE NOTIFICATION CODE STARTED]
[2025-06-26 21:48:01] [INFO] [TRY TO FIND SOME TASKS]
[2025-06-26 21:48:01] [INFO] [EVALUATE NOW_TIME]: 2025-06-26 18:48:01.893138+00:00
[2025-06-26 21:48:01] [INFO] [EVALUATE CHECK_TIME]: 2025-06-27 18:48:01.893138+00:00
[2025-06-26 21:48:01] [INFO] [TASK'S DEADLINE IS task1]
[2025-06-26 21:48:01] [INFO] [FINDED 2 TASKS WITH A CLOSE DEADLINE]
[2025-06-26 21:48:01] [INFO] [SUCCESS] Type: Deadline notifications | Email: owner1@mail.com
[2025-06-26 21:48:01] [INFO] [SUCCESS] Type: Deadline notifications | Email: executor1@mail.com
[2025-06-26 21:48:01] [INFO] [SUCCESS] Type: Deadline notifications | Email: owner2@mail.com
[2025-06-26 21:48:01] [INFO] [SUCCESS] Type: Deadline notifications | Email: executor2@mail.com
[2025-06-26 21:48:01] [INFO] [SUCCESS] Type: Deadline notifications | Email: executor3@mail.com
[2025-06-26 21:51:50] [INFO] [DEADLINE NOTIFICATION CODE STARTED]
[2025-06-26 21:51:50] [INFO] [TRY TO FIND SOME TASKS]
[2025-06-26 21:51:50] [INFO] [EVALUATE NOW_TIME]: 2025-06-26 18:51:50.014760+00:00
[2025-06-26 21:51:50] [INFO] [EVALUATE CHECK_TIME]: 2025-06-27 18:51:50.014760+00:00
[2025-06-26 21:51:50] [INFO] [TASK'S DEADLINE IS task1]
[2025-06-26 21:51:50] [INFO] [FINDED 2 TASKS WITH A CLOSE DEADLINE]
[2025-06-26 21:51:50] [INFO] [SUCCESS] Type: Deadline notifications | Email: owner1@mail.com
[2025-06-26 21:51:50] [INFO] [SUCCESS] Type: Deadline notifications | Email: executor1@mail.com
[2025-06-26 21:51:50] [INFO] [SUCCESS] Type: Deadline notifications | Email: owner2@mail.com
[2025-06-26 21:51:50] [INFO] [SUCCESS] Type: Deadline notifications | Email: executor2@mail.com
[2025-06-26 21:51:50] [INFO] [SUCCESS] Type: Deadline notifications | Email: executor3@mail.com
[2025-06-26 22:02:09] [INFO] [DEADLINE NOTIFICATION CODE STARTED]
[2025-06-26 22:02:09] [INFO] [TRY TO FIND SOME TASKS]
[2025-06-26 22:02:09] [INFO] [EVALUATE NOW_TIME]: 2025-06-26 19:02:09.012652+00:00
[2025-06-26 22:02:09] [INFO] [EVALUATE CHECK_TIME]: 2025-06-27 19:02:09.012652+00:00
[2025-06-26 22:02:09] [INFO] [TASK'S DEADLINE IS task1]
[2025-06-26 22:02:09] [INFO] [FINDED 2 TASKS WITH A CLOSE DEADLINE]
[2025-06-26 22:02:09] [INFO] [SUCCESS] Type: Deadline notifications | Email: owner1@mail.com
[2025-06-26 22:02:09] [INFO] [SUCCESS] Type: Deadline notifications | Email: executor1@mail.com
[2025-06-26 22:02:09] [INFO] [SUCCESS] Type: Deadline notifications | Email: owner2@mail.com
[2025-06-26 22:02:09] [INFO] [SUCCESS] Type: Deadline notifications | Email: executor2@mail.com
[2025-06-26 22:02:09] [INFO] [SUCCESS] Type: Deadline notifications | Email: executor3@mail.com
[2025-06-26 22:12:56] [INFO] [DEADLINE NOTIFICATION CODE STARTED]
[2025-06-26 22:12:56] [INFO] [TRY TO FIND SOME TASKS]
[2025-06-26 22:12:56] [INFO] [EVALUATE NOW_TIME]: 2025-06-26 19:12:56.960881+00:00
[2025-06-26 22:12:56] [INFO] [EVALUATE CHECK_TIME]: 2025-06-27 19:12:56.960881+00:00
[2025-06-26 22:12:56] [INFO] [TASK'S DEADLINE IS task1]
[2025-06-26 22:12:56] [INFO] [FINDED 2 TASKS WITH A CLOSE DEADLINE]
[2025-06-26 22:12:56] [INFO] [SUCCESS] Type: Deadline notifications | Email: owner1@mail.com
[2025-06-26 22:12:56] [INFO] [SUCCESS] Type: Deadline notifications | Email: executor1@mail.com
[2025-06-26 22:12:56] [INFO] [SUCCESS] Type: Deadline notifications | Email: owner2@mail.com
[2025-06-26 22:12:56] [INFO] [SUCCESS] Type: Deadline notifications | Email: executor2@mail.com
[2025-06-26 22:12:56] [INFO] [SUCCESS] Type: Deadline notifications | Email: executor3@mail.com
[2025-06-26 22:48:50] [INFO] [DEADLINE NOTIFICATION CODE STARTED]
[2025-06-26 22:48:50] [INFO] [TRY TO FIND SOME TASKS]
[2025-06-26 22:48:50] [INFO] [EVALUATE NOW_TIME]: 2025-06-26 19:48:50.223000+00:00
[2025-06-26 22:48:50] [INFO] [EVALUATE CHECK_TIME]: 2025-06-27 19:48:50.223000+00:00
[2025-06-26 22:48:50] [INFO] [TASK'S DEADLINE IS task1]
[2025-06-26 22:48:50] [INFO] [FINDED 2 TASKS WITH A CLOSE DEADLINE]
[2025-06-26 22:48:50] [INFO] [SUCCESS] Type: Deadline notifications | Email: owner1@mail.com
[2025-06-26 22:48:50] [INFO] [SUCCESS] Type: Deadline notifications | Email: executor1@mail.com
[2025-06-26 22:48:50] [INFO] [SUCCESS] Type: Deadline notifications | Email: owner2@mail.com
[2025-06-26 22:48:50] [INFO] [SUCCESS] Type: Deadline notifications | Email: executor2@mail.com
[2025-06-26 22:48:50] [INFO] [SUCCESS] Type: Deadline notifications | Email: executor3@mail.com
[2025-06-27 15:03:55] [INFO] [DEADLINE NOTIFICATION CODE STARTED]
[2025-06-27 15:03:55] [INFO] [TRY TO FIND SOME TASKS]
[2025-06-27 15:03:55] [INFO] [EVALUATE NOW_TIME]: 2025-06-27 12:03:55.135703+00:00
[2025-06-27 15:03:55] [INFO] [EVALUATE CHECK_TIME]: 2025-06-28 12:03:55.135703+00:00
[2025-06-27 15:03:55] [INFO] [TASK'S DEADLINE IS task1]
[2025-06-27 15:03:55] [INFO] [FINDED 2 TASKS WITH A CLOSE DEADLINE]
[2025-06-27 15:03:55] [INFO] [SUCCESS] Type: Deadline notifications | Email: owner1@mail.com
[2025-06-27 15:03:55] [INFO] [SUCCESS] Type: Deadline notifications | Email: executor1@mail.com
[2025-06-27 15:03:55] [INFO] [SUCCESS] Type: Deadline notifications | Email: owner2@mail.com
[2025-06-27 15:03:55] [INFO] [SUCCESS] Type: Deadline notifications | Email: executor2@mail.com
[2025-06-27 15:03:55] [INFO] [SUCCESS] Type: Deadline notifications | Email: executor3@mail.com
[2025-06-27 15:18:12] [INFO] [DEADLINE NOTIFICATION CODE STARTED]
[2025-06-27 15:18:12] [INFO] [TRY TO FIND SOME TASKS]
[2025-06-27 15:18:12] [INFO] [EVALUATE NOW_TIME]: 2025-06-27 12:18:12.024558+00:00
[2025-06-27 15:18:12] [INFO] [EVALUATE CHECK_TIME]: 2025-06-28 12:18:12.024558+00:00
[2025-06-27 15:18:12] [INFO] [TASK'S DEADLINE IS task1]
[2025-06-27 15:18:12] [INFO] [FINDED 2 TASKS WITH A CLOSE DEADLINE]
[2025-06-27 15:18:12] [INFO] [SUCCESS] Type: Deadline notifications | Email: owner1@mail.com
[2025-06-27 15:18:12] [INFO] [SUCCESS] Type: Deadline notifications | Email: executor1@mail.com
[2025-06-27 15:18:12] [INFO] [SUCCESS] Type: Deadline notifications | Email: owner2@mail.com
[2025-06-27 15:18:12] [INFO] [SUCCESS] Type: Deadline notifications | Email: executor2@mail.com
[2025-06-27 15:18:12] [INFO] [SUCCESS] Type: Deadline notifications | Email: executor3@mail.com
[2025-06-28 17:38:09] [INFO] [DEADLINE NOTIFICATION CODE STARTED]
[2025-06-28 17:38:09] [INFO] [TRY TO FIND SOME TASKS]
[2025-06-28 17:38:09] [INFO] [EVALUATE NOW_TIME]: 2025-06-28 14:38:09.466516+00:00
[2025-06-28 17:38:09] [INFO] [EVALUATE CHECK_TIME]: 2025-06-29 14:38:09.466516+00:00
[2025-06-28 17:38:09] [INFO] [TASK'S DEADLINE IS task1]
[2025-06-28 17:38:09] [INFO] [FINDED 2 TASKS WITH A CLOSE DEADLINE]
[2025-06-28 17:38:09] [INFO] [SUCCESS] Type: Deadline notifications | Email: owner1@mail.com
[2025-06-28 17:38:09] [INFO] [SUCCESS] Type: Deadline notifications | Email: executor1@mail.com
[2025-06-28 17:38:09] [INFO] [SUCCESS] Type: Deadline notifications | Email: owner2@mail.com
[2025-06-28 17:38:09] [INFO] [SUCCESS] Type: Deadline notifications | Email: executor2@mail.com
[2025-06-28 17:38:09] [INFO] [SUCCESS] Type: Deadline notifications | Email: executor3@mail.com
[2025-06-28 20:41:55] [INFO] [DEADLINE NOTIFICATION CODE STARTED]
[2025-06-28 20:41:55] [INFO] [TRY TO FIND SOME TASKS]
[2025-06-28 20:41:55] [INFO] [EVALUATE NOW_TIME]: 2025-06-28 17:41:55.432689+00:00
[2025-06-28 20:41:55] [INFO] [EVALUATE CHECK_TIME]: 2025-06-29 17:41:55.432689+00:00
[2025-06-28 20:41:55] [INFO] [TASK'S DEADLINE IS task1]
[2025-06-28 20:41:55] [INFO] [FINDED 2 TASKS WITH A CLOSE DEADLINE]
[2025-06-28 20:41:55] [INFO] [SUCCESS] Type: Deadline notifications | Email: owner1@mail.com
[2025-06-28 20:41:55] [INFO] [SUCCESS] Type: Deadline notifications | Email: executor1@mail.com
[2025-06-28 20:41:55] [INFO] [SUCCESS] Type: Deadline notifications | Email: owner2@mail.com
[2025-06-28 20:41:55] [INFO] [SUCCESS] Type: Deadline notifications | Email: executor2@mail.com
[2025-06-28 20:41:55] [INFO] [SUCCESS] Type: Deadline notifications | Email: executor3@mail.com
[2025-06-30 22:27:03] [INFO] [DEADLINE NOTIFICATION CODE STARTED]
[2025-06-30 22:27:03] [INFO] [TRY TO FIND SOME TASKS]
[2025-06-30 22:27:03] [INFO] [EVALUATE NOW_TIME]: 2025-06-30 19:27:03.989494+00:00
[2025-06-30 22:27:03] [INFO] [EVALUATE CHECK_TIME]: 2025-07-01 19:27:03.989494+00:00
[2025-06-30 22:27:03] [INFO] [TASK'S DEADLINE IS task1]
[2025-06-30 22:27:03] [INFO] [FINDED 2 TASKS WITH A CLOSE DEADLINE]
[2025-06-30 22:27:04] [INFO] [SUCCESS] Type: Deadline notifications | Email: owner1@mail.com
[2025-06-30 22:27:04] [INFO] [SUCCESS] Type: Deadline notifications | Email: executor1@mail.com
[2025-06-30 22:27:04] [INFO] [SUCCESS] Type: Deadline notifications | Email: owner2@mail.com
[2025-06-30 22:27:04] [INFO] [SUCCESS] Type: Deadline notifications | Email: executor2@mail.com
[2025-06-30 22:27:04] [INFO] [SUCCESS] Type: Deadline notifications | Email: executor3@mail.com
[2025-06-30 22:32:51] [INFO] [DEADLINE NOTIFICATION CODE STARTED]
[2025-06-30 22:32:51] [INFO] [TRY TO FIND SOME TASKS]
[2025-06-30 22:32:51] [INFO] [EVALUATE NOW_TIME]: 2025-06-30 19:32:51.930827+00:00
[2025-06-30 22:32:51] [INFO] [EVALUATE CHECK_TIME]: 2025-07-01 19:32:51.930827+00:00
[2025-06-30 22:32:51] [INFO] [TASK'S DEADLINE IS task1]
[2025-06-30 22:32:51] [INFO] [FINDED 2 TASKS WITH A CLOSE DEADLINE]
[2025-06-30 22:32:51] [INFO] [SUCCESS] Type: Deadline notifications | Email: owner1@mail.com
[2025-06-30 22:32:51] [INFO] [SUCCESS] Type: Deadline notifications | Email: executor1@mail.com
[2025-06-30 22:32:51] [INFO] [SUCCESS] Type: Deadline notifications | Email: owner2@mail.com
[2025-06-30 22:32:51] [INFO] [SUCCESS] Type: Deadline notifications | Email: executor2@mail.com
[2025-06-30 22:32:51] [INFO] [SUCCESS] Type: Deadline notifications | Email: executor3@mail.com
